3 213 53 132
3 242 222 235
3 271 270 57
3 259 66 108
3 33 24 2
3 12 17 6
3 156 46 221
3 141 299 20
3 265 286 269
3 293 199 167
3 75 166 5
3 256 122 188
3 68 99 176
3 59 115 157
3 112 231 40
3 180 263 137
3 282 267 163
3 288 86 200
3 296 172 139
3 10 64 124
3 185 280 58
3 181 291 171
3 152 268 47
3 285 118 81
3 196 56 164
3 0 183 87
3 114 191 91
3 106 93 239
3 95 100 61
3 243 34 36
3 111 175 262
3 121 193 18
3 212 253 79
3 101 38 227
3 119 211 198
3 127 187 158
3 201 52 215
3 216 117 136
3 96 229 202
3 272 22 250
3 98 230 189
3 11 246 144
3 43 169 60
3 219 51 145
3 258 130 149
3 13 278 78
3 126 9 32
3 161 134 37
3 205 225 69
3 16 45 297
3 104 7 298
3 85 26 277
3 290 255 65
3 48 55 97
3 63 165 218
3 54 3 102
3 244 4 178
3 206 168 113
3 170 109 240
3 25 274 71
3 80 254 283
3 260 264 252
3 135 90 153
3 94 234 236
3 154 8 287
3 89 186 82
3 131 275 138
3 214 110 159
3 284 220 237
3 49 251 105
3 151 147 133
3 1 173 266
3 249 247 150
3 257 184 174
3 140 44 228
3 67 279 160
3 233 182 209
3 223 84 217
3 224 31 292
3 15 120 125
3 245 29 14
3 143 128 62
3 226 192 177
3 73 129 92
3 203 30 74
3 21 195 241
3 116 261 281
3 294 41 35
3 148 210 190
3 50 238 19
3 204 88 162
3 207 28 123
3 276 77 142
3 83 194 197
3 208 232 39
3 155 23 146
3 295 72 273
3 42 179 70
3 103 76 107
3 289 248 27
