28 8671 9844 3814 8727 6047 7114 6153 6665 2169 9418 1346 9940 1657 8816 4449 9157 3982 7703 142 7995 2939 7035 964 8764 786 9881 1116 9181
28 3729 8380 13 3682 3832 1242 2920 4354 2457 5133 3142 2600 3245 8693 3281 8705 6732 6866 2932 1093 3109 5140 4884 8653 1384 4306 2134 8770
28 5670 7137 6626 1593 5697 6271 6205 3652 6552 4779 7422 1847 177 8443 8860 8333 6938 2795 622 8153 3874 9090 1172 7423 6550 6752 2744 7301
28 6755 5187 4827 8434 6236 6103 1004 8471 7728 4219 3258 8722 7367 7335 782 7549 2493 6839 1765 5722 4478 7300 6912 9707 9212 6083 1335 9549
28 370 6420 4822 2437 7045 5780 3456 6111 591 1957 5744 5845 8700 3443 2782 4272 7511 5095 1812 5537 2023 6862 9838 8923 564 5618 4500 6606
28 3248 2226 2320 9658 8181 5943 6828 1822 9929 9236 4128 4939 5709 1423 4467 9561 7822 3340 3732 5322 5806 5730 417 8885 1024 8580 27 6446
28 1379 866 4587 5042 4228 2398 2097 8553 1444 8784 5008 4241 7658 808 9377 6085 645 853 7433 3423 6018 2807 5410 8268 2287 5916 2100 5875
28 5186 3785 3115 2859 4249 129 3419 2864 4727 7229 428 2575 8839 7540 9023 5354 97 9305 1261 1344 7851 4011 6157 8217 4569 1052 3535 2633
28 9435 1584 4887 5751 8586 9687 1213 2040 7459 186 1333 506 9179 2834 9034 1351 5513 164 2534 121 8820 9875 7769 7140 5242 2010 8459 9702
28 6119 2846 644 9830 8609 9354 7805 7064 7535 6256 1859 5796 1373 2462 7421 1150 5962 8457 2753 29 9447 5010 803 3737 7868 1113 2630 8946
28 5961 2668 2567 4846 9343 7841 173 2622 8691 5348 5276 4504 2472 1763 3747 407 596 2331 6239 1858 830 908 1587 2358 9309 6503 2924 7008
28 9615 7550 1084 6870 4161 7385 6042 2563 1055 5309 5342 3641 3805 36 6598 4885 4108 1092 6949 1308 1267 123 3370 1863 1648 5652 9846 2323
28 7329 3393 2485 4929 2775 7237 1359 1314 5687 1758 7380 8931 4163 9334 5113 4008 5406 532 8208 8290 2876 9648 5907 6034 3933 1439 5634 9244
28 5071 6919 5842 4706 4468 3037 4789 6247 1795 81 8128 4786 1300 7202 2844 181 6176 1061 3683 5836 8304 1416 8213 4496 4991 9169 6518 6632
28 6896 5090 3338 2745 8369 9660 10 4740 2350 8849 8821 28 6501 4363 6056 6676 219 809 4650 2631 9443 3610 1053 4039 7334 9047 1151 5081
28 572 7122 9325 8625 8406 4810 325 3635 3368 8148 9512 8685 7748 9871 3630 2898 3844 451 9652 1424 843 1189 1559 3433 9769 7136 2445 1507
28 6264 7852 1176 8035 8715 1376 2009 3425 7461 8099 57 1780 8110 1253 5020 509 6414 4438 1961 7964 4910 5347 4084 462 2763 2189 4875 1490
28 9099 3135 1581 7594 5024 9455 3665 1636 6131 2624 8555 1161 1675 1100 7259 8164 7318 2620 2602 3988 5263 1542 4245 7791 3939 6147 7413 7601
28 6074 9264 3526 6312 5226 4691 8377 7680 2146 8490 4606 8571 4510 4043 122 7644 8439 2452 4957 730 5563 690 4796 5201 7829 5998 8484 902
28 5850 4379 653 5957 2229 4099 1144 4097 2188 72 7424 7432 7306 5454 324 2511 8468 1805 5664 8606 6730 607 9412 4368 1814 5384 2183 540
28 1247 8376 2091 2662 4923 3979 1323 665 4338 9834 8449 3181 205 4542 5170 2473 317 9819 2098 8150 8698 9086 1428 3112 2141 4946 3955 9224
28 5440 6591 9113 1146 8916 2212 3731 9902 1979 7290 529 4141 4580 9219 9950 9588 919 6388 9340 7860 4663 8540 1850 7839 5965 3921 4644 4759
28 2836 752 2288 33 9026 8887 5808 4607 2645 362 3271 2382 5197 5653 94 4632 1016 4472 160 3954 2385 7758 2699 6419 1983 3845 5379 4491
28 4372 7124 5361 2810 214 2353 7370 7034 263 5245 3439 6627 153 100 799 4591 3623 2663 1057 3007 8510 6328 9156 5758 3953 3538 373 723
28 3099 5304 7948 40 2570 1715 2460 3620 1734 9754 9738 2045 1534 9100 2883 4120 6750 9991 3220 2801 457 2855 9292 3278 6198 9655 4386 9672
28 9835 9417 9977 7714 5514 7281 3046 2815 7526 7903 4655 9423 1598 4401 3177 3999 832 8533 3471 9225 2391 3950 1582 717 6707 9419 5076 8947
28 3778 9422 8356 5885 3515 5129 1900 560 2235 9231 3790 7392 4089 3126 3572 3154 2772 6377 3911 8970 3802 332 2935 8760 796 7760 7328 8880
28 852 4665 7678 1163 5389 4840 3689 9037 2566 7930 5459 1329 8397 8219 8751 389 2965 3184 7746 6211 4336 6795 6534 6517 4356 7048 8496 6967
28 696 1142 8640 9697 9320 3529 4477 7647 3523 6284 9604 151 8654 7077 274 9791 4080 1162 8636 3603 2521 5386 611 5033 7187 2065 8608 5787
28 9199 662 1348 1984 3713 1592 6405 3392 7533 5131 204 7241 1378 6712 327 3517 5204 9678 8834 2597 4407 5220 4088 2044 7666 9270 984 5660
28 1248 9822 5120 7904 491 5834 1925 56 1496 952 385 7120 1569 4990 536 3295 5243 9989 1322 2418 7642 5645 4429 1649 86 7635 4586 139
28 9502 616 8392 7393 4783 5508 7232 5147 4224 48 8453 4243 2450 3324 2346 8175 5657 8138 1827 1638 8933 5642 6840 1641 8346 7147 6323 5586
28 8521 4848 1594 8854 127 224 7880 3795 235 7949 9503 2617 3445 1597 4355 3706 7558 7209 4999 965 3563 3700 7016 1409 711 3913 8837 6953
28 4622 4415 1083 7999 1082 8182 1250 3528 1121 6299 3916 2577 3518 9737 4922 2015 7814 4653 5649 719 5012 4065 9480 1008 2413 2520 1328 3906
28 9689 3300 5587 9553 7296 7161 3255 1115 1361 5188 4552 8744 3725 4682 2181 6532 490 7362 7652 8436 7849 1356 2465 6553 5047 8418 3285 8939
28 8552 2988 7005 7073 7682 1539 3615 6020 3495 5073 6694 1324 4688 3350 2426 4029 2041 7134 9234 1740 5088 1204 9559 3685 9971 6366 4023 8357
28 7902 5139 9348 4122 8482 1239 5313 3733 8430 4046 7705 1174 5764 8519 3244 1852 3557 6649 1575 1430 6942 315 9677 1465 223 103 7744 8082
28 9607 1012 735 8486 7882 2993 7562 3397 2232 1788 9853 9395 8476 5367 4730 448 4798 5456 3892 8087 7094 8534 1155 7536 3561 9136 9742 6713
28 5986 3420 9287 7661 9765 704 1169 2455 2321 6520 4676 5926 8984 3485 4800 9657 6952 4054 6222 5602 7925 7754 1619 6803 6687 1080 1067 5778
28 6470 1633 9826 6677 3577 701 7819 236 3110 2802 8789 5882 9093 1097 7397 5258 3313 1205 8652 2868 3446 4252 1933 3598 8291 283 3829 1778
28 7771 7681 3779 9327 7619 1442 1995 5963 323 1313 71 3263 273 5560 8157 9639 865 8000 2871 8330 8072 1580 2799 1102 1168 9735 6843 1386
28 1533 9401 3843 8149 4077 9075 5503 3781 5164 893 2538 279 974 6631 8292 4762 5490 3663 6266 7980 5291 9917 4330 963 2414 9209 8246 1108
28 2650 4451 3294 5676 9215 8757 4695 8554 8198 7468 8873 6963 3140 5464 922 4535 6541 1321 7310 5731 7287 8908 5964 8643 3304 6078 430 90
28 9855 3236 9907 8239 2422 6146 8416 4671 8373 6404 594 5566 6681 648 4331 4050 6683 8485 7636 1292 8300 6763 6004 5268 3920 5540 4685 8600
28 2048 8927 2999 6148 1872 9308 8492 4431 7351 4 1173 8365 3753 499 4764 7702 2085 6174 294 9621 9440 3833 6499 3147 3983 1906 5391 7001
28 9128 3728 3358 3862 3463 2754 9416 501 1218 2531 2903 9714 6397 257 8951 9612 5794 2724 3292 8614 2937 485 6971 1891 5855 8546 7519 6044
28 7278 9458 2797 8595 1803 2543 1263 5489 2677 4230 3312 5397 6539 7119 6137 7449 5800 7962 5750 2695 4104 8635 9796 6778 1997 9583 5779 5525
28 6071 5067 9158 6927 2918 1234 4675 4134 5372 3762 4057 2501 8095 3305 3811 9555 9206 6791 7510 9168 1724 8351 9963 255 3551 9272 7416 4517
28 5034 5015 8441 6653 5424 4145 1207 1143 7845 2584 7616 1766 1865 2823 8056 3042 3783 3992 7950 5641 2593 5116 6511 8137 4297 8734 7417 1999
28 5429 9339 459 5938 5935 3369 2375 6594 2952 9958 4866 6315 3149 2432 188 9756 7363 3960 2239 5415 6490 217 7848 8070 7250 6267 2187 777
28 4130 3716 8932 6330 2248 8139 3786 1720 3496 8905 7152 5045 4208 9536 7516 8982 9126 8535 5027 9413 8006 7625 8447 2278 7437 1514 5761 230
28 6492 7038 4093 2027 3212 6954 8998 885 8034 2910 7865 4305 2743 5982 7690 6280 8561 7219 6816 4962 453 6201 2832 1764 8893 7492 7101 9861
28 2492 4129 4471 463 6207 8778 9076 8835 9333 3367 6872 2689 5619 3910 8613 6128 2063 3465 8301 4300 3705 4896 5070 174 1730 4012 8191 8739
28 3050 7577 6255 402 4745 7789 45 1096 2665 4819 7325 6613 9164 5119 1928 3158 3359 765 629 5966 5624 1750 5606 9080 2635 1640 2264 6572
28 4495 195 8227 3739 5169 7578 3323 9801 3519 3591 1947 6069 5086 3020 3321 1296 7871 7858 1937 9863 3690 6178 6772 7476 9534 8396 3671 3946
28 8107 4803 333 2682 5865 3709 2800 2786 7179 3198 9776 4290 5336 938 5273 60 8031 9369 2246 9751 5419 5408 7587 6360 9709 5325 9303 1330
28 3793 9915 8203 1710 7503 1443 4912 2858 9405 3730 414 3143 6149 8930 8699 8582 1817 9217 5053 9634 8662 3586 8069 2778 3656 4133 9680 8612
28 4162 5928 8593 5267 9629 4018 7905 4560 8147 2210 2174 1186 6609 995 1804 5720 8407 6962 5691 8414 2490 3122 692 1226 6980 1678 890 5873
28 9040 3925 5224 4188 6537 598 4166 4239 8782 3483 184 22 6635 7777 3678 4153 8506 2124 6892 7671 4868 2740 1407 21 9411 7567 1320 4806
28 8100 6684 8514 9975 571 818 216 487 2304 551 729 8413 1056 2831 5228 3745 742 1167 3502 7327 8442 1862 5211 3958 2313 837 2954 6171
28 7258 4651 9501 3555 5661 7231 4579 125 7330 7090 2115 7831 6367 4965 6507 2894 911 320 2539 8684 9823 4737 6427 9516 2459 9098 6440 4296
28 975 1856 3374 8260 278 3608 4838 7443 7794 5191 6413 4285 9781 7517 9860 1389 8539 7676 5122 6871 310 4399 8928 7628 6849 3371 1787 3947
28 5798 3081 1946 7698 2425 1009 9749 2034 8819 4081 8173 4074 1744 5350 4037 329 9920 6015 7399 2373 6764 2378 9715 7166 9564 9762 2005 3601
28 7830 603 6139 5592 3302 9247 4649 492 9665 3331 9866 2723 3717 2748 8881 7170 1410 9431 1252 1417 8195 1217 2056 3306 2159 9133 9767 3123
28 3545 7092 9296 4917 7285 7654 5121 7559 1448 1959 578 1419 1362 2103 3576 5564 7480 5625 1921 767 288 6975 2514 1938 3914 7719 4127 1107
28 7725 5579 2592 4193 6612 5996 5301 2110 2555 872 2032 685 1577 1752 5654 1651 875 3114 2079 8118 815 43 5368 1595 7257 7050 4325 5705
28 9004 3537 5927 9335 5250 708 614 1706 5656 618 9591 8622 4284 9811 8547 1260 1702 7986 5176 3574 3071 7686 6165 1285 7891 5985 6596 5488
28 7135 8888 6007 2209 3272 318 3230 5877 6833 8345 2279 7264 5199 4317 2818 4367 5571 7145 1994 6924 4082 6744 8209 1238 8859 8852 2588 4487
28 1954 7273 8966 7248 3902 9383 2874 4238 9319 4001 8658 6564 9152 3072 3609 6125 3477 6999 3461 3389 3825 3575 1310 8898 9587 8818 5899 2930
28 630 2193 182 3580 8458 3763 5317 2396 4003 3005 9382 4901 7662 2819 4549 3316 8379 5967 8761 3191 5381 3468 3831 8763 9748 6216 7337 2615
28 9189 3356 1069 3376 1513 2816 5452 8066 6809 2989 7406 2427 9210 695 6983 1367 1768 5795 9060 1837 9116 2808 3890 6504 3171 7951 8183 7992
28 4733 2573 4341 8017 8827 1840 7565 5173 652 8172 9177 9228 445 9530 8891 5892 9421 4801 1492 9976 5214 1340 5848 6279 7663 6030 25 7919
28 6644 6107 4834 7959 2582 6122 9858 3286 1779 268 510 6575 4439 7843 3978 9839 4772 1573 8420 7792 5545 9081 7664 8036 9003 5702 5823 6688
28 7479 9535 8695 7398 8661 5060 334 7591 7608 519 5923 3481 8587 7810 4021 9406 26 9722 8808 7056 5576 6014 7969 2036 8920 3996 9104 4944
28 9829 2149 9951 3341 8809 4852 454 2914 675 5710 7898 7750 474 5866 4555 9316 245 8321 2205 6672 6619 4366 968 1820 5281 2899 657 4244
28 4818 8740 3150 5285 9514 4673 2648 9937 705 3457 9956 6155 1025 3782 6082 5771 797 7859 5535 6304 1875 4294 1068 1047 9336 6834 3348 2389
28 9068 3148 7312 5411 3174 8598 2655 801 1398 9129 4073 4348 5516 1489 6224 6951 6584 7545 6798 4936 2464 3208 2047 3136 3074 6574 3666 1303
28 232 6106 5577 3061 5002 8337 4743 9568 4002 3381 9949 639 9028 5096 1350 2767 8788 4780 1408 1215 4481 518 4346 198 3166 6561 3863 8016
28 534 5035 3118 1191 5146 7058 7143 6576 4030 1742 6182 5441 9469 1119 1617 2692 8 9782 3990 341 5039 9166 9191 7272 3879 4214 4958 5294
28 5003 3090 7910 1892 7125 3470 9623 3252 5380 599 3823 5278 689 7132 3936 9222 810 7438 5867 6913 1184 7584 3629 1864 9350 3929 5054 4916
28 85 5468 8986 429 4904 3013 1486 8879 3636 9249 9110 4343 6091 6476 7659 8068 941 4006 391 5108 4191 7080 6533 1397 285 3351 6307 3205
