25 0 387 797 1207 1604 1999 2402 2796 3203 3606 4011 4410 4801 5203 5611 5985 6401 6797 7185 7602 8008 8397 8800 9198 9597
25 945 397 798 1209 1582 2000 2389 2803 3204 3582 4013 4411 4802 5204 5588 5987 6402 6807 7210 7603 8009 8398 8797 9199 9598
25 41 384 799 1182 1602 2001 2396 2804 3205 3598 4014 4400 4803 5205 5590 6005 6404 6808 7211 7604 8010 8399 8798 9205 9599
25 1 386 801 1197 1606 2002 2403 2805 3182 3600 4005 4412 4804 5185 5585 6006 6397 6809 7209 7608 8011 8400 8801 9200 9600
25 2141 393 802 1201 1607 2004 2404 2785 3206 3604 4009 4413 4805 5206 5591 6008 6421 6787 7187 7609 7996 8401 8803 9206 9602
25 4 395 803 1208 1608 2003 2406 2806 3208 3607 4016 4414 4807 5207 5594 6007 6405 6798 7192 7598 8000 8402 8804 9208 9603
25 2142 398 804 1210 1609 2005 2408 2807 3189 3608 4020 4390 4806 5208 5605 6012 6407 6806 7194 7591 8013 8403 8806 9209 9610
25 5 399 805 1212 1605 2006 2409 2794 3194 3595 3994 4397 4810 5209 5612 6009 6408 6810 7201 7599 8014 8404 8802 9215 9612
25 6 400 806 1215 1613 2007 2410 2808 3209 3609 4000 4402 4783 5210 5599 6010 6410 6811 7212 7605 8015 8405 8807 9216 9607
25 7 402 808 1195 1598 2008 2411 2809 3210 3610 4001 4403 4813 5198 5614 6011 6406 6802 7213 7607 8016 8406 8808 9207 9614
25 9 404 812 1198 1599 2009 2412 2810 3211 3614 4007 4406 4814 5211 5607 6013 6409 6813 7216 7606 8001 8407 8811 9219 9615
25 8 405 813 1199 1610 2010 2414 2811 3212 3616 4006 4407 4808 5212 5609 6014 6411 6814 7217 7610 8012 8408 8810 9201 9616
25 11 406 817 1202 1612 2011 2415 2812 3213 3611 4010 4415 4815 5190 5613 6015 6412 6785 7200 7611 8018 8409 8812 9213 9617
25 14 407 823 1204 1611 2012 2407 2813 3207 3612 4017 4417 4816 5213 5615 6016 6403 6790 7202 7612 8017 8410 8813 9204 9618
25 15 408 809 1211 1614 2014 2413 2814 3214 3613 3992 4392 4819 5214 5617 6017 6413 6815 7206 7613 8019 8411 8805 9203 9619
25 2 409 821 1213 1615 2013 2416 2815 3215 3615 3995 4401 4809 5215 5616 6018 6414 6816 7214 7614 8020 8412 8815 9210 9620
25 3 410 824 1214 1617 2015 2417 2816 3216 3617 4026 4416 4811 5216 5619 6020 6415 6812 7215 7615 8021 8413 8816 9212 9604
25 10 411 822 1216 1620 2016 2405 2817 3217 3618 4028 4418 4812 5217 5618 6019 6416 6817 7218 7616 8022 8414 8817 9214 9623
25 16 412 811 1217 1616 2017 2418 2818 3218 3619 3998 4419 4817 5218 5620 6021 6417 6818 7220 7617 8023 8415 8820 9217 9622
25 13 413 825 1218 1618 2018 2419 2819 3219 3620 4004 4420 4818 5219 5621 6023 6418 6819 7219 7618 7705 8416 8821 9218 9624
25 12 417 814 1219 1619 2019 2420 2820 3220 3622 4012 4421 4820 5220 5624 6025 6422 6820 7221 7619 7706 8417 8822 9220 9625
25 17 415 815 1220 1621 2020 2421 2821 3221 3623 4015 4423 4821 5221 5625 6029 6419 6821 7222 7620 7707 8418 8823 9221 9626
25 18 414 816 1221 1624 2021 2423 2824 3222 3624 4018 4428 4823 5222 5626 6030 6424 6822 7204 7621 8024 8419 8809 9222 9627
25 19 416 819 1222 1625 2022 2424 2828 3223 3625 4029 4429 4829 5225 5628 6031 6425 6823 7223 7622 8025 8420 8818 9223 9611
25 20 419 826 1223 1622 2023 2426 2825 3225 3627 4019 4430 4833 5227 5622 6033 6426 6824 7224 7623 7946 8421 8826 9226 9605
25 21 420 827 1224 1627 2024 2422 2829 3226 3628 4030 4431 4825 5228 5623 6027 6427 6825 7225 7624 8002 8422 8814 9224 9601
25 22 418 807 1226 1623 2026 2428 2826 3228 3629 4031 4432 4822 5231 5629 6032 6428 6826 7227 7625 8026 8423 8827 9225 9606
25 23 421 810 1227 1630 2025 2429 2827 3230 3630 4032 4435 4828 5223 5630 6034 6429 6830 7228 7626 8027 8424 8819 9227 9613
25 24 422 818 1228 1631 2027 2431 2830 3231 3631 4033 4436 4830 5224 5631 6035 6430 6831 7229 7627 7678 8425 8824 9228 9628
25 25 403 828 1231 1634 2028 2432 2831 3232 3632 4034 4437 4831 5229 5632 6036 6436 6832 7230 7628 8029 8426 8828 9229 9629
25 26 423 829 1232 1635 2029 2433 2832 3233 3621 4035 4422 4832 5230 5634 6037 6437 6833 7226 7629 8030 8427 8825 9240 9609
25 27 424 830 1229 1628 2031 2434 2823 3229 3636 4024 4426 4834 5232 5635 6038 6438 6827 7236 7630 8031 8428 8833 9211 9630
25 28 425 831 1233 1629 2032 2435 2833 3236 3639 4027 4439 4839 5233 5636 6039 6423 6834 7237 7631 8032 8435 8834 9230 9621
25 29 426 832 1234 1637 2033 2436 2834 3224 3640 4036 4434 4824 5234 5627 6040 6435 6835 7240 7633 8033 8434 8835 9231 9631
25 30 427 820 1235 1640 2034 2425 2835 3239 3641 4037 4440 4826 5226 5633 6041 6439 6836 7243 7636 8034 8437 8836 9232 9632
25 31 428 833 1236 1644 2035 2439 2837 3240 3643 4038 4441 4837 5235 5637 6042 6440 6837 7314 7637 8035 8438 8837 9233 9608
25 32 429 834 1237 1636 2036 2430 2822 3241 3646 4039 4433 4838 5237 5638 6044 6442 6838 7232 7638 8036 8429 8838 9234 9633
25 33 431 835 1225 1639 2037 2437 2836 3237 3634 4040 4443 4840 5238 5639 6048 6431 6839 7246 7640 8037 8430 8839 9235 9634
25 34 433 836 1230 1626 2039 2438 2838 3243 3645 4041 4438 4842 5239 5640 6024 6433 6840 7231 7643 8038 8433 8840 9236 9635
25 35 401 837 1238 1632 2040 2440 2839 3245 3626 4042 4446 4843 5240 5641 6026 6434 6841 7239 7644 8039 8436 8841 9237 9636
25 36 434 800 1240 1633 2038 2441 2840 3242 3635 4043 4450 4835 5241 5642 6028 6443 6842 7241 7639 8040 8440 8842 9238 9637
25 37 435 838 1241 1638 2041 2442 2841 3244 3638 4025 4424 4841 5243 5643 6045 6445 6843 7245 7645 8041 8444 8843 9239 9638
25 38 436 839 1242 1641 2042 2446 2842 3247 3642 4044 4445 4845 5236 5646 6047 6447 6845 7247 7632 8042 8431 8844 9242 9640
25 39 430 841 1243 1642 2043 2453 2843 3249 3644 4045 4452 4847 5242 5647 6049 6449 6848 7248 7634 8043 8439 8845 9244 9641
25 40 439 842 1245 1643 2044 2443 2844 3227 3647 4046 4425 4827 5244 5648 6050 6451 6861 7249 7641 8044 8445 8846 9245 9643
25 42 440 843 1239 1646 2045 2444 2845 3250 3648 4022 4427 4844 5245 5649 6051 6432 6862 7250 7646 8045 8446 8847 9246 9645
25 43 442 844 1244 1648 2030 2447 2846 3251 3649 4047 4444 4846 5246 5650 6052 6453 6863 7251 7647 8046 8442 8848 9247 9644
25 45 443 846 1246 1649 2046 2448 2847 3234 3650 4048 4447 4848 5247 5651 6053 6455 6828 7252 7648 8047 8447 8849 9249 9646
25 48 445 848 1247 1650 2047 2449 2848 3235 3633 4049 4451 4836 5249 5654 5418 6456 6864 7253 7642 8048 8448 8850 9243 9647
25 50 444 851 1248 1645 2048 2450 2849 3238 3637 4050 4453 4849 5251 5655 6043 6457 6865 7234 7649 8049 8449 8851 9252 9648
25 52 446 845 1249 1651 2049 2451 2850 3248 3651 4051 4454 4850 5252 5656 5419 6441 6829 7233 7653 8050 8450 8852 9254 9649
25 53 447 852 1250 1652 2050 2452 2851 3252 3652 4052 4455 4851 5253 5658 6022 6444 6844 7254 7654 8051 8443 8853 9241 9650
25 44 448 853 1251 1653 2051 2427 2852 3253 3653 4053 4442 4852 5254 5644 6046 6446 6846 7235 7650 8052 8451 8854 9255 9651
25 54 455 854 1252 1655 2052 2454 2853 3246 3654 4054 4448 4854 5256 5645 6054 6448 6849 7244 7635 8053 8452 8855 9256 9652
25 55 457 847 1253 1647 2053 2455 2854 3255 3655 4055 4449 4853 5250 5652 6055 6450 6850 7255 7651 8054 8453 8856 9251 9653
25 57 461 849 1254 1657 2054 2445 2855 3256 3656 4056 4456 4855 5248 5653 6056 6452 6851 7238 7655 8055 8454 8830 9260 9654
25 61 441 850 1255 1660 2055 2456 2856 3257 3657 4023 4457 4856 5255 5657 6057 6462 6852 7242 7656 8056 8455 8857 9263 9655
25 47 459 855 1256 1664 2056 2457 2857 3254 3658 4057 4458 4857 5257 5659 6058 6461 6853 7256 7652 8057 8456 8858 9265 9656
25 46 449 856 1257 1665 2057 2458 2858 3258 3659 4058 4459 4858 5258 5660 6059 6463 6854 7257 7657 8058 8457 8859 9264 9657
25 62 453 857 1258 1666 2058 2459 2859 3260 3660 4059 4460 4859 5259 5661 5420 6466 6855 7258 7658 8059 8458 8860 9258 9658
25 51 454 858 1259 1667 2059 2460 2860 3259 3661 4184 4462 4860 5260 5662 6060 6467 6856 7259 7668 8060 8459 8861 9267 9660
25 59 462 861 1260 1668 2060 2501 2863 3261 3663 4061 4463 4864 5262 5663 6068 6469 6857 7260 7659 8061 8460 8862 9248 9661
25 64 458 862 1261 1669 2061 2461 2864 3262 3664 4062 4466 4861 5261 5664 6069 6471 6858 7261 7660 8062 8461 8863 9259 9662
25 65 450 863 1302 1741 2062 2462 2866 3263 3666 4063 4467 4865 5263 5667 6061 6472 6859 7262 7661 8063 8462 8864 9261 9663
25 49 460 864 1262 1670 2063 2464 2867 3264 3667 4064 4470 4866 5265 5665 6062 6473 6866 7263 7662 8064 8463 8865 9262 9664
25 56 463 865 1263 1671 2065 2465 2869 3265 3668 4066 4472 4867 5267 5668 6063 6474 6847 7266 7663 8065 8464 8866 9268 9665
25 63 452 881 1267 1672 2066 2467 2870 3266 3669 4069 4473 4863 5268 5666 6064 6475 6867 7267 7664 8066 8465 8867 9270 9666
25 66 464 859 1305 1673 2067 2466 2877 3267 3670 4070 4474 4869 5271 5670 6065 6454 6868 7269 7665 8067 8466 8868 9257 9667
25 68 469 866 1269 1674 2068 2468 2880 3270 3673 4071 4475 4870 5266 5671 6066 6476 6869 7270 7666 8068 8441 8831 9266 9669
25 58 465 867 1270 1661 2069 2470 2881 3269 3674 4072 4477 4872 5269 5672 6067 6458 6870 7271 7669 8069 8467 8869 9271 9670
25 60 470 868 1311 1742 2072 2471 2871 3271 3675 4074 4478 4871 5270 5674 6070 6459 6871 7272 7674 8070 8468 8870 9272 9659
25 69 473 869 1271 1675 2071 2472 2875 3272 3672 4076 4480 4873 5274 5675 6071 6460 6872 7273 7676 8071 8469 8871 9273 9671
25 71 456 870 1264 840 2070 2473 2878 3268 3662 4078 4465 4874 5275 5678 6072 6478 6873 7279 7677 8072 8470 8872 9274 9672
25 72 451 860 1266 1743 2073 2474 2879 3275 3671 4080 4476 4875 5276 5679 6074 6464 6874 7280 7679 8073 8471 8873 9250 9642
25 73 466 871 1272 1745 2074 2476 2882 3276 3676 4101 4479 4876 5279 5680 6075 6465 6875 7318 7670 8075 8476 8874 9269 9673
25 74 467 872 1273 1663 2075 2477 2883 3278 3677 4065 4502 4877 5277 5681 6076 6468 6876 7293 7672 8074 8477 8875 9275 9675
25 76 468 873 1275 1676 2076 2478 2884 3273 3678 4068 4481 4878 5278 5677 6078 6479 6877 7316 7683 8076 8478 8876 9276 9668
25 67 471 874 1276 1677 2077 2479 2885 3274 3680 4075 4482 4879 5280 5682 6080 6480 6878 7320 7684 8077 8479 8829 9277 9674
25 70 472 876 1278 1678 2078 2480 2889 3279 3682 4079 4483 4880 5281 5683 6081 6477 6879 7265 7685 8078 8480 8877 9278 9676
25 75 474 877 1279 1662 2079 2482 2891 3280 3665 4081 4484 4881 5282 5684 6082 6481 6880 7274 7680 8079 8482 8878 9253 9677
25 77 475 875 1281 1680 2081 2484 2893 3281 3679 4082 4485 4882 5283 5669 6084 6484 6881 7276 7681 8080 8484 8881 9279 9678
25 78 476 878 1282 1681 2082 2481 2861 3282 3683 4083 4461 4862 5285 5685 6085 6483 6882 7277 7682 8081 8485 8882 9281 9679
25 79 477 879 1274 1684 2080 2483 2862 3284 3684 4077 4486 4883 5286 5686 6077 6485 6883 7278 7686 8085 8486 8880 9283 9639
25 80 478 880 1280 1685 2084 2463 2874 3285 3685 4084 4464 4884 5287 5687 6079 6491 6884 7275 7687 8083 8475 8883 9286 9686
25 81 479 882 1283 1686 2085 2475 2865 3286 3686 4085 4468 4868 5289 5689 6083 6470 6885 7281 7688 8084 8483 8884 9288 9688
25 83 480 883 1277 1682 2086 2485 2868 3287 3681 4086 4469 4885 5264 5690 6086 6482 6886 7282 7690 8086 8487 8885 9289 9689
25 84 481 884 1286 1687 2087 2486 2872 3288 3687 4087 4487 4886 5272 5691 6088 6486 6887 7284 7689 8087 8489 8886 9290 9691
25 87 482 885 1265 1683 2089 2487 2873 3289 3688 4088 4488 4887 5273 5692 6102 6488 6888 7285 7692 8088 8490 8922 9291 9692
25 88 483 886 1268 1689 2088 2488 2876 3291 3689 4089 4489 4888 5284 5673 6073 6487 6889 7286 7693 8092 8493 8888 9292 9690
25 89 485 887 1284 1691 2090 2489 2886 3290 3690 4090 4490 4889 5288 5693 6087 6489 6890 7268 7691 8082 8494 8889 9297 9693
25 91 486 888 1287 1692 2091 2469 2887 3292 3691 4091 4491 4890 5290 5694 6089 6492 6891 7287 7698 8090 8496 8890 9303 9694
25 92 487 889 1288 1690 2092 2490 2888 3293 3692 4092 4492 4891 5291 5695 6090 6493 6892 7288 7697 8093 8498 8892 9280 9695
25 93 489 890 1289 1693 2064 2491 2890 3283 3693 4093 4493 4892 5292 5676 6091 6494 6893 7289 7701 8094 8472 8893 9285 9696
25 90 490 891 1285 1679 2083 2492 2892 3294 3694 4094 4494 4893 5293 5688 6092 6495 6894 7290 7667 8095 8488 8894 9298 9697
25 94 491 892 1290 1695 2093 2493 2894 3295 3695 4073 4495 4894 5294 5696 6093 6490 6895 7291 7671 8089 8499 8891 9295 9698
25 95 493 893 1291 1688 2094 2494 2895 3277 3696 4067 4496 4895 5295 5697 6094 6501 6896 7294 7673 8091 8502 8896 9299 9699
25 85 492 894 1292 1694 2095 2495 2896 3297 3697 4095 4497 4896 5297 5698 6095 6496 6897 7296 7675 8096 8503 8899 9300 9700
25 96 497 895 1293 1696 2096 2496 2897 3299 3698 4096 4471 4897 5296 5699 6096 6497 6898 7295 7694 8098 8504 8898 9293 9702
25 86 484 896 1294 1697 2097 2497 2898 3296 3699 4097 4498 4898 5298 5700 6097 6498 6899 7297 7695 8099 8505 8901 9301 9704
25 98 494 897 1295 1698 2098 2498 2899 3298 3700 4098 4499 4902 5299 5701 6098 6499 6900 7298 7696 8100 8506 8902 9304 9705
25 97 496 898 1296 1699 2099 2499 2900 3300 3701 4099 4500 4903 5300 5702 6100 6502 6901 7299 7699 8101 8481 8903 9305 9681
25 99 498 899 1297 1700 2100 2500 2904 3301 3703 4100 4501 4901 5301 5703 6099 6503 6902 7300 7700 8102 8492 8897 9306 9684
25 100 495 900 1298 1701 2103 2503 2901 3303 3704 4103 4505 4904 5303 5704 6103 6513 6907 7301 7709 8103 8500 8900 9282 9687
25 102 499 901 1299 1702 2105 2504 2907 3304 3705 4104 4507 4905 5304 5706 6108 6509 6909 7292 7710 8097 8507 8904 9284 9703
25 101 500 902 1300 1705 2106 2502 2910 3305 3706 4109 4503 4906 5302 5708 6111 6514 6905 7264 7711 8104 8508 8887 9287 9706
25 103 501 903 1303 1707 2107 2505 2908 3307 3702 4111 4508 4910 5306 5709 6113 6519 6906 7283 7712 8236 8509 8905 9296 9707
25 104 502 904 1304 1710 2102 2506 2909 3308 3707 4110 4509 4914 5305 5710 6115 6504 6910 7302 7713 8105 8491 8906 9302 9709
25 105 503 905 1307 1704 2108 2507 2911 3309 3708 4112 4510 4907 5307 5711 6118 6505 6911 7303 7714 8106 8497 8909 9310 9683
25 106 488 906 1308 1709 2110 2508 2912 3310 3710 4102 4511 4912 5308 5712 6119 6506 6913 7304 7715 8108 8510 8895 9308 9708
25 107 504 907 1309 1711 2109 2509 2913 3311 3712 4105 4512 4913 5309 5713 6120 6508 6912 7306 7716 8107 8495 8911 9294 9710
25 108 505 908 1312 1712 2111 2510 2917 3312 3714 4107 4513 4917 5310 5714 6121 6507 6914 7308 7717 8109 8501 8907 9311 9701
25 109 506 909 1313 1717 2112 2511 2918 3313 3717 4113 4515 4920 5311 5715 6122 6511 6915 7309 7718 8110 8511 8912 9312 9712
25 110 507 910 1301 1721 2101 2512 2905 3314 3718 4114 4504 4924 5312 5716 6105 6510 6916 7310 7719 8112 8512 8914 9313 9713
25 111 508 911 1310 1703 2113 2513 2920 3302 3719 4115 4506 4915 5313 5717 6117 6516 6920 7311 7720 8111 8513 8908 9314 9711
25 112 509 912 1314 1746 2115 2514 2915 3306 3720 4117 4514 4916 5314 5718 6123 6518 6908 7312 7721 8114 8514 8910 9307 9715
25 82 510 913 1315 1747 2114 2515 2916 3315 3721 4119 4516 4918 5315 5719 6125 6520 6919 7305 7723 8118 8515 8915 9315 9714
25 113 511 914 1316 1706 2116 2516 2921 3316 3722 4108 4519 4919 5316 5720 6131 6523 6921 7313 7724 8121 8516 8916 9316 9716
25 114 512 915 1306 1708 2117 2517 2925 3317 3723 4120 4520 4921 5317 5721 6133 6526 6922 7315 7726 8122 8517 8960 9309 9717
25 115 513 916 1318 1722 2119 2519 2927 3318 3724 4121 4521 4908 5318 5722 6124 6512 6903 7319 7727 8123 8518 8917 9317 9718
25 116 514 917 1319 1723 2120 2520 2928 3319 3725 4122 4517 4923 5319 5723 6135 6515 6923 7321 7708 8124 8519 8918 9318 9719
25 117 515 918 1320 1724 2121 2518 2930 3320 3715 4123 4522 4925 5320 5727 6110 6522 6917 7322 7725 8125 8520 8961 9319 9720
25 118 516 919 1321 1725 2122 2522 2903 3321 3728 4124 4523 4926 5321 5724 6101 6517 6924 7323 7729 8126 8521 8913 9320 9725
25 119 517 920 1322 1714 2123 2524 2906 3325 3729 4125 4525 4927 5322 5725 6109 6524 6925 7324 7730 8128 8523 8924 9321 9723
25 120 518 921 1323 1715 2118 2525 2924 3326 3731 4126 4526 4911 5323 5705 6126 6525 6926 7317 7732 8113 8524 8919 9325 9728
25 121 519 922 1324 1713 2124 2526 2931 3323 3732 4127 4524 4928 5324 5728 6127 6527 6927 7325 7734 8116 8525 8921 9326 9730
25 122 520 923 1326 1716 2125 2521 2932 3327 3709 4128 4527 4929 5325 5729 6128 6528 6929 7327 7735 8117 8522 8923 9327 9733
25 123 432 924 1325 1718 2126 2527 2914 3328 3711 4130 4528 4930 5326 5730 6106 6529 6930 7329 7736 8129 8526 8926 9328 9735
25 128 437 925 1328 1719 2104 2530 2929 3329 3713 4106 4532 4932 5327 5731 6114 6530 6860 7326 7737 8131 8527 8920 9322 9726
25 127 438 926 1329 1720 2127 2531 2902 3330 3716 4118 4529 4922 5328 5732 6129 6531 6931 7307 7738 8132 8529 8928 9323 9736
25 129 522 927 1330 1727 2128 2533 2934 3331 3730 4131 4531 4933 5329 5733 6130 6532 6932 7328 7740 8133 8530 8929 9324 9738
25 133 524 928 1334 1726 2129 2535 2919 3332 3733 4132 4533 4934 5330 5707 6132 6521 6904 7330 7741 8134 8528 8930 9329 9740
25 125 525 929 1327 1728 2130 2536 2922 3333 3735 4133 4518 4909 5331 5726 6104 6533 6918 7331 7728 8120 8531 8931 9330 9742
25 126 529 930 1335 1729 2131 2538 2933 3322 3726 4134 4534 4935 5332 5734 6116 6534 6933 7332 7722 8127 8533 8932 9333 9744
25 132 531 931 1317 1730 2132 2523 2935 3334 3734 4135 4535 4937 5333 5735 6112 6535 6934 7333 7731 8115 8532 8933 9331 9746
25 134 534 932 1331 1731 2133 2528 2923 3335 3737 4116 4530 4938 5334 5736 6134 6536 6935 7334 7733 8135 8534 8934 9332 9748
25 135 535 933 1332 1732 2134 2532 2926 3336 3739 4129 4536 4939 5335 5737 6138 6537 6939 7335 7742 8136 8535 8936 9334 9749
25 136 536 934 1336 1733 2135 2529 2936 3337 3736 4136 4537 4899 5336 5738 6107 6538 6928 7336 7743 8139 8536 8939 9335 9751
25 138 537 935 1338 1734 2138 2537 2937 3338 3727 4137 4538 4900 5337 5739 6136 6540 6938 7337 7739 8140 8537 8940 9336 9750
25 141 538 936 1333 1735 2140 2534 2938 3339 3738 4138 4539 4931 5338 5744 6137 6539 6937 7338 7744 8141 8538 8935 9337 9752
25 142 539 937 1337 1736 1499 2539 2941 3324 3740 4139 4540 4936 5339 5740 6139 6541 6940 7339 7746 8143 8539 8937 9338 9757
25 145 540 938 1339 1737 2136 2540 2942 3340 3539 4141 4541 4940 5340 5741 6140 6544 6936 7340 7745 8144 8540 8938 9340 9721
25 144 541 939 1340 1738 2137 2542 2946 3341 3742 4143 4544 4942 5341 5746 6141 6546 6941 7341 7747 8145 8541 8941 9341 9722
25 146 542 940 1341 1739 2139 2543 2949 3342 3741 4144 4543 4943 5342 5747 6142 6547 6942 7342 7748 8137 8542 8944 9342 9724
25 131 543 941 1342 1740 2143 2544 2944 3343 3743 4147 4581 4944 5343 5742 6145 6548 6943 7343 7749 8138 8543 8945 9343 9729
25 147 544 942 1345 1748 2146 2545 2950 3344 3744 4148 4582 4946 5344 5745 6147 6542 6946 7344 7752 8146 8545 8925 9339 9727
25 130 545 944 1343 1750 2147 2547 2951 3345 3746 4146 4545 4947 5345 5748 6150 6550 6949 7345 7756 8130 8544 8943 9344 9731
25 137 528 946 1346 1752 2150 2548 2952 3346 3745 4149 4546 4945 5347 5750 6151 6552 6950 7346 7757 8150 8546 8946 9345 9734
25 150 532 947 1348 1749 2151 2549 2954 3348 3749 4140 4547 4948 5348 5751 6158 6555 6951 7347 7758 8119 8547 8927 9347 9732
25 151 546 948 1344 1753 2302 2550 2957 3347 3750 4145 4549 4951 5349 5755 6159 6558 6952 7351 7759 8142 8548 8947 9348 9737
25 152 547 949 1349 1754 2303 2551 2958 3349 3752 4150 4550 4952 5351 5752 6160 6560 6954 7352 7760 8147 8549 8948 9349 9739
25 154 526 943 1351 1751 2301 2552 2959 3350 3753 4153 4551 4953 5353 5758 6155 6500 6956 7353 7762 8149 8550 8949 9346 9741
25 155 548 950 1353 1755 2145 2553 2947 3351 3747 4142 4552 4954 5356 5760 6161 6559 6957 7349 7763 8152 8551 8950 9350 9743
25 139 549 952 1354 1757 2149 2556 2939 3353 3748 4152 4553 4949 5354 5761 6162 6562 6958 7357 7764 8154 8553 8951 9351 9745
25 124 550 953 1355 1759 2152 2555 2953 3354 3754 4154 4554 4955 5355 5763 6163 6553 6955 7355 7750 8155 8555 8952 9352 9747
25 140 551 956 1352 1758 2153 2558 2955 3355 3751 4155 4555 4957 5346 5765 6153 6563 6960 7360 7751 8156 8552 8953 9353 9753
25 143 552 957 1357 1760 2304 2559 2956 3357 3755 4156 4557 4958 5357 5766 6157 6564 6961 7361 7755 8157 8556 8954 9354 9754
25 156 553 958 1363 1761 2305 2560 2960 3358 3756 4157 4558 4959 5358 5764 6165 6565 6963 7364 7765 8158 8557 8955 9355 9755
25 148 554 960 1364 1762 2154 2562 2962 3359 3758 4158 4559 4960 5350 5749 6168 6566 6965 7358 7766 8160 8559 8956 9356 9758
25 157 555 961 1359 1766 2155 2554 2940 3360 3757 4159 4560 4961 5359 5753 6164 6567 6966 7363 7768 8161 8554 9042 9357 9756
25 159 556 951 1362 1767 2156 2563 2963 3361 3759 4160 4561 4965 5352 5759 6169 6570 6962 7365 7753 8167 8560 8942 9358 9759
25 149 557 959 1365 1763 2157 2566 2964 3362 3760 4161 4564 4966 5360 5762 6172 6571 6967 7366 7761 8151 8562 8957 9441 9761
25 153 558 962 1367 1764 2159 2557 2967 3356 3761 4162 4566 4956 5362 5768 6149 6574 6968 7367 7769 8159 8563 8958 9360 9763
25 158 559 963 1369 1768 2158 2568 2943 3363 3763 4163 4562 4962 5363 5769 6181 6543 6969 7348 7770 8153 8564 8959 9361 9764
25 160 560 964 1368 1771 2160 2569 2945 3364 3764 4164 4565 4964 5364 5771 6143 6549 6970 7350 7754 8162 8565 8962 9363 9768
25 162 561 965 1371 1765 2144 2570 2965 3365 3765 4165 4548 4950 5366 5754 6144 6551 6945 7356 7767 8163 8566 8965 9364 9769
25 164 563 967 1370 1769 2148 2571 2966 3366 3766 4166 4567 4963 5367 5756 6148 6554 6948 7359 7771 8164 8567 8967 9365 9772
25 163 565 968 1372 1770 2161 2572 2969 3368 3767 4167 4568 4968 5365 5757 6152 6556 6971 7368 7772 8165 8568 8971 9370 9773
25 166 566 970 1358 1773 2162 2574 2971 3369 3768 4168 4569 4969 5368 5767 6156 6561 6947 7369 7773 8166 8632 8973 9359 9774
25 167 567 955 1373 1772 2163 2576 2970 3370 3762 4169 4570 4970 5361 5770 6166 6568 6974 7370 7774 8168 8570 8974 9366 9776
25 168 568 966 1347 1774 2164 2573 2972 3371 3769 4170 4571 4971 5369 5772 6167 6569 6953 7354 7775 8169 8571 8976 9367 9777
25 169 569 971 1350 1756 2165 2577 2961 3373 3770 4171 4572 4973 5370 5773 6170 6572 6975 7371 7776 8170 8569 8977 9368 9778
25 170 571 972 1356 1775 2166 2564 2973 3352 3771 4172 4573 4941 5372 5774 6171 6573 6977 7372 7777 8171 8634 8978 9371 9766
25 171 572 982 1360 1744 2167 2565 2948 3372 3772 4173 4574 4967 5373 5775 6173 6575 6972 7373 7778 8172 8635 8979 9369 9770
25 172 574 986 1361 1776 2168 2578 2974 3374 3773 4151 4542 4972 5375 5776 6146 6545 6964 7362 7779 8173 8572 8980 9372 9779
25 161 575 974 1366 1777 2169 2541 2968 3375 3774 4174 4556 4974 5376 5777 6174 6557 6976 7374 7780 8174 8573 8981 9373 9780
25 173 564 973 1374 1778 2170 2561 2975 3376 3775 4175 4575 4975 5377 5779 6175 6576 6978 7375 7781 8175 8574 8983 9374 9784
25 175 577 975 1375 1779 2171 2546 2976 3367 3821 4176 4576 4976 5371 5778 6154 6577 6980 7376 7782 8176 8575 8982 9375 9767
25 165 580 969 1376 1780 2172 2567 2977 3377 3776 4177 4563 4977 5374 5780 6176 6578 6973 7377 7783 8177 8576 8984 9376 9775
25 177 582 954 1377 1781 2173 2575 2978 3378 3777 4178 4577 4978 5378 5781 6177 6579 6979 7378 7784 8178 8558 8985 9378 9782
25 178 562 976 1378 1782 2174 2579 2979 3379 3778 4179 4578 4979 5379 5782 6178 6580 6982 7379 7785 8179 8578 8987 9380 9785
25 181 570 977 1379 1783 2175 2580 2981 3380 3779 4180 4579 4980 5380 5783 6179 6581 6944 7380 7786 8180 8579 8989 9382 9762
25 182 573 979 1380 1784 2176 2581 2983 3381 3823 4181 4580 4981 5381 5787 6182 6582 6959 7381 7787 8181 8583 8970 9379 9760
25 183 579 978 1382 1785 2177 2582 2984 3382 3780 4182 4583 4984 5383 5791 6180 6583 6981 7382 7788 8182 8577 8975 9381 9765
25 185 584 980 1384 1789 2178 2583 2985 3383 3781 4183 4584 4985 5386 5792 6183 6584 6983 7383 7790 8183 8580 8964 9383 9783
25 186 585 981 1381 1788 2179 2584 2986 3384 3786 4185 4585 4982 5387 5794 6185 6585 6984 7384 7791 8184 8581 9045 9384 9788
25 184 578 987 1383 1790 2180 2585 2987 3386 3788 4186 4586 4983 5388 5784 6186 6587 6985 7386 7792 8185 8582 8986 9385 9771
25 187 583 988 1386 1791 2181 2586 2988 3388 3789 4187 4587 4986 5389 5785 6187 6588 6987 7387 7793 8186 8585 8988 9386 9786
25 188 586 989 1387 1654 2183 2587 2989 3390 3790 4189 4588 4987 5390 5786 6188 6586 6986 7548 7794 8187 8584 8963 9387 9787
25 189 576 984 1388 1656 2184 2588 2991 3391 3791 4192 4589 4988 5391 5790 6189 6590 6989 8028 7795 8188 8587 8990 9388 9789
25 190 581 990 1392 1658 2187 2589 2980 3385 3792 4193 4590 4989 5392 5795 6195 6591 6994 7389 7798 8189 8586 8968 9389 9790
25 174 588 991 1385 1659 2190 2590 2992 3393 3793 4194 4591 4990 5393 5797 6191 6593 6997 7392 7799 8190 8588 8972 9390 9781
25 176 587 992 1393 1787 2182 2591 2982 3394 3794 4195 4592 4992 5394 5798 6196 6594 6998 7394 7802 8191 8589 8991 9680 9791
25 193 589 993 1394 1792 2193 2594 2999 3387 3795 4196 4593 4993 5395 5799 6197 6595 6999 7397 7789 8193 8590 8993 9682 9792
25 195 590 995 1395 1794 2197 2596 2990 3392 3782 4191 4594 4994 5398 5801 6190 6596 7000 7465 7797 8198 8591 8969 9391 9793
25 196 591 996 1396 1796 2198 2595 2993 3395 3783 4199 4595 4995 5400 5789 6193 6597 7003 7385 7801 8192 8593 8966 9685 9794
25 200 592 997 1390 1786 2191 2597 2995 3396 3785 4197 4596 4998 5402 5802 6194 6601 7001 7388 7803 8199 8592 8994 9392 9795
25 194 593 994 1397 1795 2192 2598 2997 3398 3796 4200 4597 4996 5384 5800 6198 6589 7004 7390 7804 8200 8594 8995 9393 9796
25 179 594 998 1398 1797 2199 2600 3003 3389 3797 4202 4598 4999 5385 5803 6199 6602 6991 7391 7805 8203 8595 8996 9394 9797
25 180 596 1000 1399 1798 2201 2601 2998 3399 3798 4205 4599 5001 5401 5804 6200 6592 6992 7393 7806 8194 8596 8992 9377 9798
25 191 595 1001 1400 1799 2185 2592 3004 3400 3799 4206 4600 4991 5403 5805 6201 6598 6993 7395 7807 8195 8597 8997 9395 9799
25 192 597 1002 1401 1800 2203 2599 3005 3401 3800 4198 4601 5003 5405 5807 6202 6599 6996 7398 7800 8197 8600 8998 9396 9800
25 197 599 1003 1402 1801 2204 2593 3001 3402 3787 4207 4602 5006 5382 5808 6203 6600 7002 7399 7808 8196 8601 8999 9397 9801
25 198 598 1004 1403 1802 2206 2603 3006 3403 3801 4209 4603 5007 5399 5809 6184 6603 7005 7401 7810 8202 8602 9000 9400 9805
25 199 600 983 1404 1803 2207 2605 3002 3405 3802 4188 4604 5009 5404 5793 6204 6605 7006 7403 7809 8204 8603 9001 9401 9802
25 201 601 985 1405 1804 2205 2602 3007 3407 3784 4201 4605 5010 5406 5796 6205 6604 7008 7402 7811 8201 8598 9002 9402 9806
25 202 602 1005 1406 1805 2208 2604 3008 3408 3803 4203 4606 5011 5407 5806 6206 6606 7009 7404 7812 8205 8604 9003 9404 9804
25 203 605 1006 1389 1806 2212 2606 3009 3409 3804 4204 4607 5012 5408 5810 6192 6607 7007 7405 7796 8206 8605 9009 9405 9809
25 204 606 1008 1391 1807 2213 2607 2994 3410 3805 4210 4608 5013 5409 5788 6207 6608 7010 7406 7815 8207 8606 9008 9406 9810
25 205 604 999 1407 1793 2186 2608 2996 3411 3806 4212 4609 5014 5397 5812 6208 6609 6995 7400 7816 8208 8608 9004 9407 9813
25 206 607 1009 1409 1808 2189 2609 3011 3397 3807 4213 4610 4997 5410 5811 6210 6610 7011 7408 7817 8209 8607 9010 9403 9814
25 208 608 1010 1410 1809 2214 2610 3000 3414 3808 4211 4611 5005 5411 5813 6211 6611 7012 7409 7818 8210 8609 9011 9409 9808
25 209 610 1011 1412 1810 2188 2611 3010 3418 3809 4214 4612 5008 5396 5814 6212 6612 7013 7411 7819 8212 8610 9006 9410 9815
25 210 603 1012 1408 1811 2194 2613 3015 3404 3810 4190 4613 5004 5412 5815 6213 6613 7014 7415 7820 8211 8612 9012 9408 9812
25 211 611 1007 1411 1812 2195 2612 3016 3406 3811 4208 4614 5015 5413 5816 6214 6614 7016 7417 7821 8213 8613 9014 9411 9817
25 212 613 1013 1413 1813 2196 2614 3012 3412 3812 4217 4615 5016 5414 5817 6215 6615 7015 7418 7813 8214 8614 9015 9412 9807
25 222 615 1014 1414 1814 2200 2622 3013 3413 3813 4216 4616 5000 5415 5818 6209 6616 7017 7396 7814 8215 8615 9016 9414 9803
25 219 616 1015 1415 1815 2210 2623 3017 3415 3814 4215 4617 5018 5416 5819 6216 6617 7019 7413 7822 8216 8616 9017 9416 9816
25 223 617 1016 1416 1816 2216 2626 3014 3416 3815 4218 4618 5017 5417 5820 6218 6618 6988 7419 7823 8217 8599 9005 9418 9818
25 213 618 1017 1417 1817 2217 2627 3018 3417 3816 4219 4619 5002 5424 5824 6220 6619 7020 7422 7824 8218 8611 9018 9419 9811
25 217 619 1018 1418 1818 2209 2629 3019 3420 3817 4220 4620 5019 5422 5826 6219 6620 7021 7407 7825 8219 8617 9020 9420 9819
25 220 621 1019 1419 1819 2220 2632 3020 3419 3818 4221 4621 5020 5423 5827 6217 6621 6990 7410 7826 8220 8618 9013 9421 9820
25 225 620 1020 1420 1820 2215 2633 3021 3422 3819 4223 4622 5023 5425 5825 6221 6624 7018 7412 7827 8221 8619 9019 9424 9821
25 214 622 1021 1421 1823 2202 2634 3024 3424 3820 4225 4623 5025 5426 5829 6222 6625 7022 7414 7829 8222 8620 9022 9425 9822
25 215 624 1023 1423 1826 2211 2635 3025 3425 3825 4227 4624 5021 5421 5830 6227 6627 7023 7416 7830 8223 8622 9023 9422 9823
25 207 623 1024 1424 1827 2218 2636 3022 3426 3826 4228 4625 5022 5427 5833 6228 6633 7024 7420 7833 8224 8624 9026 9426 9824
25 216 626 1025 1430 1825 2219 2637 3026 3430 3828 4232 4627 5026 5743 5837 6232 6635 7025 7421 7837 8225 8621 9007 9429 9825
25 221 627 1028 1433 1828 2221 2639 3027 3432 3829 4230 4628 5027 5428 5835 6237 6639 7026 7423 7832 8226 8625 9024 9430 9826
25 226 629 1029 1427 1830 2222 2638 3029 3433 3830 4231 4630 5028 5429 5828 6225 6630 7027 7424 7834 8227 8626 9025 9433 9827
25 227 612 1027 1425 1831 2225 2640 3030 3435 3822 4233 4629 5031 5430 5839 6226 6641 7028 7425 7838 8228 8627 9027 9413 9828
25 228 609 1030 1428 1832 2228 2641 3032 3431 3831 4235 4632 5032 5431 5841 6234 6636 7034 7427 7839 8239 8623 9028 9427 9829
25 218 614 1031 1436 1833 2224 2642 3034 3434 3833 4236 4633 5024 5433 5842 6229 6640 7035 7428 7840 8234 8628 9030 9428 9830
25 224 625 1033 1438 1834 2229 2643 3036 3436 3834 4238 4634 5033 5432 5843 6239 6642 7036 7429 7841 8243 8630 9031 9423 9831
25 229 631 1034 1429 1821 2230 2644 3023 3437 3838 4240 4635 5034 5435 5844 6223 6645 7039 7430 7828 8229 8629 9029 9431 9832
25 230 633 1037 1441 1835 2231 2646 3037 3427 3839 4241 4636 5035 5436 5845 6235 6643 7040 7431 7843 8148 8631 9032 9434 9833
25 231 634 1039 1422 1838 2226 2648 3033 3438 3840 4242 4637 5036 5437 5846 6238 6637 7041 7434 7836 8241 8637 9035 9435 9834
25 232 628 1038 1426 1839 2232 2621 3035 3439 3841 4243 4638 5037 5434 5847 6240 6646 7043 7435 7842 8244 8640 9036 9436 9835
25 233 630 1040 1431 1840 2227 2624 3038 3440 3827 4244 4642 5038 5440 5849 6241 6631 7048 7438 7844 8242 8642 9037 9415 9836
25 235 632 1041 1432 1841 2233 2630 3031 3441 3835 4245 4643 5029 5441 5822 6242 6649 7033 7440 7845 8245 8643 9021 9432 9837
25 237 635 1032 1434 1843 2234 2645 3039 3442 3836 4246 4631 5039 5442 5821 6244 6650 7037 7441 7846 8246 8644 9033 9437 9838
25 236 636 1042 1435 1845 2261 2631 3040 3443 3837 4247 4641 5040 5443 5823 6245 6654 7038 7442 7847 8233 8639 9034 9398 9839
25 238 637 1043 1439 1836 2235 2647 3041 3444 3842 4248 4644 5041 5444 5831 6246 6622 7045 7443 7848 8247 8636 9038 9399 9880
25 239 638 1046 1440 1862 2236 2649 3042 3445 3843 4249 4645 5042 5445 5848 6247 6629 7030 7445 7849 8231 8645 9039 9417 9840
25 241 639 1022 1442 1842 2237 2651 3043 3421 3844 4222 4646 5043 5438 5853 6243 6628 7031 7448 7850 8240 8652 8879 9438 9841
25 234 640 1045 1443 1822 2239 2652 3044 3423 3845 4224 4647 5044 5447 5832 6248 6634 7042 7432 7852 8248 8638 9044 9439 9842
25 245 641 1047 1444 1824 2262 2625 3045 3428 3846 4234 4648 5045 5446 5834 6224 6652 7044 7433 7835 8251 8641 9046 9442 9844
25 249 643 1048 1445 1863 2238 2628 3046 3446 3847 4237 4626 5046 5448 5836 6230 6638 7046 7439 7851 8252 8651 9049 9444 9845
25 242 645 1050 1446 1864 2240 2653 3047 3447 3824 4239 4639 5047 5449 5838 6233 6647 7047 7447 7853 8253 8648 9051 9445 9846
25 250 646 1026 1447 1829 2241 2654 3048 3448 3832 4250 4653 5048 5450 5840 6236 6655 7032 7449 7854 8254 8653 9052 9446 9847
25 247 647 1035 1448 1837 2242 2655 3049 3449 3849 4251 4654 5049 5451 5851 6249 6644 7049 7426 7855 8256 8655 9053 9447 9851
25 251 642 1044 1449 1861 2243 2650 3050 3450 3850 4252 4649 5050 5439 5852 6250 6656 7050 7451 7856 8257 8664 9054 9449 9852
25 252 649 1049 1437 1844 2244 2656 3051 3451 3851 4253 4651 5051 5452 5850 6251 6648 7051 7444 7857 8237 8646 9055 9450 9857
25 254 650 1051 1450 1846 2245 2657 3052 3452 3852 4226 4655 5052 5453 5854 6252 6657 7052 7446 7858 8258 8647 9056 9451 9858
25 255 648 1036 1451 1847 2246 2658 3053 3453 3853 4229 4657 5053 5454 5855 6253 6623 7053 7452 7831 8230 8649 9060 9452 9859
25 256 654 1054 1452 1850 2247 2659 3028 3429 3848 4254 4652 5030 5455 5856 6231 6626 7054 7436 7859 8232 8650 9202 9453 9843
25 257 655 1057 1453 1852 2249 2660 3054 3454 3855 4255 4656 5054 5456 5857 6254 6632 7055 7437 7860 8238 8654 9040 9455 9850
25 258 656 1052 1454 1853 2223 2661 3055 3455 3854 4256 4658 5055 5457 5858 6255 6651 7056 7453 7861 8255 8656 9047 9456 9860
25 259 652 1053 1455 1848 2250 2662 3056 3456 3856 4257 4659 5056 5458 5859 6256 6653 7029 7454 7862 8259 8657 9048 9443 9864
25 260 657 1055 1456 1849 2251 2663 3057 3457 3857 4258 4661 5057 5459 5860 6257 6658 7057 7455 7863 8261 8660 9050 9457 9848
25 253 658 1056 1457 1854 2252 2665 3058 3458 3858 4259 4662 5058 5460 5861 6259 6659 7058 7456 7864 8235 8633 9062 9458 9866
25 262 660 1058 1458 1851 2254 2667 3059 3459 3859 4260 4663 5059 5462 5862 6258 6660 7059 7457 7865 8249 8658 9064 9440 9853
25 263 661 1059 1459 1855 2260 2670 3060 3460 3862 4262 4664 5060 5465 5864 6260 6662 7060 7458 7866 8250 8662 9065 9459 9855
25 264 663 1060 1460 1856 2248 2673 3061 3461 3864 4265 4665 5063 5464 5866 6261 6663 7061 7459 7867 8260 8663 9068 9462 9856
25 268 644 1062 1465 1857 2256 2675 3063 3462 3865 4266 4060 5070 5466 5865 6262 6664 7062 7460 7868 8262 8665 9043 9460 9861
25 248 662 1063 1469 1858 2253 2676 3065 3463 3866 4270 4666 5065 5468 5868 6263 6666 7063 7461 7869 8263 8667 9057 9448 9867
25 266 665 1065 1474 1860 2263 2678 3064 3465 3867 4272 4668 5072 5470 5869 6264 6667 7064 7450 7870 8264 8659 9080 9463 9869
25 243 651 1064 1475 1859 2264 2671 3066 3466 3869 4273 4670 5073 5473 5870 6265 6668 7065 7462 7871 8266 8661 9081 9464 9849
25 244 659 1066 1480 1865 2255 2679 3062 3467 3875 4274 4673 5076 5472 5871 6266 6669 7066 7463 7872 8268 8666 9066 9466 9862
25 521 653 1067 1466 1867 2257 2680 3067 3468 3874 4277 4677 5078 5467 5872 6268 6670 7067 7464 7873 8432 8668 9063 9461 9863
25 523 664 1061 1461 1866 2258 2681 3068 3469 3877 4278 4667 5079 5469 5867 6269 6671 7069 7466 7874 8265 8669 9061 9467 9868
25 246 666 1069 1464 1869 2266 2682 3069 3470 3868 4282 4675 5075 5471 5874 6270 6672 7070 7467 7875 8390 8670 9069 9468 9865
25 267 667 1071 1468 1870 2272 2684 3070 3471 3860 4261 4679 5080 5474 5875 6271 6677 7068 7468 7876 8267 8671 9070 9454 9870
25 269 668 1072 1470 1871 2265 2677 3071 3472 3863 4263 4685 5077 5475 5877 6272 6661 7077 7469 7877 8269 8672 9059 9465 9854
25 270 669 1073 1467 1872 2269 2685 3072 3475 3871 4264 4681 5082 5476 5881 6275 6673 7072 7470 7878 8271 8673 9067 9469 9871
25 271 670 1076 1471 1874 2273 2686 3073 3476 3872 4276 4687 5083 5477 5885 6277 6674 7073 7471 7880 8272 8674 9071 9470 9872
25 272 671 1077 1463 1873 2275 2687 3074 3477 3870 4267 4686 5067 5478 5887 6279 6676 7078 7472 7882 8275 8675 9072 9471 9873
25 527 672 1078 1462 1876 2270 2688 3075 3479 3873 4268 4689 5084 5479 5888 6281 6665 7080 7473 7883 8276 8676 9041 9472 9874
25 530 673 1079 1476 1877 2268 2664 3076 3480 3876 4271 4669 5086 5480 5890 6283 6678 7074 7474 7884 8277 8679 9075 9473 9875
25 533 674 1068 1477 1878 2267 2666 3077 3482 3878 4279 4682 5087 5481 5876 6284 6675 7075 7475 7885 8279 8681 9058 9474 9881
25 261 675 1070 1481 1879 2271 2668 3078 3474 3879 4280 4680 5089 5482 5879 6286 6681 7076 7476 7887 8281 8683 9076 9475 9876
25 265 676 1074 1482 1883 2274 2672 3079 3473 3880 4281 4683 5090 5461 5863 6287 6682 7071 7477 7888 8282 8686 9077 9476 9877
25 273 677 1080 1472 1884 2278 2674 3080 3483 3881 4283 4688 5064 5483 5878 6285 6679 7079 7478 7889 8283 8678 9078 9477 9878
25 274 678 1081 1473 1868 2279 2683 3081 3487 3861 4284 4690 5061 5484 5873 6288 6683 7081 7479 7890 8284 8687 9073 9478 9879
25 275 679 1075 1484 1875 2281 2689 3082 3464 3882 4285 4674 5062 5485 5880 6289 6684 7088 7480 7891 8391 8688 9074 9479 9884
25 276 680 1082 1485 1880 2282 2669 3083 3478 3883 4287 4671 5066 5486 5882 6290 6688 7082 7481 7892 8278 8689 9079 9481 9886
25 277 682 1083 1478 1881 2283 2690 3084 3489 3884 4288 4678 5069 5463 5883 6293 6685 7085 7482 7894 8473 8684 9082 9482 9887
25 278 683 1084 1483 1886 2284 2691 3085 3486 3885 4289 4684 5074 5487 5886 6276 6689 7086 7483 7896 8280 8690 9083 9484 9888
25 279 686 1085 1486 1887 2286 2692 3086 3490 3886 4275 4691 5081 5488 5889 6280 6692 7089 7484 7900 8285 8691 9084 9485 9882
25 240 685 1086 1487 1888 2276 2693 3087 3491 3887 4290 4692 5091 5489 5891 6282 6691 7091 7485 7881 8286 8692 9087 9483 9889
25 280 687 1087 1488 1889 2288 2694 3088 3492 3888 4291 4693 5088 5490 5892 6267 6694 7092 7486 7893 8287 8693 9089 9486 9890
25 282 688 1088 1489 1885 2289 2695 3089 3493 3889 4292 4694 5092 5491 5893 6273 6680 7083 7487 7901 8288 8694 9085 9487 9892
25 283 689 1090 1490 1890 2291 2696 3090 3494 3890 4293 4672 5071 5492 5884 6292 6686 7084 7488 7886 8289 8677 9090 9488 9893
25 284 691 1091 1491 1891 2290 2697 3091 3481 3891 4294 4676 5093 5493 5894 6294 6687 7087 7489 7898 8290 8696 9091 9489 9894
25 285 692 1092 1479 1893 2292 2698 3092 3484 3892 4269 4695 5068 5494 5895 6295 6690 7090 7490 7902 8291 8697 9092 9490 9897
25 286 684 1089 1492 1892 2277 2699 3093 3485 3893 4286 4696 5085 5495 5896 6296 6693 7093 7491 7903 8292 8698 9093 9491 9883
25 281 694 1093 1494 1894 2280 2700 3094 3488 3894 4295 4697 5094 5496 5897 6274 6695 7094 7492 7879 8273 8699 9094 9493 9896
25 287 690 1094 1493 1895 2293 2702 3095 3495 3895 4296 4698 5095 5497 5898 6297 6696 7095 7493 7895 8274 8682 9095 9494 9898
25 288 693 1095 1495 1896 2296 2703 3096 3496 3896 4297 4699 5096 5498 5899 6298 6697 7096 7494 7897 8293 8685 9096 9495 9899
25 289 695 1096 1496 1882 2285 2705 3097 3497 3897 4298 4640 5097 5499 5900 6299 6698 7097 7495 7899 8294 8695 9097 9496 9900
25 290 696 1097 1497 1897 2287 2706 3101 3498 3898 4299 4660 5099 5500 5901 6278 6699 7098 7496 7904 8295 8700 9098 9480 9901
25 291 697 1098 1498 1899 2294 2709 3102 3499 3899 4300 4650 5098 5501 5902 6291 6700 7099 7497 7905 8296 8701 9099 9500 9885
25 292 698 1099 1500 1900 2295 2710 3103 3500 3900 4301 4700 5100 5503 5903 6300 6706 7100 7498 7906 8297 8702 9100 9503 9902
25 293 699 1100 1501 1898 2297 2711 3104 3501 3901 4303 4701 5101 5504 5981 6301 6708 7101 7499 7907 8298 8703 9088 9504 9895
25 296 700 1101 1502 1903 2298 2712 3105 3502 3904 4306 4704 5102 5505 5904 6303 6701 7102 7500 7908 8299 8705 9101 9492 9903
25 297 701 1104 1503 1904 2299 2707 3106 3506 3905 4307 4706 5103 5510 5905 6302 6709 7103 7501 7910 8300 8680 9102 9505 9904
25 300 703 1103 1504 1907 2259 2708 3108 3508 3907 4309 4703 5104 5502 5906 6304 6702 7104 7502 7911 8270 8704 9103 9508 9905
25 294 704 1105 1505 1908 2300 2713 3112 3504 3908 4311 4705 5105 5511 5907 6307 6710 7105 7503 7913 8301 8706 9086 9498 9891
25 298 681 1106 1506 1905 2306 2701 3109 3509 3903 4313 4708 5106 5512 5908 6305 6704 7107 7504 7915 8302 8707 9104 9502 9906
25 295 705 1107 1507 1910 2309 2714 3113 3510 3909 4314 4707 5107 5517 5909 6308 6711 7108 7505 7916 8303 8708 9105 9507 9907
25 301 706 1108 1509 1902 2311 2716 3107 3512 3910 4316 4709 5108 5507 5910 6309 6707 7109 7506 7909 8304 8709 9106 9509 9908
25 302 707 1109 1510 1912 2310 2704 3111 3513 3906 4318 4713 5109 5506 5911 6312 6712 7112 7507 7918 8305 8710 9107 9510 9909
25 303 708 1110 1511 1909 2307 2718 3114 3503 3912 4317 4711 5110 5509 5913 6313 6713 7114 7512 7919 8306 8711 9108 9511 9912
25 304 709 1111 1512 1911 2313 2717 3116 3505 3913 4319 4712 5111 5514 5914 6316 6714 7116 7513 7920 8307 8561 9109 9497 9910
25 305 710 1102 1513 1913 2314 2720 3117 3515 3911 4320 4714 5112 5515 5915 6318 6715 7113 7508 7921 8308 8713 9110 9512 9913
25 306 711 1112 1514 1914 2315 2721 3098 3518 3914 4323 4716 5113 5516 5912 6319 6716 7117 7514 7702 8309 8714 9111 9513 9911
25 307 702 1113 1515 1917 2316 2722 3099 3519 3918 4322 4717 5114 5519 5916 6321 6717 7118 7515 7703 8310 8715 9112 9506 9914
25 308 712 1116 1516 1915 2308 2715 3118 3521 3920 4315 4718 5116 5520 5917 6322 6718 7119 7516 7922 8314 8717 9113 9499 9915
25 309 713 1117 1517 1918 2319 2719 3100 3522 3921 4324 4702 5119 5523 5920 6323 6719 7120 7520 7923 8316 8718 9114 9501 9916
25 310 715 1119 1518 1901 2312 2724 3110 3524 3915 4326 4710 5120 5525 5918 6324 6721 7106 7521 7924 8312 9362 9115 9514 9917
25 311 714 1114 1520 1920 2320 2725 3119 3525 3922 4327 4720 5121 5513 5919 6326 6722 7111 7523 7925 8318 8720 9116 9515 9918
25 312 716 1120 1521 1921 2321 2726 3120 3526 3924 4328 4722 5122 5518 5921 6320 6723 7115 7525 7926 8320 8721 9117 9516 9919
25 299 717 1121 1522 1922 2323 2729 3121 3527 3925 4302 4719 5123 5521 5922 6327 6724 7122 7510 7927 8323 8724 9118 9517 9920
25 313 718 1123 1523 1906 2324 2723 3115 3528 3902 4304 4723 5115 5522 5923 6329 6703 7123 7528 7928 8324 8725 9121 9518 9965
25 314 719 1122 1525 1919 2325 2727 3122 3529 3916 4325 4724 5124 5526 5926 6331 6725 7125 7509 7929 8326 8726 9160 9519 9926
25 315 720 1124 1528 1923 2326 2730 3123 3530 3917 4329 4725 5117 5528 5927 6332 6729 7121 7511 7931 8328 8728 9122 9520 9927
25 316 723 1125 1519 1924 2327 2731 3124 3531 3919 4330 4727 5118 5529 5928 6310 6705 7127 7527 7932 8329 8731 9161 9522 9928
25 317 721 1126 1524 1926 2328 2728 3126 3507 3923 4331 4721 5125 5524 5929 6311 6726 7128 7529 7934 8332 8732 9123 9523 9929
25 318 722 1127 1526 1929 2329 2732 3127 3511 3929 4305 4728 5126 5530 5932 6314 6727 7129 7517 7912 8334 8733 9125 9524 9930
25 319 724 1128 1527 1930 2330 2733 3128 3516 3930 4312 4730 5128 5532 5933 6315 6728 7110 7519 7914 8333 8723 9124 9526 9924
25 320 725 1129 1508 1932 2332 2734 3129 3517 3933 4332 4715 5127 5531 5941 6317 6730 7130 7530 7935 8335 8735 9126 9521 9933
25 321 726 1130 1529 1916 2317 2735 3130 3520 3928 4333 4726 5129 5533 5924 6328 6720 7131 7531 7936 8338 8722 9128 9528 9934
25 326 728 1131 1530 1927 2322 2736 3133 3532 3931 4334 4731 5130 5508 5925 6330 6731 7132 7526 7917 8336 8736 9130 9529 9935
25 328 730 1132 1531 1928 2333 2737 3125 3541 3932 4335 4732 5131 5534 5930 6333 6732 7133 7532 7937 8339 8730 9133 9530 9923
25 330 732 1115 1532 1931 2334 2738 3131 3544 3935 4336 4733 5132 5527 5931 6325 6733 7134 7533 7938 8342 8734 9134 9531 9925
25 331 734 1118 1533 1933 2335 2739 3134 3542 3926 4308 4734 5133 5535 5934 6334 6734 7135 7534 7939 8343 8737 9120 9532 9936
25 332 736 1133 1534 1925 2341 2740 3135 3546 3927 4321 4735 5134 5536 5935 6335 6735 7137 7535 7941 8313 8716 9137 9535 9937
25 333 738 1134 1535 1934 2336 2741 3136 3547 3934 4337 4736 5135 5537 5936 6336 6736 7124 7536 7949 8315 8719 9132 9536 9939
25 335 739 1135 1536 1935 2318 2742 3132 3548 3936 4310 4739 5136 5538 5937 6337 6737 7139 7518 7930 8311 8729 9135 9538 9921
25 338 740 1136 1537 1936 2331 2743 3137 3543 3937 4338 4738 5137 5539 5938 6338 6738 7126 7522 7933 8317 8727 9138 9537 9922
25 342 741 1137 1538 1937 2337 2744 3138 3549 3938 4339 4729 5138 5540 5939 6340 6739 7136 7524 7940 8319 8739 9127 9534 9938
25 322 744 1138 1539 1938 2338 2748 3139 3550 3939 4340 4737 5139 5541 5943 6306 6740 7138 7537 7942 8322 8740 9139 9539 9940
25 324 735 1139 1540 1939 2339 2751 3146 3533 3940 4341 4740 5140 5542 5944 6339 6420 7140 7538 7943 8325 8741 9129 9540 9941
25 323 742 1140 1541 1940 2343 2745 3141 3545 3942 4344 4742 5143 5543 5945 6341 6741 7141 7539 7944 8327 8743 9131 9541 9942
25 325 737 1142 1542 1941 2344 2752 3145 3553 3944 4345 4743 5144 5544 5947 6342 6742 7143 7540 7945 8330 8745 9136 9542 9943
25 327 745 1145 1543 1942 2345 2754 3147 3555 3945 4342 4748 5145 5545 5940 6343 6743 7142 7541 7947 8331 8712 9140 9543 9944
25 334 749 1146 1544 1943 2340 2753 3148 3557 3946 4346 4741 5149 5547 5942 6345 6745 7144 7542 7950 8340 8738 9141 9544 9945
25 336 751 1143 1545 1944 2346 2755 3149 3551 3947 4347 4749 5151 5548 5946 6346 6746 7145 7543 7952 8341 8744 9144 9527 9946
25 337 753 1147 1547 1945 2348 2756 3150 3559 3949 4348 4744 5141 5552 5948 6347 6747 7146 7544 7704 8321 8746 9142 9545 9932
25 339 727 1148 1550 1946 2351 2757 3152 3560 3951 4349 4751 5146 5546 5949 6350 6748 7148 7545 7956 8337 8747 9146 9546 9947
25 340 729 1150 1549 1948 2347 2760 3156 3561 3958 4350 4753 5152 5551 5950 6352 6749 7149 7546 7957 8346 8742 9149 9547 9948
25 341 731 1154 1551 1949 2349 2761 3157 3562 3952 4352 4754 5153 5554 5951 6353 6750 7150 7547 7948 8344 8748 9150 9548 9949
25 343 733 1155 1554 1947 2350 2759 3142 3564 3953 4353 4757 5147 5555 5953 6354 6751 7147 7550 7958 8345 8749 9152 9549 9950
25 344 754 1160 1548 1952 2352 2762 3144 3566 3955 4355 4758 5156 5557 5954 6355 6752 7151 7553 7960 8347 8750 9153 9525 9951
25 345 743 1151 1556 1953 2355 2765 3151 3565 3957 4343 4761 5158 5553 5955 6356 6754 7153 7555 7961 8348 8751 9154 9550 9952
25 346 746 1141 1557 1954 2356 2766 3154 3567 3959 4351 4756 5159 5550 5952 6358 6753 7156 7557 7959 8349 8752 9156 9551 9931
25 348 747 1144 1553 1951 2357 2749 3158 3569 3960 4356 4764 5160 5559 5957 6360 6755 7152 7554 7962 8351 8832 9145 9552 9953
25 349 748 1149 1558 1955 2360 2767 3159 3571 3961 4357 4767 5161 5560 5962 6361 6756 7157 7558 7963 8350 8757 9147 9553 9954
25 351 752 1157 1559 1959 2362 2768 3160 3572 3962 4358 4745 5163 5561 5967 6344 6758 7159 7561 7964 8353 8758 9151 9533 9955
25 352 750 1158 1560 1960 2366 2747 3161 3534 3963 4359 4755 5154 5562 5956 6357 6759 7158 7562 7965 8356 8759 9158 9554 9956
25 353 755 1159 1561 1961 2364 2763 3162 3535 3964 4360 4762 5155 5563 5958 6359 6763 7160 7563 7966 8357 8760 9143 9555 9957
25 354 756 1162 1562 1963 2354 2746 3163 3514 3965 4362 4763 5164 5565 5959 6362 6760 7161 7565 7968 8352 8762 9155 9556 9958
25 355 757 1161 1563 1965 2365 2750 3164 3537 3966 4354 4769 5165 5566 5960 6363 6761 7162 7567 7969 8354 8763 9148 9557 9959
25 329 758 1163 1564 1968 2367 2764 3165 3523 3967 4361 4771 5142 5564 5961 6365 6765 7155 7569 7970 8355 8756 9119 9558 9960
25 347 759 1165 1565 1950 2342 2769 3166 3536 3948 4363 4772 5162 5567 5963 6366 6757 7154 7556 7972 8358 8766 9157 9559 9961
25 350 760 1166 1566 1957 2361 2758 3143 3538 3968 4364 4747 5167 5568 5964 6367 6762 7163 7572 7975 8361 8767 9159 9560 9962
25 357 761 1167 1567 1958 2363 2770 3167 3552 3943 4365 4750 5148 5569 5965 6351 6764 7166 7560 7967 8360 8754 9163 9561 9963
25 356 762 1168 1552 1962 2368 2771 3168 3556 3941 4366 4752 5150 5556 5966 6369 6744 7167 7564 7951 8362 8768 9164 9563 9964
25 358 763 1170 1568 1964 2369 2772 3169 3570 3950 4367 4770 5166 5558 5968 6370 6766 7168 7574 7954 8364 8753 9165 9562 9966
25 359 764 1152 1546 1966 2374 2773 3170 3573 3954 4368 4746 5168 5570 5970 6348 6767 7169 7575 7955 8366 8755 9166 9564 9967
25 360 765 1153 1555 1967 2358 2774 3153 3574 3969 4369 4759 5169 5549 5971 6349 6781 7171 7576 7953 8365 8764 9167 9565 9968
25 364 767 1156 1569 1956 2359 2775 3155 3576 3970 4370 4765 5170 5571 5976 6368 6768 7164 7551 7971 8369 8771 9168 9566 9969
25 367 769 1169 1570 1969 2371 2776 3171 3577 3971 4371 4774 5171 5572 5969 6371 6771 7165 7549 7973 8370 8772 9169 9568 9970
25 368 768 1171 1571 1970 2373 2777 3172 3580 3972 4372 4776 5172 5573 5972 6373 6769 7170 7566 7974 8371 8773 9170 9570 9971
25 369 772 1164 1572 1971 2375 2782 3173 3540 3973 4373 4760 5157 5574 5974 6364 6772 7172 7570 7976 8372 8774 9171 9571 9972
25 370 775 1172 1573 1972 2377 2615 3174 3554 3974 4374 4766 5173 5576 5975 6374 6770 7173 7552 7977 8373 8779 9162 9572 9973
25 372 766 1173 1574 1973 2353 2616 3175 3558 3956 4375 4768 5174 5577 5984 6375 6773 7174 7568 7978 8375 8770 9172 9573 9974
25 373 774 1174 1575 1974 2370 2783 3176 3563 3975 4376 4775 5175 5575 5978 6376 6774 7176 7571 7979 8376 8780 9173 9574 9975
25 375 776 1175 1578 1975 2372 2781 3177 3568 3976 4377 4773 5176 5578 5973 6377 6775 7177 7578 7980 8377 8782 9174 9575 9976
25 376 777 1176 1576 1976 2376 2787 3140 3575 3977 4378 4777 5177 5579 5977 6379 6776 7178 7559 7981 8378 8784 9175 9576 9977
25 378 778 1178 1577 1977 2378 2788 3178 3578 3978 4379 4780 5178 5580 5979 6372 6777 7179 7577 7982 8380 8761 9176 9577 9978
25 380 779 1177 1579 1978 2379 2784 3179 3579 3979 4380 4778 5179 5581 5980 6378 6780 7186 7579 7983 8363 8776 9177 9578 9979
25 365 770 1179 1580 1979 2380 2789 3180 3581 3980 4381 4779 5180 5583 5986 6380 6778 7188 7580 7984 8382 8765 9178 9580 9980
25 366 771 1180 1586 1980 2381 2790 3181 3584 3981 4382 4781 5181 5584 5990 6381 6779 7190 7573 7985 8367 8769 9179 9581 9981
25 374 780 1181 1587 1981 2382 2617 3186 3585 3982 4384 4782 5182 5586 5991 6382 6782 7191 7581 7986 8359 8781 9180 9567 9982
25 361 781 1183 1583 1982 2384 2618 3187 3583 4021 4385 4784 5183 5592 5993 6383 6783 7196 7582 7987 8368 8786 9181 9579 9983
25 371 782 1184 1588 1983 2385 2619 3183 3586 3983 4386 4786 5184 5593 5994 6389 6784 7195 7583 7988 8374 8785 9182 9582 9984
25 377 783 1185 1589 1989 2383 2620 3184 3587 3984 4387 4788 5186 5587 5995 6391 6786 7197 7584 7991 8379 8777 9183 9583 9985
25 362 784 1186 1581 1991 2386 2778 3185 3588 3985 4388 4789 5187 5595 5992 6392 6788 7175 7585 7993 8381 8778 9184 9585 9986
25 363 785 1187 1584 1992 2388 2779 3188 3589 3986 4389 4791 5189 5598 5996 6393 6789 7180 7586 7990 8383 8787 9185 9569 9987
25 381 786 1188 1585 1993 2390 2780 3191 3590 3987 4391 4792 5191 5601 5983 6386 6791 7181 7587 7994 8384 8783 9186 9586 9988
25 382 787 1189 1591 1984 2387 2791 3192 3591 3988 4394 4785 5192 5582 5997 6387 6792 7182 7589 7989 8385 8775 9187 9584 9989
25 383 773 1190 1592 1995 2391 2792 3197 3592 3989 4395 4787 5193 5600 5998 6385 6794 7183 7592 7995 8386 8788 9188 9588 9990
25 385 788 1191 1593 1985 2393 2797 3195 3593 3990 4383 4790 5188 5596 5989 6388 6793 7184 7593 7997 8387 8789 9189 9587 9991
25 388 789 1192 1594 1986 2392 2793 3196 3594 3991 4393 4794 5194 5602 6000 6395 6799 7198 7594 7998 8388 8790 9190 9589 9992
25 389 790 1194 1595 1988 2394 2798 3198 3596 3993 4396 4793 5199 5603 6001 6384 6795 7193 7595 7999 8389 8791 9191 9590 9993
25 390 791 1196 1590 1994 2395 2799 3200 3597 3996 4399 4795 5200 5589 5988 6390 6796 7203 7588 8004 8392 8792 9192 9591 9994
25 391 792 1200 1597 1996 2397 2800 3190 3599 3997 4404 4796 5201 5597 6002 6394 6800 7205 7590 8006 8393 8794 9193 9592 9995
25 392 793 1193 1596 1997 2398 2801 3193 3601 3999 4398 4797 5195 5604 6003 6398 6801 7207 7596 8007 8394 8795 9194 9593 9996
25 394 794 1203 1600 1987 2399 2786 3199 3603 4002 4405 4798 5196 5606 6004 6396 6803 7189 7597 7992 8395 8796 9195 9594 9997
25 379 795 1205 1601 1990 2400 2802 3201 3602 4003 4408 4799 5197 5608 5982 6399 6804 7199 7600 8003 8396 8799 9196 9595 9998
25 396 796 1206 1603 1998 2401 2795 3202 3605 4008 4409 4800 5202 5610 5999 6400 6805 7208 7601 8005 8474 8793 9197 9596 9999
