29 3663 7418 9340 8090 6330 6672 3010 23 7781 1644 5493 2496 4198 7351 9726 8663 5255 4573 1679 1920 680 407 1432 9521 6144 3470 9152 759 7891
29 4780 5454 7914 5919 2191 1080 2305 8468 7684 5520 4047 7205 3137 4797 3261 5680 4699 7744 3652 3606 3981 7532 9432 5786 1619 4874 7153 9051 6657
29 2634 8019 1141 2584 4469 6424 276 8774 3776 5112 9825 9343 8294 2969 4738 6041 6749 3302 5289 4937 6979 6582 9072 6291 1640 4207 8690 1899 3127
29 4032 8033 4804 8724 5160 4705 3653 3677 1088 9630 3123 2203 5253 2626 5373 2200 1836 4877 1309 3580 7719 9268 33 7567 7795 6439 5605 1691 9452
29 2174 1111 2805 9742 1187 6326 486 1554 1557 2010 4995 1351 1794 9275 484 413 7936 7987 5490 3498 968 6234 2681 8444 6773 249 5135 256 1724
29 5221 9997 3902 3236 6791 9799 3629 8083 425 6457 8199 2889 5726 375 582 8829 3901 9142 1519 1592 8836 2514 4771 3866 8289 7459 4775 9711 9748
29 3171 306 6808 445 6956 9099 1371 3996 6994 9803 4843 8422 1740 8583 1868 5898 424 6601 3541 53 3115 226 6631 1252 9428 833 8810 4639 8643
29 347 333 2672 3562 2823 6818 3598 6449 2710 5883 5352 4835 9445 3245 119 5586 5732 9068 8134 1473 223 7943 3789 1074 5950 9520 1439 9635 7750
29 2882 6599 4322 3265 9960 7181 8503 8309 2330 1367 2512 7039 1227 1835 1840 891 1248 3176 2105 4041 5555 7141 4233 4214 7434 3534 6989 2895 9103
29 8729 9145 5062 7828 6227 4040 6595 6576 9731 3328 660 6188 18 2901 1113 787 3707 3620 7505 5248 7089 5828 6186 2246 1849 8335 7045 3070 8878
29 5002 5954 1999 8644 9594 4231 1666 2493 9244 2834 950 8978 5400 2456 8753 4979 2813 1417 5799 3204 3343 5704 6011 1135 4377 9640 8152 7734 2623
29 2484 9832 3831 2993 8698 4674 6038 7453 2500 3596 1869 5155 2420 9306 2669 3646 2926 3621 5026 9999 4885 4957 1534 8015 9195 5623 4155 7692 3436
29 3417 2603 4960 8315 6891 2079 2703 2285 4168 7799 3073 7627 5628 6381 2363 3393 5141 4284 4139 1726 1151 4052 5943 292 3625 8817 9603 1621 5816
29 8833 2446 8099 7427 5524 7085 3141 6158 3504 2124 9601 9473 2219 5397 2121 9531 2404 5975 606 5104 4788 3387 6170 2071 1390 9512 2044 9572 6460
29 2796 3660 7584 6638 1599 812 7274 2144 7577 4069 2952 642 1122 391 384 1653 8709 5863 6479 2977 8277 2143 1698 5315 1398 204 3018 7888 9760
29 6975 6885 13 9155 9194 2541 8538 9591 3931 9459 5690 734 5500 5012 6202 8481 9860 8575 856 5041 5613 8748 9953 8381 1335 7060 2228 9790 1359
29 2280 9822 8057 1817 6845 2861 5480 9180 4552 6888 735 5838 7586 1773 2812 4345 6173 3291 4920 6639 8447 2575 9032 8449 180 9176 47 2965 617
29 8770 7590 746 4049 8085 7646 8441 6587 7494 2884 9938 7012 6928 1381 1780 809 5408 7456 3762 284 4225 6220 4510 6195 2331 4285 3210 5195 8622
29 8135 5831 8598 993 929 8764 3150 316 5008 4321 6940 9902 6327 206 895 2597 4227 8811 8823 1075 1420 3568 6273 5070 4550 6400 1886 6923 2292
29 8941 4506 9049 2452 9211 7579 3064 8161 9221 510 5202 7043 5677 4220 9217 9387 8270 6689 6383 5150 8151 1137 1866 9850 3170 7615 6539 5399 9729
29 3173 5260 45 9282 1143 6261 1751 2792 37 3954 3299 5766 8818 599 1760 2704 2827 1395 7476 3747 1686 5151 7346 4984 3049 2538 4020 4027 5964
29 1181 5679 1587 1938 4398 8011 9988 7908 8647 3312 7110 4687 1906 8931 6983 6354 8138 8652 55 3420 2017 4767 4428 921 3032 5571 7129 2656 6123
29 8887 9738 9714 93 7801 2761 152 4593 7130 9469 9258 7811 6427 7610 417 3336 3201 6347 3711 4683 2643 9774 4223 7200 1591 4185 87 4653 6611
29 1875 6096 4141 3950 1790 3975 9770 1997 4658 9056 2168 7993 2642 2598 4830 7015 8504 5464 9107 3108 6747 1523 1643 989 1754 9166 7816 9448 2355
29 7009 7318 1965 8453 7644 2917 8187 6124 5210 6610 8880 4478 4480 1403 1928 4115 9045 5450 8636 2551 1807 4440 5572 9811 4696 4261 3424 266 7976
29 1215 2223 9888 9619 3219 9175 1031 1918 4717 3527 142 236 4236 3730 1703 12 6886 4527 7705 5974 3153 1676 112 4741 205 5487 5595 194 9219
29 9841 3039 4473 4169 8223 1617 6321 593 8916 5019 302 9042 2091 9980 9230 7856 242 5456 6489 9948 1716 4734 1389 6758 3458 1919 4643 758 7701
29 2216 6440 8849 8088 2699 5923 7831 9033 8164 9063 6082 1394 7978 6407 3290 6153 6247 2881 6346 1605 1992 2775 4193 4897 2967 7485 7570 2743 1249
29 7804 2854 934 4362 9270 1091 8912 9685 8247 3843 9420 4177 3726 3772 5273 2065 3340 1117 8303 4595 2286 3505 2000 440 8889 5995 5640 4334 3246
29 2925 7136 4760 7785 8579 5818 9308 5465 7226 8475 9546 170 4631 5088 1616 3990 1911 4948 9239 4492 2768 4773 6366 2020 2506 2074 3368 8458 5084
29 7899 9351 3363 9927 8345 5875 6902 9054 4906 778 2777 523 1768 8676 9427 1286 6345 4298 5905 4838 637 6081 9605 2207 8146 6296 8834 3544 1154
29 5016 6056 8220 4709 6868 3722 2572 6532 3854 5274 65 4462 8695 9237 9332 4421 8882 6214 4542 4535 4404 4711 1565 3421 3395 2847 9302 2942 5426
29 4757 5455 4852 9292 1864 6498 4380 2284 3665 2789 9433 7311 5186 9712 2960 7906 8279 2905 740 5607 3740 8029 2136 6659 8496 2505 4607 3749 5282
29 1743 2635 8097 6643 3739 7700 705 2023 3710 2616 9833 4187 2226 3700 2218 5793 7668 5067 3561 9247 3354 5842 1178 8313 115 1930 3688 5477 5379
29 8189 8544 2209 5323 4626 6693 8610 6120 77 3083 5106 2997 6594 8378 8510 3970 2141 3003 6714 2046 7967 1507 6464 905 5225 5052 2362 9664 8932
29 123 1434 4467 6297 8612 6668 3314 8866 6733 7122 1671 116 1796 7773 4783 296 7084 8488 8956 1763 6721 1174 1945 4703 2115 7520 8332 6157 3253
29 5536 6130 654 3558 9017 4991 8553 874 9771 4903 8213 2122 9314 1363 9524 1318 5832 2956 3158 1577 84 4194 3658 6393 2663 6342 7830 8054 4520
29 7563 2150 1472 7907 531 7527 7722 4097 6021 8438 2024 1100 6879 9866 6877 3489 7263 5391 5515 2783 7753 2936 3594 9523 9466 1344 1812 725 5116
29 5360 2849 6950 1065 897 4045 4999 6842 8092 6655 4754 4668 1343 3817 1172 8053 7762 8838 4332 5114 3667 7207 8614 9206 9974 5861 9920 7964 7708
29 4490 9581 3423 6850 4522 6878 5624 131 4209 4904 3956 3945 9843 9628 3532 3811 1294 2208 4181 1530 1750 8524 5108 7321 9721 7279 7634 5778 1841
29 2729 7759 4891 5343 8661 3523 7445 9123 2653 8374 5892 9337 9780 3755 9439 2625 5611 5804 479 1914 9916 1409 1460 1306 3126 2396 9250 730 66
29 1910 7320 6570 8545 6531 2808 7447 7852 1418 9013 4854 14 5457 8299 8634 5782 5557 918 1425 5601 9122 2384 6425 3024 8246 1652 5689 3712 3662
29 3853 2098 3636 7189 6341 3144 1516 8986 8493 3564 9666 1304 2365 3106 8473 3908 1348 8913 1204 5511 2390 69 5666 9138 6906 5417 1217 9819 6488
29 5418 2822 558 7259 1491 5887 5873 1349 629 178 8505 3455 656 6248 8681 3644 4654 7637 6626 1271 3479 7770 6650 447 7143 6146 7329 8140 8269
29 3430 1179 9106 8200 1925 2238 6863 7062 786 2853 9375 429 3555 9709 7014 9356 7948 6680 8169 4411 5921 1513 5662 7221 310 8041 8288 6108 5618
29 4105 5588 4768 9876 842 3659 5095 7782 6559 7944 215 1291 2866 1969 8740 9915 2897 199 7339 7342 1099 7503 2315 1127 7361 1326 2802 2395 7820
29 9823 9058 3491 3035 7515 3501 1145 2385 5908 3264 4739 2299 4450 2478 3179 6991 576 7158 4846 6140 2040 5945 9526 5241 9900 202 8591 1290 9335
29 1216 6340 8946 8375 5890 2724 3506 9398 2510 5247 2253 3820 9000 1989 5549 7860 8006 6177 5435 2933 1828 7244 1030 3099 4147 2019 1477 4516 5902
29 3508 4114 9872 1399 8885 470 9093 7810 8229 5254 9692 2187 3211 6031 9686 753 4302 9117 2838 8179 7554 8837 3386 2994 7108 9871 9723 9004 9830
29 8476 6613 4065 501 6654 1385 9039 506 9449 9141 3107 9283 5962 8795 1033 7699 9361 3913 443 772 7467 1892 7618 8929 9304 1007 6324 3000 3609
29 8027 187 175 4993 6895 2328 5165 8181 3098 3468 5709 6452 5901 5891 6010 2038 1967 9134 2343 6945 3294 8263 580 9086 668 5637 2047 6256 8877
29 2182 8854 8424 1721 9993 932 9426 3466 4062 7731 4861 7609 9019 5098 2233 6937 8928 4000 2607 5497 1783 4581 5770 3890 2826 2375 1552 1689 1779
29 4410 7851 2378 6520 8623 3121 6185 2573 2937 858 239 586 973 3281 5686 1630 2287 5429 9038 2004 5193 845 6835 5817 5064 4170 7436 2358 9467
29 5216 2734 9168 8678 2797 6674 4766 1896 2535 228 3921 806 8501 990 5328 3651 6927 4938 4479 7745 265 9124 4746 5305 8249 2288 8896 1380 4695
29 6754 3183 6423 7198 2908 4545 9869 1323 6086 9415 2119 9508 88 6095 4001 1612 2192 4451 325 2479 8061 8895 247 324 9329 8387 9025 5111 7687
29 2444 2485 9215 3690 3033 8389 9865 3567 7813 4567 6831 5381 4203 7241 9777 5310 6540 8283 2948 6664 3940 5071 2252 9008 1994 9638 4012 8908 4414
29 6190 7833 3187 3248 5144 5353 4952 3159 7953 4088 7231 4559 9405 8970 1426 1851 7525 4448 3262 8386 6349 6175 4603 1023 5559 355 483 9081 9950
29 4694 2107 2636 5239 9707 5683 7370 3161 1307 6963 5606 63 2283 2604 1620 7718 1310 3635 9785 6257 1806 8465 4583 9173 9064 3180 9674 4968 1250
29 288 4712 671 6861 1131 6463 5157 2123 9120 5037 406 4138 6665 1816 5889 8777 3556 7660 7165 652 9421 3994 5314 1203 1018 5031 3705 7815 6048
29 8346 5630 4466 557 9966 450 3589 9757 1484 802 3584 2177 2027 1764 2089 1324 3898 688 2189 1940 1735 7876 2835 9416 153 1596 4137 9568 3089
29 5631 2779 8858 168 7798 1386 9053 1968 4561 7824 1163 2592 8920 4586 2460 3271 9632 7422 3577 9653 4867 6764 5301 9590 4201 9188 889 9837 9267
29 7495 7233 9284 8625 7465 5981 4422 7802 3966 2163 6385 865 9272 875 3109 9279 9816 1353 307 3284 3702 2679 9951 2413 6990 2454 4569 7440 1639
29 6619 7411 9475 6548 6417 4868 6887 6162 1744 9829 2167 6919 6985 3571 4544 8639 3510 1873 6644 3835 1221 7343 311 4130 5644 6648 6278 748 8859
29 7568 4378 4119 2939 7733 4813 8198 6444 3825 1305 8452 436 2137 4132 340 2595 2898 4519 7927 5596 3463 181 2755 9157 5931 6270 3855 5803 9331
29 281 9322 6229 9690 1635 9500 6621 1199 6015 8403 4786 6469 8002 5153 7518 1207 7184 150 4899 7572 998 4369 5621 9136 8871 2697 91 9847 1996
29 9525 9485 9111 6793 2357 5224 4665 481 9315 7357 6206 8133 8163 6627 8923 9338 6072 9172 6809 2583 9363 1201 5458 1645 8405 1562 7366 428 7331
29 5232 2231 1574 5556 9320 2350 4691 1 277 1489 4290 5903 1582 807 7814 8398 3828 3796 4306 564 9806 2508 3863 3773 1243 2641 8350 9562 737
29 3358 2763 3353 5946 6201 3878 2677 7156 3366 6997 8831 698 7971 5441 6232 2380 1015 7121 6519 7059 5794 4434 5125 5720 771 4889 1009 7865 8456
29 7521 2772 6392 1501 3588 8406 9522 6317 241 1890 6265 2532 7564 5654 3132 1518 8658 8106 8631 3670 1289 7522 6053 2080 7050 3610 8782 5516 7271
29 4819 9986 2258 5025 8747 7197 2717 2282 2416 7758 9031 8382 2674 7294 3487 5764 6962 1880 985 1770 1576 90 6281 397 8087 7602 6110 3579 7117
29 1073 1355 8063 7340 6602 1858 3531 7452 2689 4028 8060 1384 7203 7413 7667 5558 7664 4315 4035 6876 7486 6974 8557 5297 1121 7041 7836 7268 2442
29 947 8111 3605 8734 5036 2408 8079 7283 3524 4048 11 132 5237 8537 7871 9639 8228 128 6388 6052 8855 4606 8703 7316 711 3287 3298 7894 799
29 7065 3634 9839 1681 3116 8292 366 299 7219 6805 3338 2999 9747 999 6077 5626 9112 1831 8256 9886 1427 3194 3788 2201 1508 6432 6522 465 8440
29 5685 4477 2586 8439 1500 4745 1843 8925 7326 8525 7049 4770 1924 4455 6018 7273 3742 8009 7988 8016 7683 8934 7809 5452 7526 683 79 5082 6662
29 8626 6766 7551 3549 30 3440 7365 4988 3459 3604 8086 5697 6593 8400 4212 6607 5687 2938 7222 248 5708 7879 8677 8369 9967 6379 8030 8471 6796
29 8218 2440 4441 2397 1452 3848 868 6165 867 1411 7378 549 755 9826 9115 6565 8483 1571 9388 1734 4756 225 8784 4241 7115 7397 700 25 6542
29 4594 8107 8480 5269 3955 2983 1322 5841 4641 489 9906 6007 8489 4714 8415 8384 5984 9184 3884 2005 8999 4504 6713 6167 1729 8776 3983 1625 4866
29 7553 1746 2820 4900 6292 7016 5320 1741 3462 9435 6585 3025 6024 3822 4353 9369 4994 2221 3415 1752 332 4204 9663 5295 7999 7182 7251 6998 6858
29 9214 5322 9216 4006 2655 3383 8648 6166 350 2063 1047 6511 6454 278 2157 5710 4742 9646 8466 3226 3156 2499 1169 492 9675 618 6478 7374 6866
29 7533 6933 5138 5287 7073 124 8671 2204 2326 2483 8801 1580 1301 4435 4651 5357 1848 8670 7475 8175 6857 589 1694 1719 6935 4106 7213 7777 3002
29 7310 2227 6422 1370 9119 9613 1973 7594 3709 9574 6328 7250 4970 6955 9608 254 1761 7608 1424 4919 5077 7735 502 7513 7042 6844 528 8032 9411
29 516 8074 8290 8683 3961 2259 5989 1511 5614 5661 8478 524 3317 5451 255 8255 9861 6763 638 2236 2904 9479 8395 1515 6952 7970 7963 3572 4442
29 6338 5876 1781 6094 8915 1170 4873 925 7493 4394 1021 8686 7703 1205 1936 8699 6830 597 9779 5439 9667 5929 8317 4716 3870 2153 8757 1101 8772
29 5292 1622 6703 8580 6060 8499 3915 5681 2539 8433 1106 7761 885 5044 7449 1556 4384 7246 3319 3080 9706 3337 7478 9484 6074 1330 4423 8423 1102
29 3397 3250 6013 6030 4501 8517 6628 8530 4958 4389 8981 6033 7635 509 5529 5158 2951 935 7282 8846 7499 7585 459 3539 4894 7330 7390 2928 9992
29 5513 3301 3725 6541 6397 1860 5590 8434 3443 4420 6505 8723 4795 7298 7652 412 4252 4153 5542 6797 6182 5746 35 2140 1340 219 8474 3275 8684
29 2382 4967 2859 5647 2324 5976 383 6632 7690 3292 4737 6799 7543 648 5844 1777 3288 6049 5148 2411 813 4125 9693 5625 7601 4221 8872 9423 5072
29 1598 7426 3182 2318 7335 5459 1509 8114 4729 4887 8759 6204 1410 4400 5414 1159 3239 4415 2049 907 1429 7402 5047 3095 6954 3373 2099 1342 954
29 2260 5303 3001 209 5848 279 7920 5152 9210 4468 7985 376 7358 4102 7079 6682 6549 9571 1391 5802 1520 2885 4512 330 2989 2371 2184 3057 8363
29 2930 9476 3 6276 9607 7286 3376 7423 864 3221 1833 1056 8786 8137 4633 2070 3445 1499 2062 5238 9589 4253 3351 4935 6690 5808 8318 9269 6606
29 6932 227 222 2855 3454 1985 1632 107 7199 4837 2863 8909 2561 3391 2912 8552 3269 8919 8820 3765 4793 6396 269 2556 5402 1727 5928 2467 7835
29 3320 4460 8943 7822 144 5057 5409 9417 5023 9658 4913 3015 369 8841 6017 2031 7356 6838 1712 5092 7063 5971 9570 9530 7972 3758 9353 2579 1700
29 213 9848 1804 3632 4244 6821 3942 4066 40 6236 1943 8127 9160 3072 7104 4620 5396 894 4596 6040 4008 5820 8013 1171 4907 8252 9792 2106 243
29 636 8808 2804 7803 4091 1876 3434 6901 6065 4555 4700 9617 5097 808 5149 6575 5340 1713 6624 2102 5722 9672 4044 6183 4301 4308 8565 2771 901
29 7956 2175 4330 2457 554 54 6042 4646 4234 9400 9368 3716 7946 4159 42 4635 7412 99 1482 1314 2509 5102 5462 7670 7328 5825 552 5754 8336
29 1902 2819 7258 404 1682 1092 4592 1157 4609 6743 8905 3735 880 4408 1445 3752 4278 8721 6412 5996 3205 7845 4300 74 7595 2869 9540 3911 7910
29 5280 7074 5904 5472 4399 1852 3664 4023 570 2028 4317 7991 4648 3054 9143 801 3694 7847 3781 2650 760 1053 2528 5 5363 8691 3951 4956 4759
29 9043 5522 5376 267 193 6748 774 9077 8715 2961 9963 3603 5220 5442 5899 7556 1191 9561 1801 7167 3149 1025 5264 8733 3053 5696 3525 5742 1917
29 7100 3536 6875 1528 3266 7979 8210 2534 3852 2435 6794 2176 2255 5772 2981 644 1213 7555 607 3273 588 4476 4179 8548 4886 382 9024 2850 3600
29 8380 183 8668 5853 1795 3249 984 2577 7990 1637 82 6491 8025 5268 8371 4702 863 788 4429 6651 373 7173 8166 3751 5862 8769 380 3608 4881
29 568 1720 2892 9196 9984 2367 125 1414 4726 9483 8078 2213 1094 8780 2766 344 476 6289 2419 7324 4531 9399 4051 3787 7582 4605 1631 3988 5678
29 9377 4598 4826 6795 8630 9023 5949 8293 926 7767 2890 9922 9497 2316 7933 767 3760 7962 3136 2417 963 5242 7257 158 5299 8307 5021 1680 1050
29 5956 8863 1070 4730 1707 1443 8549 5466 9936 5423 7315 9880 6862 9973 9845 9132 7617 8857 956 2405 5535 2379 7930 6020 3243 5652 6465 9236 4940
29 464 2651 5341 5471 8492 6700 3643 432 6704 3583 7280 8046 2468 7278 1459 8435 5993 5991 7842 5982 5330 729 157 5565 3714 2590 8469 3263 4815
29 9200 2574 2117 3779 6480 5682 8205 7162 840 8572 4409 6148 5857 2057 4621 4117 7305 6067 6816 4213 4064 1138 5073 4862 2662 669 2949 3560 6438
29 7682 5780 5288 9616 9810 7399 2427 4059 2224 3295 944 9245 7384 9977 5066 9419 9376 9716 6380 7304 2774 2841 3818 3919 4802 4200 3794 7517 9519
29 5275 5136 7038 8568 9990 3957 543 8051 3103 7421 7825 3321 7604 8188 4166 2705 6078 3407 9824 2687 3036 7011 951 1241 9170 9408 888 818 9633
29 5276 7029 1037 7710 2386 6834 6259 2193 3619 2733 8271 9787 6336 1755 6172 9851 6375 6163 5290 2631 1608 4701 8555 5231 5657 5134 8370 4017 8178
29 1624 525 4054 7387 3311 48 1295 5752 9094 4557 8741 9944 1059 2458 9404 2126 2685 4436 2680 7227 665 8781 5375 6904 5880 2059 8026 7931 7237
29 624 6455 2548 7643 536 7893 4580 4230 1957 9793 7295 4498 3177 3255 8527 3764 2785 8927 8494 3903 7827 4275 967 8813 7557 8876 6473 3272 7105
29 2975 4850 9110 7270 5118 7901 6660 5119 6771 6283 5835 5617 5938 591 9364 3987 8018 4974 701 1369 3097 2311 3574 9355 4684 9397 7715 6760 1702
29 4083 1090 4162 3202 8131 113 9048 2728 2888 1288 3447 8005 6911 6462 9618 2870 7035 8450 7313 6798 9875 8393 7778 1406 3989 6208 8805 2992 4297
29 6513 2061 95 1882 6740 4007 9294 2748 5187 6458 1663 7723 2321 4657 2552 9703 3806 9827 8412 3910 3786 9578 1063 8038 8039 1302 1129 676 6976
29 832 1959 6656 9055 2186 537 4851 6897 981 3359 803 4832 4148 2745 6274 301 3402 5172 6362 2970 5006 9588 8091 5028 5649 1079 6964 4133 6471
29 1078 2114 3432 6047 2803 4666 1319 1947 7846 2872 5405 6633 2683 6036 1844 7875 1904 9130 237 914 3819 4578 8230 1225 9201 517 7403 3821 883
29 2702 3941 3409 666 8893 6939 7415 2072 6557 8334 7483 9271 5913 2693 912 4636 9909 4721 1837 8390 4456 936 5855 4438 4482 100 1604 1396 811
29 4075 5525 9696 6776 2788 2173 8072 7562 3408 6486 8884 8975 2050 2086 9626 1775 8410 4618 3326 596 6073 9472 5582 2492 639 2033 9627 8113 1629
29 5029 691 8354 7858 280 8989 7772 2880 9668 9917 5712 7033 8368 7843 6978 5311 9817 7070 4046 9553 2486 298 9620 5059 337 4689 5470 17 4564
29 5676 3483 685 7808 9995 3729 3041 572 4986 196 3451 6450 1267 7169 5182 6179 6360 6097 9378 9126 8939 7188 149 4143 7934 9998 2737 6719 5045
29 8330 8656 5188 6105 8388 6930 4615 6100 6882 9602 7101 8022 9969 2682 462 5065 1361 8737 9255 3860 4833 9857 9929 5573 7968 5674 2502 6168 1261
29 1032 6470 2906 1316 3401 345 6180 5829 400 4755 285 5383 2828 9228 6133 3538 7477 4076 4584 1651 2746 3427 8477 3897 4961 6663 3315 1614 9482
29 2891 9273 6936 1826 1553 5355 1567 8875 4205 2580 7881 9328 2621 7404 1615 5089 372 6729 1900 8411 8364 8251 8000 189 3916 3960 4828 64 6032
29 4533 646 4791 6311 1861 6242 5076 1793 8646 4842 106 6592 4911 2058 3189 2361 5807 9698 1116 5636 496 6618 7175 546 5688 2947 9884 4446 6295
29 3045 1983 7868 4847 8258 3076 8362 4425 4 9492 1016 8881 5694 1737 6035 3795 2959 1332 7873 127 4176 7997 1010 3777 359 8596 4697 6249 167
29 8339 7204 8401 9763 8392 4077 3006 8992 7864 120 817 8491 8745 7724 9671 822 6788 7193 8689 3433 5932 1136 9947 2291 5167 5203 6284 6145 8542
29 5201 1208 1132 6710 3309 3048 7306 575 7148 8165 5234 4276 3516 1531 1256 9943 633 1278 4381 2605 2929 6503 3364 657 5428 5306 8142 2846 4859
29 8497 7036 3411 9987 6253 727 4790 5659 4063 6339 6085 4547 7051 5517 3398 262 5539 2469 9593 3094 9547 1628 6155 1636 5294 1948 4638 1533 3723
29 8485 7344 8697 2294 8349 6114 6176 3654 7170 710 1524 208 1732 9722 4673 1471 5581 1809 4121 5467 8260 1142 6055 5701 7717 3167 8234 661 7621
29 473 2536 2941 1564 5723 8239 886 5721 709 8536 8147 474 583 5421 7736 7185 3695 1060 190 3457 3297 2183 6853 8936 9149 5865 9071 6213 3102
29 1797 6241 7519 3784 876 5126 9065 5444 8851 5699 7239 1234 4447 7410 9402 4419 6616 6216 5079 7544 4104 5434 7005 7559 4628 7492 4675 3164 6552
29 8222 9957 6497 5990 4640 9151 3880 1224 9740 6191 4078 4103 5645 9647 1495 2567 3332 9765 4259 7451 4050 7756 7942 651 7439 1490 6252 2719 9311
29 8302 3717 3832 2145 3233 1474 6099 6451 6762 5969 6843 645 5960 1233 4985 9713 8949 5164 480 3241 3197 9323 8562 2054 714 3422 98 6415 9108
29 2902 2753 3392 2800 327 3650 3467 4503 3124 5748 7921 1496 1748 1986 2100 2649 2619 9911 6604 9357 6661 595 6142 3128 2211 7424 6279 2984 4355
29 3891 9281 7580 7144 5431 8864 3780 5851 1867 2241 8104 5519 4892 4880 4495 9584 2002 4723 2671 418 6 8775 2434 8959 461 2773 4029 8574 689
29 4309 6212 8848 2398 7292 7561 2640 7977 6554 4681 3976 1784 6268 8700 3519 2152 8291 7757 2158 920 7487 9955 1514 2169 4264 2564 5554 5463 736
29 4258 6475 5544 1664 3944 8546 7256 4471 9678 5847 5236 4392 8286 2359 3628 8979 6705 3715 5561 9116 8771 3405 358 4656 504 2034 7336 3122 6697
29 8816 7289 6122 2744 8790 7849 7832 452 4397 9153 2739 9011 156 3380 8232 6127 7536 9542 9156 7688 4540 619 8766 1972 2613 9035 446 7659 1575
29 3029 7874 4853 1579 7954 5753 3986 9504 2504 365 4071 6999 1463 5213 5161 9624 3304 195 9252 9226 9015 2039 616 987 3493 7709 9937 4752 4820
29 5715 6034 6732 9481 3093 2688 7755 4587 9828 2251 7844 881 438 448 2964 7114 9580 5944 5530 3685 844 2383 6076 3375 7333 2273 160 9659 7607
29 1046 2400 2307 9253 4211 3885 3720 9128 1378 6675 961 4929 7044 7789 3096 1182 9480 2563 1980 261 7247 6225 5747 3626 2757 5495 2871 8225 9891
29 7425 3037 628 1144 8020 32 4959 6688 6226 8344 4224 3871 4282 7107 9855 4844 4199 1991 5492 3680 4774 3678 155 4142 8322 2576 9856 3004 173
29 3452 7317 4588 2606 8144 9527 186 8519 2090 1013 7791 3642 2094 4554 9689 5514 4081 8167 4922 1364 6160 5317 2974 8514 2101 8722 3252 7319 3157
29 9877 2531 1109 6357 7890 7786 4810 9207 5068 2372 7797 8298 8159 2511 9583 2628 8899 9474 3101 1071 4604 5096 3575 8632 4042 911 1435 7917 5531
29 8948 1988 50 7926 7698 3731 1382 4127 3486 7484 5123 7616 3595 2519 2756 8822 4370 8221 1815 5672 5404 2886 8952 3924 2831 3334 6504 4208 7094
29 188 5567 6434 4257 8306 3471 5207 4009 2128 994 7829 8066 4352 2048 1778 3088 3518 2614 5162 3456 573 2972 2645 8321 2006 6169 3701 7869 4079
29 9018 4949 1771 1008 8997 7746 9154 7689 8168 8451 3477 2415 7677 7641 4680 6306 1953 747 1532 3084 8262 643 2148 6223 7026 9233 2711 2668 5304
29 5867 7859 4568 2637 3543 8554 8351 2360 4784 7973 1167 3873 7394 4532 6403 6228 1536 9287 7406 3699 9636 5230 5671 135 49 8794 3142 1802 2096
29 4145 6125 9496 828 1958 3282 2109 1455 6061 4192 8673 341 8797 9259 7939 133 8650 8547 9539 8467 2377 7592 9009 6359 313 7028 3378 6750 3464
29 6246 6243 7663 8603 2376 9288 1827 6004 2464 7030 7969 5032 2507 1915 1526 2843 9651 5655 2181 1107 919 2161 9088 319 2562 5130 7656 1865 1341
29 4647 9913 719 6779 4053 6062 179 3602 6741 3756 2196 8520 7649 4124 3333 1659 6421 3639 9232 9566 7120 682 1392 3687 5284 2520 3802 2351 8798
29 3242 1932 8343 1984 815 8637 4351 4396 777 3274 8209 1337 5204 8460 4151 9732 5156 7171 4039 7443 9930 4502 3065 9532 1811 4229 260 9190 4782
29 8500 3995 5992 3920 634 1423 5265 1610 9090 3964 904 8259 712 6523 4805 2911 4268 8907 9487 3313 7106 7150 8507 6312 6852 2987 5257 5099 8728
29 9225 9344 3550 4277 4427 9350 5840 2644 171 1338 210 4080 5743 7296 2894 349 8487 6419 2314 8638 8028 3907 953 6275 1458 9749 6577 7676 8462
29 2953 1168 2256 5580 3339 9797 5055 2752 9515 392 2082 7696 1480 9761 3478 9199 3547 5537 7538 745 2723 1660 5779 3278 7061 4112 5812 8264 6152
29 8110 2368 197 561 4698 612 5821 3100 2587 2608 6178 7588 5401 5598 6645 6884 386 1404 9662 6828 8518 2016 1456 5895 9735 9862 6525 148 1413
29 5412 9702 5223 5767 6709 9924 4184 4692 8758 9743 7793 4779 4650 6151 2665 2527 527 9148 6135 1669 8980 6783 231 9354 6636 5329 7581 9095 7223
29 1019 2438 9321 86 485 2490 9087 6164 6386 9413 8669 1709 8657 6671 2130 3344 4980 909 7534 2064 1062 3406 1238 7903 6045 7752 4058 7566 9300
29 7359 329 1105 4514 9061 4597 1259 3063 6566 7008 6121 6669 5952 7995 9098 8281 8416 8976 2503 9549 312 5819 5789 2751 2778 3633 7372 8075 4487
29 4474 9767 6002 9507 8119 6197 4997 9733 2830 1672 2134 3581 7348 8708 1870 5349 8342 4292 2240 7048 5131 9680 6802 2009 3008 9167 816 3512 8418
29 3412 4928 9896 6820 6780 625 9436 8873 5372 4613 2095 217 2088 2264 9737 9285 3934 7131 8231 5075 6967 860 5592 4190 7433 9493 6280 1292 1098
29 5171 3733 8926 2242 4189 8461 2433 3077 8993 4849 5319 2816 8208 7137 9451 6050 9121 1891 9798 2954 4402 8077 8815 5176 1558 559 1312 9 2195
29 6141 7166 3804 1913 2475 7958 2334 1931 1219 8185 3230 8754 9312 3449 7636 8641 6517 1601 6980 6564 2629 192 141 5532 3066 1485 6534 9389 9550
29 1397 2620 2555 9804 9501 3166 4923 8023 8236 9975 3113 6746 360 1134 5941 9044 4098 3081 7806 7965 1198 7714 9494 526 7945 5860 8275 2263 1103
29 220 9976 9298 6860 5959 8897 374 7919 5538 8311 4359 6495 1603 8731 647 4217 2066 697 959 7657 1373 7620 2560 6823 8156 8789 1194 5750 5058
29 1714 3238 3473 7264 7632 2622 7082 6966 154 562 7974 3676 8182 3793 6203 3196 7163 6308 3967 9050 9789 5499 9939 4706 8429 7897 6725 6305 598
29 2546 1274 2165 6745 7889 275 9238 8170 8116 2113 571 4772 5703 7961 4296 458 2472 5394 6466 9208 6288 6770 9133 4614 3718 3569 110 2439 2916
29 7924 7768 2295 7711 507 3450 3396 4915 1657 5174 2731 4073 8383 367 9301 6193 1139 9795 3203 3998 4749 9650 4342 781 1188 1128 4508 6304 9545
29 1661 2501 3497 2750 1935 3984 5837 5845 4655 10 5286 9746 7297 4748 6846 5972 7216 5910 16 5120 9067 4505 6058 2388 5307 6727 2632 1859 9026
29 1402 1950 5977 8242 8662 960 3883 2250 2570 6429 4281 8226 326 2429 8109 5137 3129 8608 5309 3977 4247 5145 733 2537 5713 5997 5296 1061 7591
29 4976 902 751 4135 8498 2156 3214 6527 8535 4489 1193 4158 9326 1993 9135 4941 9165 1832 4524 5691 5759 7514 1282 8174 1084 8835 4318 3152 9222
29 6912 4172 8655 7622 3446 7729 2979 4120 5358 421 3877 7960 5327 4108 3745 2301 4005 8883 3867 6474 6467 2389 1268 6365 4245 5365 8977 3810 6578
29 1887 427 4263 274 7771 3978 8490 7077 3485 4571 1559 8966 9203 6641 1550 9100 8785 603 4688 3444 2428 3892 5491 6718 2073 3728 1648 2824 699
29 5651 587 4856 4601 2001 8431 2322 4575 8420 2432 9679 5914 1089 9002 3627 172 7725 1020 8886 6528 4822 9559 3958 7537 514 9989 8744 2801 1352
29 9642 4373 7080 1933 3997 6896 8751 9599 4033 3047 5110 2497 8486 2944 3437 3020 6869 4841 4140 3267 6666 5998 1470 2915 1742 7240 8955 2329 7490
29 8584 2248 7293 5333 3698 7098 3143 5348 6944 6344 8560 1005 482 721 7091 8347 9444 7355 9556 9754 519 4942 6649 2946 6900 8287 7647 9318 8095
29 8720 7377 9908 3697 5011 1941 1346 6322 1245 7866 4565 2875 5548 1239 7606 4452 6266 1339 6083 4625 5698 2795 6238 8120 978 7669 5415 7363 6673
29 9813 5033 9710 8539 6605 449 3631 273 5410 7488 8150 1687 9074 9752 9403 5615 4973 5864 4344 2985 7887 3293 6652 3322 6583 5398 7267 6215 6435
29 8426 402 1379 5669 1476 6426 7489 2715 4271 7516 7375 4676 3022 5147 3876 8853 5039 3146 4256 8635 983 4146 992 1786 7819 800 5869 684 5578
29 8763 6372 5474 1446 9177 2424 8609 8502 146 5387 4875 2558 7391 7220 8743 4787 4740 8227 723 2190 3874 4095 4109 4883 7285 9131 1293 5583 9919
29 6510 7031 3254 9113 334 7989 2265 9932 1908 5933 2306 7468 8304 6398 6335 3495 6156 9982 2133 264 2127 1762 1529 893 5013 5449 9161 4305 4094
29 6211 3104 3324 8806 2274 545 1498 8241 4824 2903 7457 1192 8611 2924 1733 7706 6224 4493 6996 4376 322 4538 9859 2716 9434 3394 6377 3548 942
29 5250 655 1374 4823 7529 6731 6836 5735 5777 7429 7128 2825 4630 4898 6870 5510 5917 7611 140 393 6187 6826 5389 439 177 9935 8918 5479 565
29 477 4517 5564 5413 9778 8595 4266 7092 5007 7180 1966 3460 3816 8954 3971 8958 7900 9700 6395 4391 9310 957 51 9450 796 8755 8081 1589 9643
29 8982 9289 1641 9585 7238 5922 2738 4072 6260 850 5612 6079 4026 1893 5508 5796 1287 763 1001 7164 930 9212 117 7017 1375 7805 9179 1387 7364
29 1877 4933 9198 9470 5407 7624 8272 2547 2839 896 6001 871 4459 7653 6428 7323 6025 6054 3613 6981 8714 3068 460 9070 1696 1538 2391 7417 1961
29 2810 6448 6113 741 4061 3490 2043 3881 6384 2769 159 1149 8436 2436 3365 4794 7531 3325 8048 8379 4718 3681 8432 3869 3535 8008 20 3800 9736
29 8526 3190 7229 620 1646 9491 1147 3661 1548 3592 4418 7299 1068 5893 4405 7206 7190 3134 761 3283 1946 3578 9558 5042 4560 4724 8413 6768 282
29 547 7955 3145 7671 762 8157 5424 3559 6574 9538 7565 3962 7896 7262 101 5951 5574 9502 2868 694 3829 4927 3021 76 9307 2352 7234 3750 1718
29 9849 7966 5321 9725 8814 5369 1264 2612 8988 1115 6685 9182 6309 4110 4128 5739 6596 4888 5049 8195 4763 9652 7067 4412 641 3868 2245 4118 6526
29 8901 6089 2092 5109 1929 5693 3992 6736 8396 9137 9730 1976 9223 899 6352 9629 6867 8680 9030 8664 3026 7732 7550 579 1594 5575 7870 3647 4776
29 653 4719 8756 3859 2310 3172 9330 9717 2387 6629 4679 4494 8850 3247 2154 61 3067 6331 6109 1085 8512 2581 8861 2910 9776 3184 4433 1697 4943
29 4572 838 4286 1685 7186 4576 5546 775 2973 8844 2770 1104 5740 8935 4249 1704 6287 36 3591 1244 4890 4546 3310 3684 5781 9455 9109 9762 5496
29 7069 6456 769 7932 6332 4939 493 9552 1708 7596 9912 1759 5211 7685 3918 7720 8711 8445 847 4677 4798 4431 8295 7000 290 9660 5506 6761 7056
29 6784 3212 8551 1012 8244 5015 946 3323 2085 5822 3428 5784 5935 8190 4848 8428 221 6635 6494 416 4218 9150 2657 1160 8793 5527 3727 9983 8409
29 6555 9059 8718 5552 1017 2764 7052 7911 1325 2707 5642 3875 8125 6720 4485 9511 7694 6603 6037 8183 6482 2354 3105 8037 8651 1237 4860 6221 4222
29 1058 2076 2652 826 1546 2131 4816 4367 3968 6091 6854 3540 6068 9204 7780 8843 5918 5362 456 6071 5526 4443 8312 3993 89 1874 1749 5627 1788
29 2025 5562 2919 3732 9529 2171 1358 1623 8559 8319 3225 8305 3824 1345 7716 1057 3208 7225 6150 4731 5331 8727 5271 2455 8237 9926 6968 9918 6957
29 8100 5663 7947 9256 590 2701 2522 1642 6949 872 8594 6839 2348 5734 1656 8047 6811 8597 7511 8807 4858 6430 3228 5422 5882 8206 512 1977 551
29 1442 1400 4324 2399 8055 2476 2762 9812 7915 5955 1863 6084 924 2344 5733 5930 9261 2666 7277 8149 9745 5486 3074 3147 3023 578 3078 8672 1822
29 6948 1189 4725 3207 295 6508 3425 9831 4975 1313 105 185 3191 1823 6348 2214 529 2325 3013 6683 9718 1963 4461 964 9536 7741 1081 1478 5478
28 9914 9554 9147 4291 6136 1024 3240 6485 5460 5281 8719 6134 3484 7823 5886 2845 15 7037 3939 6943 9555 3979 7350 9756 7172 5085 5245 4439
28 9548 6694 5128 2374 4416 2815 5173 5608 9887 8040 5143 4401 8274 5270 4235 2857 9557 5738 4157 9391 5660 2257 7863 2784 1665 3276 3769 4566
28 4341 6399 5758 7389 5800 2922 9158 4548 3815 6547 2045 4385 60 4011 2448 6753 8457 2269 715 1133 29 6569 4536 7498 8059 7196 5813 8804
28 5827 6942 3028 6009 9457 4361 8950 1506 6198 7249 533 3704 5334 1483 3936 1462 5906 6314 7727 1974 129 903 6934 5774 2780 7751 814 9187
28 6872 7024 3058 9815 6481 9784 7448 6476 6946 5948 6716 4325 2332 5074 8852 8693 3192 2798 8701 4499 6333 584 4934 9903 7872 1162 9954 2120
28 5911 2633 4390 4086 819 6028 4364 6302 8963 3799 2900 9129 518 8366 2402 4070 2 6591 9317 3061 4591 5170 5874 3785 766 4670 7923 4454
28 6670 6988 3117 8587 9649 2345 4733 8211 9854 5730 289 8696 8750 4895 2945 259 3350 1838 9537 3345 3511 7022 8352 2664 7023 3007 839 41
28 8308 7547 6992 3616 8333 877 4488 4758 5700 9290 8870 378 2706 5665 4363 9183 2899 3389 2149 836 1878 5632 2036 4962 2068 4161 687 4074
28 4453 6759 1738 2943 7176 6318 6337 4015 8454 1083 9371 3251 7642 1825 8207 5228 7013 3826 9873 2516 6987 4154 2430 7651 5180 8122 4426 2549
28 351 6161 467 1331 5664 8627 8325 8282 1503 9687 4801 5175 3384 3743 1572 7442 1044 6477 346 8098 475 7097 7004 1674 151 3352 5139 6971
28 5629 2473 9041 1782 1232 5302 9027 9075 4685 7512 6088 6092 2180 304 1922 7695 5963 2270 6373 1971 837 848 3973 3696 5775 8984 8840 7368
28 6506 5756 5711 3342 353 9956 7383 5473 3163 8326 7123 8654 955 8184 9681 271 3131 4955 72 1758 2293 910 6905 9637 1609 5485 7055 5390
28 1756 8446 7857 348 4251 3270 7707 621 4372 6376 1251 5378 6518 2594 5834 5316 300 6653 6617 7867 6880 7157 9979 2222 3741 4365 8193 649
28 5359 3435 7392 8012 3448 3893 6137 8951 3528 1723 7507 1894 9959 8112 6707 7506 56 3286 7558 5846 3357 2920 9697 46 6679 6696 6509 4375
28 7362 9576 2851 453 2159 6003 9254 8359 9382 1889 3370 8448 8581 7884 3086 3431 3744 385 4627 2661 2837 6499 9840 3737 1905 1731 8329 878
28 2874 5498 4925 4987 5924 713 8783 4649 3220 2722 5894 9773 6014 7352 4116 5163 2494 1283 1678 2487 5912 9516 468 4010 6623 6098 4270 4099
28 4123 2237 764 2164 1695 2818 5277 9185 203 1888 2341 2125 19 8201 1846 8957 3691 3139 1266 2466 4254 4056 1854 3982 7774 3570 1504 7788
28 6159 6262 5858 4521 2940 7409 2409 9750 4289 7367 6544 6993 7500 6500 7996 7721 5419 2353 9386 5040 6496 4623 8590 6436 5762 511 6806 469
28 9381 3748 1052 5695 8953 5166 1300 4736 3618 5593 7132 2262 2205 1964 2530 1275 9091 5127 4019 8894 859 7218 8629 7528 3933 8738 5961 2474
28 7064 1995 6069 331 6355 6209 2138 4432 5009 3213 7686 8437 1467 6640 5736 1211 6484 4827 1647 4371 9040 7276 3542 5240 8215 8341 7312 7349
28 743 6851 22 2215 1662 6401 3590 4014 3165 866 3514 7678 7334 7360 471 581 7593 8761 5433 805 2243 5192 9468 6717 3587 2116 4574 9688
28 315 6255 6111 7126 9127 9005 2659 4865 4525 1650 8245 2155 738 3206 1469 6777 5787 252 3091 9414 0 9406 1280 9503 928 7885 4686 8996
28 6556 724 6553 1004 927 5501 5809 1542 8455 5189 7625 9383 5957 6285 6244 4637 2029 5970 2443 3480 362 4202 164 8601 1209 9893 8765 3259
28 9796 8716 2447 191 328 1096 8567 1177 2042 7693 7613 44 2333 6977 9248 9889 2015 3585 8430 6313 1982 8509 7116 7575 843 5184 7151 7007
28 569 7142 4523 2698 9879 7078 2185 8606 8479 8911 9243 695 4496 9634 8712 824 4180 9994 988 9510 8704 615 3615 3120 6589 5356 8204 5936
28 92 1785 2718 3087 6472 9890 4156 9821 2229 9384 1551 5806 1855 5312 678 1728 6351 9755 9560 8132 8991 4926 1960 1739 1955 7303 4343 3861
28 1357 8694 2060 5553 9442 4562 3914 6620 7848 4616 1077 1584 4246 663 4107 7904 977 2862 1416 4590 5585 1175 6551 8788 2488 6492 1296 2342
28 3178 1921 2950 5751 7464 3669 6890 5528 6856 8145 3889 2727 7619 9498 5717 6698 9535 6139 2725 4484 3840 3258 4660 388 664 5741 6447 4323
28 5054 6581 1690 795 9802 8865 7252 4753 9339 3133 1069 430 2958 3082 2030 8240 4206 6712 4553 9046 5494 5727 1285 673 3573 7681 6126 8402
28 7854 8561 3374 520 6929 8592 1200 5046 3783 2515 560 742 7760 8516 5035 8427 2726 6786 5342 9694 6924 6630 5507 8052 1505 5878 9654 2366
28 2135 6217 4912 8847 3465 1627 1879 7353 1140 9429 8377 3390 2996 823 1365 6334 9303 2811 3327 6459 8942 2814 6431 4541 7379 8633 8310 4174
28 8642 3798 3125 4839 7982 2103 5020 9883 5856 2741 6530 6218 233 5684 2518 7612 7916 1029 8787 3808 9280 6343 1701 535 1027 1611 2426 9251
28 5533 9970 5374 1757 6959 6051 451 4964 3381 6686 8123 4672 2553 7040 7861 3566 291 4818 408 9615 6303 6119 6893 3186 9379 6701 7605 6325
28 5198 658 5656 9385 8515 5543 5646 6969 7549 5326 2957 232 2364 6724 1527 6711 6374 7291 1881 4036 6913 4335 294 405 6230 2370 6819 5259
28 9333 5366 3999 8397 7018 8692 21 8301 1998 8056 7090 8399 6742 3805 6192 4610 1834 2356 4936 7159 5641 8890 5823 5871 4924 7471 4067 198
28 2337 4483 9424 1230 3759 9867 9477 2684 9443 9334 3469 8589 8564 3552 1962 2686 4664 2676 4319 1014 6706 2202 869 5843 1736 5350 4090 4529
28 3671 679 8076 976 4273 5154 8404 4129 8675 5600 1618 8891 4304 1774 6612 4430 9881 7083 5888 6785 5731 2014 7178 1776 6254 3503 768 6691
28 9551 5069 9460 4368 4084 339 6588 5048 6367 9372 8238 1951 9213 308 6590 4316 4333 7195 1952 9192 7740 3856 9631 4558 1570 7530 5872 3507
28 3624 6883 2104 7633 8995 3833 118 2735 4642 4087 7408 7224 731 971 2513 1821 7940 4348 4599 5199 931 3673 3494 8254 96 3453 2296 8933
28 466 6584 5755 6781 8194 681 8867 1043 1512 2319 7496 9140 5091 4018 5218 9741 7438 6363 4556 2833 2791 4930 9899 5214 3318 5382 6899 9656
28 3909 1451 635 9080 5430 6647 5716 6487 5445 8171 1975 8604 8706 229 9592 9705 39 8961 4735 2867 6825 9808 1042 1236 9341 970 6405 7648
28 9309 4661 5115 1649 9373 9846 8645 7236 3809 2111 5484 9728 1979 9360 4279 3599 975 6881 1654 2298 2276 7629 542 8004 1535 6865 7140 916
28 9715 3949 2271 7925 4893 8367 5308 6147 3222 9800 5790 4834 7853 6391 5336 5852 9892 6667 6104 9565 7539 410 2787 4356 2011 3837 6903 3347
28 2309 8320 5018 1897 2225 4085 8172 2188 8944 2799 611 3009 6914 8824 3614 7776 7481 7738 7242 7482 491 6132 4946 6507 2289 3879 8394 4577
28 2776 9807 7552 7109 2760 3757 5325 216 5177 8154 5406 8080 2909 3932 7431 3857 8216 2988 7288 4996 2407 3923 161 1298 9347 2349 7103 104
28 4182 9174 8495 9441 9945 2767 6118 9874 2146 4197 702 7922 5968 6597 3844 8034 4366 9852 3481 9037 6323 659 7935 9358 7479 2278 6708 6039
28 1845 3888 3537 5915 8531 6117 6792 8069 9105 6286 9641 6413 2437 7395 9782 1064 6116 9598 8250 2696 2132 2934 3545 1153 6027 5392 1909 8937
28 6600 3622 9814 1937 9425 3502 2369 8839 9622 6622 4836 2162 7983 3138 390 8017 8212 4864 3734 201 8687 1814 4031 5179 4386 2160 8803 2526
28 6433 2266 2254 7614 785 8162 7300 5132 6390 5318 952 8186 1002 1054 8736 9695 7248 6364 7862 3812 3181 1254 5619 57 6687 2087 5087 5233
28 5386 6461 4171 7161 3050 7574 789 3040 940 8372 3582 884 4931 7025 5788 6789 9266 147 1578 1787 6960 2118 3404 6515 4240 9587 7380 2907
28 9708 9430 3938 849 534 9447 3285 8585 5937 749 3356 4382 5168 4002 4299 7765 3043 6184 2690 8266 6953 9241 1510 4327 9029 9486 4215 6916
28 5436 3218 2529 538 7662 7266 5339 218 7975 3475 5279 7645 8739 9835 8348 6237 3896 6832 841 9076 305 2927 6315 7583 7230 8102 1152 8577
28 207 7076 9197 962 1048 4513 2615 1626 1195 3052 1118 1206 3414 2624 3849 251 7099 6801 675 6925 626 1799 9262 9610 8640 4269 1377 9286
28 1003 2166 5113 6299 9191 3488 3912 1265 7308 7578 9362 5798 2032 3887 4969 3965 9370 6196 6922 854 3413 4248 7155 7444 8129 6678 8799 8267
28 9704 1670 9014 4870 399 980 9543 6769 7838 4704 3135 2793 8337 8924 8470 6684 8417 6827 2858 4196 4812 2008 111 1884 3377 2313 3530 9991
28 4908 2923 613 8523 5550 6205 7474 1155 1028 6941 5427 9001 3011 9036 9003 7473 3188 9084 1130 3926 3724 8021 630 4814 943 979 2498 5815
28 5178 4395 6926 9541 70 4878 3617 6529 8540 2601 4728 8732 6859 6107 6043 6538 5300 7381 4954 7253 1600 8121 3367 2807 851 8323 5196 2067
28 8752 5675 5212 5884 5509 9396 7877 5351 2230 9096 825 1242 4314 4413 1830 3151 8010 7430 5576 4821 4057 5344 2198 3500 6402 2110 5205 9193
28 6756 2921 1257 7472 2489 9534 163 7057 9961 5416 1638 2450 9079 9139 4331 4803 3656 4122 7102 3403 8408 1447 2261 8219 750 7560 9769 8007
28 8809 8898 6093 212 939 9794 138 433 2914 7764 6501 9648 4360 8945 8998 3706 9544 455 6545 6920 686 7523 2667 3200 8276 4882 1229 4785
28 6066 387 1466 8985 6767 4789 7841 1336 34 1829 5811 779 5338 2308 5745 9923 8600 8101 1492 6734 8522 7817 441 1156 52 1354 9374 1613
28 5896 250 9925 2392 7957 3736 4280 5502 5384 923 4809 3551 246 8043 2178 4101 4792 4374 9586 8 3738 3576 6131 830 3198 6800 3169 739
28 1479 5836 5227 9316 3679 9931 5570 5523 3847 9606 2569 8892 5133 4022 4030 9809 949 4025 2421 2281 6871 8821 2700 8296 7542 3882 7998 5010
28 8791 9882 9657 9655 3256 6129 2600 2611 9097 6154 2517 1448 515 1684 4186 1000 6416 4388 6814 8506 2990 2194 7243 6637 9489 6778 8973 7191
28 4037 6524 9870 472 6329 38 2268 7461 9336 7066 1464 6181 1041 7400 5668 1944 9346 2544 5916 2873 8599 7463 75 4336 632 5870 58 3416
28 43 9034 1421 5263 3260 4799 8660 966 2758 7428 2962 4475 8280 7432 7341 5653 2691 4210 3601 2971 2320 5980 1522 7821 8947 8130 9325 422
28 4806 922 7638 1954 3042 1255 4464 6101 2041 1789 6586 4003 8071 1218 2249 5209 4617 7792 240 8665 2078 1114 2275 6414 5219 8180 5403 6310
28 6290 4825 4901 3168 9478 6917 4972 6829 9291 6726 5226 2840 1334 6738 6320 7855 2610 3515 7211 892 550 2482 8667 6567 4515 1803 9454 174
28 4932 8036 3419 3841 5504 444 8827 1269 463 6915 4977 6614 8869 4349 8582 8618 7748 7386 6571 8888 3513 6251 318 5078 1051 4902 8543 4293
28 650 784 6849 4744 7177 6951 1710 9240 2206 3972 4761 9418 3886 2423 7959 7215 4953 9901 9263 9083 6910 8202 85 9178 3797 8762 505 2290
28 7072 4329 6319 4379 4195 2654 6813 5229 3657 2765 1444 8058 6171 6442 2759 126 7202 1087 6207 887 9085 6307 556 488 2239 9905 4762 4537
28 3782 3719 3227 6579 1573 1791 7405 6102 539 1383 3770 7469 6874 3148 6361 166 499 5986 7839 5622 8874 3791 1633 2540 2018 317 5616 381
28 238 3289 139 2596 8105 5489 3209 3763 3215 592 1258 4528 73 5667 726 8802 7883 4921 9563 7290 1926 9921 9265 4612 2786 1488 7779 4393
28 8532 7952 268 4191 3056 7573 5609 9440 9885 1110 1368 3244 7147 6536 8357 437 4458 6615 5034 7981 3060 5849 7728 4497 882 9996 600 8906
28 5262 3623 2327 7307 8972 2986 9089 7929 2591 4879 2578 7546 5634 414 2445 1055 336 4983 4043 3953 6755 2618 9446 969 5335 9365 8726 3906
28 5411 3426 933 567 394 1158 1688 9971 7235 4551 5256 9609 8376 2142 8176 2571 2879 9352 8153 4320 5563 1228 3980 8014 7623 2212 6493 2883
28 608 8128 5142 915 7119 8421 1487 5979 7576 8278 2754 7840 1673 1547 6681 2197 5050 3355 7135 9162 8425 5610 5061 3012 2588 8792 1327 272
28 555 1119 3185 7371 3257 8324 9073 2740 5266 2876 6350 6294 8528 3640 4747 6353 4624 401 6535 3708 8990 5560 342 2998 5594 2842 7019 7327
28 7322 1819 8103 9614 4971 1667 1842 972 4871 4671 4160 7658 8971 4840 4947 790 495 9125 4530 3607 2565 7661 6026 9189 1493 9791 5332 8464
28 420 3388 5785 2832 7003 9412 2730 9699 7281 8360 6918 9264 3216 4982 7754 8613 1045 6735 9878 7892 4751 8586 6676 609 9324 9471 83 6019
28 7046 5197 1634 1276 4310 6970 605 4294 5043 7187 1956 8862 2007 6502 4216 3027 5907 1120 3845 5200 574 7214 4644 5244 2980 8571 6267 6378
28 1415 9863 4645 4165 109 6972 1916 8285 5252 7127 6090 4134 6269 2852 5643 9727 9069 7441 8964 9437 770 7125 3668 5868 6782 245 2147 8569
28 5285 9010 1082 8442 2877 6521 8521 1035 4750 9734 4863 5638 5985 5124 986 870 8126 821 3689 2069 7398 9205 3768 7654 2210 7882 5577 1231
28 6409 6369 5051 8969 7704 1856 3937 6189 765 5768 8217 1270 2976 5105 4652 103 7 9060 7325 6371 4164 2312 3900 6560 8340 1360 434 604
28 6751 7992 6558 2550 5246 2495 7337 6029 4981 6982 3079 857 5927 5261 5925 9934 5718 4150 7509 4690 4549 834 5505 1699 9724 80 2335 6815
28 8900 8419 9528 3160 4093 363 6483 9020 2247 8331 1220 2865 3925 8796 1818 3930 4424 1366 4152 9342 4713 7679 991 364 1180 9409 3597 6907
28 6080 9499 6562 5885 4808 1440 1593 8508 5258 1222 1939 2602 6847 6446 8314 9021 3563 8365 2414 423 3346 4909 4998 5866 7950 6453 1436 4226
28 8682 1235 3836 754 1766 703 6543 8800 540 3385 3943 454 9684 1813 4406 4262 2609 352 623 230 5965 6235 3963 59 9753 2151 716 8910
28 1978 8705 9159 1108 9463 4526 8248 2913 5354 2267 2896 3441 4445 2406 2425 409 2966 5591 5635 3399 6250 4963 1475 6057 7086 7783 5027 8084
28 5568 6064 2708 6873 6408 4339 5597 8235 3517 5243 3307 798 5763 1537 530 2809 8203 7332 3062 2084 9764 6022 8173 9645 5714 5393 6837 8558
28 2524 2220 6263 7541 1722 2585 1539 3703 7697 1494 5060 8812 3774 3229 6822 2545 8003 2856 5004 9928 9163 5728 354 2170 2401 6000 3721 3686
28 2742 6233 8725 9895 6728 136 7160 6420 2317 2794 1903 720 5744 2052 26 6143 8688 4781 7111 2658 6059 8921 6174 9962 3429 2232 827 8735
28 9582 3872 31 1486 1545 1299 234 3666 2303 343 938 5707 24 5940 6441 5345 1792 2077 8050 5540 6608 2589 5117 1311 3231 457 1585 941
28 7790 2720 1987 1438 108 2782 1176 4303 7742 810 2462 1173 4769 8619 6921 3693 320 7712 4896 532 97 8067 9894 9299 7081 8868 8191 7006
28 6277 3683 8385 8355 5771 2713 71 9488 2012 94 1150 8826 6537 9766 1586 9577 2418 5512 1449 1692 1190 5749 3842 9438 9082 3761 5587 852
28 3034 8914 5222 2968 9296 8070 1824 1022 1281 1602 368 5724 3713 2978 165 4570 3232 4722 9623 8602 670 9864 4727 6898 718 4777 9786 8273
28 6008 9407 4111 9897 7124 9517 9604 9277 5038 7655 9022 6995 6468 3546 2806 9952 783 1675 9644 8679 3838 3858 7053 2112 200 4407 5298 1166
28 121 7309 6005 6406 7466 3175 717 4100 3813 5765 5702 4188 4693 1597 8773 2297 757 5432 4800 1333 4288 9104 6580 1706 1067 7905 1376 184
28 6646 4260 3119 9820 2670 5604 3360 5791 6715 9234 1885 696 9836 1350 5000 3075 370 3593 9092 8940 6572 8045 7373 5090 4338 1262 7702 4437
28 797 7414 1184 1808 6368 9181 182 8819 5760 7491 1693 1481 4034 1798 5080 9246 9564 7504 4990 8860 5425 1328 7388 2199 1767 258 6046 235
28 8962 4539 4743 677 1683 5792 102 5395 4989 1555 134 5443 1927 7113 8593 253 5737 9114 8042 9278 2525 9231 4831 6006 7393 9006 8139 2449
28 67 3974 7254 1569 3306 7630 6546 1437 4563 3439 4149 9057 9844 5385 792 122 5278 1161 8974 4144 5107 1560 8778 2817 7010 7796 9514 9965
28 5346 6200 3969 7088 5217 3778 9968 3952 7850 5129 5367 7002 4055 5833 503 9611 9495 8253 1038 7569 6070 6864 8566 4272 4978 3090 4016 3509
28 8653 4715 8118 5024 7071 1097 5094 2709 3438 9838 8616 4872 1253 8842 2481 4534 9781 541 1185 6264 6418 3827 1086 563 3296 7149 1898 7032
28 9940 1810 3985 6389 4219 9612 9293 5719 2471 4708 5183 1561 1210 7462 7287 7763 1430 627 411 5215 1011 497 398 3991 9297 8327 5987 1747
28 8096 5001 707 906 3922 5447 5757 8922 728 3071 9949 5081 2860 3675 9691 8115 7726 8197 2844 2749 9461 1347 1517 6012 6112 6947 3059 8573
28 3928 2918 1273 1148 2568 2790 7272 6894 2617 3529 5030 3894 3612 2339 9066 4163 4500 9853 9758 8338 8073 1277 5729 8578 7179 4470 1705 622
28 2022 9933 5056 4354 9274 7209 8160 8767 2302 7480 2277 6908 8930 9422 2646 1668 2403 1049 2108 9186 8983 7255 3030 4444 820 3482 2599 9595
28 1223 5140 8094 6239 5370 5584 4024 9260 2521 8987 7347 1871 4113 6752 5879 8903 1711 7984 7419 5461 8856 7673 3140 3348 2431 68 5420 8143
28 6490 9533 7812 8960 3016 5706 5481 357 6272 7826 3917 8192 513 7497 1165 9978 3649 5551 8828 667 8605 5978 8529 2129 6958 3130 1549 2893
28 1595 9665 7784 8760 4659 2566 3112 1186 7245 5291 8917 7269 8297 5003 3044 8576 1912 4274 9366 7502 3565 7949 270 2003 965 566 1730 1433
28 9229 8484 7138 5368 7093 7766 7446 3929 3766 4178 3330 7535 3496 9453 3361 9518 7385 5194 5633 3092 5181 6316 6138 4337 4914 8459 8243 4608
28 4663 6803 2340 5482 8214 937 2935 8024 3474 2381 9410 6739 2932 7284 4764 7217 7589 7510 5805 5017 8300 7301 674 7834 997 8035 7598 7626
28 3946 2056 9146 5371 8620 3526 5900 7818 1765 2336 2081 4511 3329 1942 6301 9739 3069 9464 7713 4463 5101 3905 114 3753 7675 6245 5797 1853
28 7650 2083 2097 4250 5086 5958 6677 1284 6194 4403 3520 1124 2692 9465 1279 1412 2477 2037 3371 708 640 9380 7691 7021 1441 7918 7895 4340
28 2523 4951 794 9349 78 4136 2557 3771 8414 2465 4068 283 4918 6892 7454 309 4472 3014 4328 5272 6568 6810 1772 2991 7737 5453 9772 8482
28 2394 722 2559 1036 8177 4238 1315 9842 403 8257 5014 2630 6298 3174 293 8261 544 7068 3674 7455 631 9171 7208 5518 8373 732 8124 2410
28 9597 4491 1541 7096 8607 3349 7087 1895 27 2491 6848 3586 5251 4004 2675 9202 4884 521 5639 2459 3641 1563 2660 1850 2982 1034 361 1428
28 7938 5947 9313 3162 2678 396 8472 435 829 7599 6550 4667 7951 706 1544 2864 3521 9395 2554 6804 3637 335 9964 776 6772 4507 3400 244
28 356 7228 6219 303 1260 4905 377 389 9567 7133 5022 1521 9345 7145 4945 9573 7139 5448 6293 6730 3051 3850 257 3110 1525 4283 9579 8666
28 9898 7571 2179 9751 3522 1362 5983 2638 861 2695 6382 7749 3382 494 1317 4237 2026 3630 4265 415 8674 873 662 4089 6394 4312 3948 7450
28 8534 8141 286 5483 2441 8155 2338 5589 3807 1320 9621 5994 5579 8713 3114 2848 7986 9768 7665 5249 9169 6787 6387 9101 3303 5783 1066 7597
28 4632 2093 2272 3611 3947 4509 5859 6824 5830 8615 4796 4518 5083 1847 5503 8117 9941 9701 1677 1126 7909 1212 5839 522 3553 6699 855 4243
28 9327 4228 7743 5725 1990 3895 5599 431 1123 7435 9431 6222 4350 8391 4347 1583 8065 9144 2648 8463 831 7775 2955 6817 3224 6909 4021 5488
28 2453 3195 1076 9227 8938 3927 5773 6744 1468 7174 8533 7524 4817 7382 7302 7902 2172 7118 5208 8001 6410 8284 5121 8265 3005 8825 7680 2021
28 4307 4543 5658 9904 4082 782 8224 7054 9858 7112 2721 1112 2451 7886 176 9319 7941 7369 9505 3038 6563 3331 5973 1308 5437 7001 5476 4383
28 5854 804 1272 3754 6722 5235 1588 3682 9392 2412 1183 5761 8628 6642 8702 8233 5569 9569 3472 3935 3792 419 3237 4710 1164 3839 4585 4287
28 8845 490 7603 9220 7034 1093 1202 601 6533 8358 1146 6961 1419 4295 982 5541 4486 7027 6149 6199 5810 8617 8196 1356 5967 7192 321 9028
28 4173 2463 8361 8588 1970 4807 7640 7210 1497 6609 2235 1393 62 1934 3692 2821 6658 3085 1240 3369 7345 5776 9118 4167 8068 6106 1006 6443
28 692 5293 9985 8316 508 7674 9249 3648 7628 8742 1303 898 6445 8904 1872 8550 1125 2593 500 1502 7769 6938 5100 2931 1606 7994 5603 2373
28 791 1769 3193 3442 9676 4060 2244 3830 9575 1461 4465 3017 3476 1725 690 6063 8685 594 5159 6965 3775 9218 81 6437 2747 7878 6231 9818
28 3300 2829 8659 4966 7201 835 6775 3019 2647 9007 4387 9946 6812 8513 8328 9224 3217 5324 9394 9683 6240 879 6516 8062 338 3746 948 5053
28 3234 2639 5926 5942 577 6984 4855 314 2234 3834 2051 7212 7730 8556 8108 5534 9235 1263 2781 602 5469 1923 2013 913 3645 5966 3316 4732
28 610 6514 8746 8407 7460 8158 704 900 7152 9720 9805 7837 3846 1026 1196 4346 3118 4449 1981 9958 3672 6889 548 6044 4579 4634 3055 553
28 9673 9783 4765 7396 1607 7075 5999 6404 4255 4239 4457 7548 5146 5063 3372 9759 3554 1949 3959 9661 1226 1247 5190 3277 8968 6625 4311 793
28 6774 4232 9670 3111 2393 9359 5673 7420 8621 3308 3268 1405 7807 5440 1214 2422 8830 6512 426 9907 9719 6986 958 2712 8136 9682 287 6271
28 974 7587 2582 5602 8082 1401 5877 9209 3801 2694 8779 4582 5337 3335 4096 9012 2627 487 4242 7183 7794 9062 1540 5380 5438 780 5468 7600
28 3655 4092 8268 4357 214 5850 8994 7928 9942 8064 5283 7407 8031 4629 3557 1095 9401 7639 3418 5897 4678 7912 6833 9981 9295 3279 1450 7168
28 5361 1715 5650 9596 9744 6358 1457 995 2035 6841 478 1431 7058 4965 3155 1907 9047 7376 5191 3461 752 3899 6840 6757 4992 9016 442 8717
28 4013 3305 7501 8832 297 7154 9242 1753 3499 3199 693 3362 6931 4876 1820 2736 6634 3046 9458 2887 6855 5953 4622 2055 5909 7739 9102 4944
28 9462 4417 9910 4313 6692 2878 6016 7787 323 5547 1422 6973 8902 28 9788 7470 3767 9490 8967 1329 8511 2347 2139 8649 8089 9669 5122 8624
28 756 7880 6723 8710 7261 2346 4910 1717 5475 5801 2963 395 4778 1039 5347 1857 1655 7672 5769 773 3341 853 7508 9625 7401 9506 9393 224
28 8707 5169 6282 4619 1246 2836 6790 7747 7937 9600 4481 1543 996 8044 6128 9052 4326 5005 4183 7666 4589 9834 169 7314 7545 7437 2217 2300
28 8879 4869 9456 6023 5939 6115 4916 4707 371 8353 4600 6356 7020 7047 1040 4038 1297 1197 5826 7146 4917 8049 4845 5692 2543 862 6573 2323
28 6210 3823 9257 9509 5814 7416 1800 9775 137 9348 4267 2533 5206 5364 4811 6702 1745 5545 1805 4358 5388 5881 7800 1453 1901 8563 7194 8148
28 6765 8570 945 379 7265 2304 6103 2461 8093 6087 9305 744 1566 9801 1658 1581 6258 7458 7134 4175 6598 8443 5670 4126 9276 7980 9513 9972
28 4669 5267 5103 3904 4857 1590 3223 143 9868 4829 6075 2995 846 3814 1072 6411 145 3235 7631 2279 5620 7540 1465 8541 5988 5795 3851 1407
28 3790 263 3280 2075 3803 8730 7275 3379 6807 5566 9367 890 2480 1883 7898 5446 9164 614 5824 130 5934 5521 5920 3410 2542 5648 8749 211
28 1454 5377 7338 1839 3533 4131 6300 2673 1321 1568 9677 6370 3031 6737 2714 5313 6695 672 917 8768 6561 7354 5093 498 4662 9078 5705 8965
28 4602 3638 4950 1862 3492 9390 908 4611 2053 2732 8356 7913 2470 3862 3865 1408 7232 4720 585 1388 4682 1372 7260 3864 162 5185 3154 7095
