4047
0 0 5 1
6 0 9 2
10 0 12 3
13 0 16 2
17 0 20 2
21 0 24 2
25 0 30 1
31 0 34 2
35 0 38 2
39 0 42 2
43 0 46 2
47 0 50 2
51 0 53 3
54 0 57 2
58 0 61 2
62 0 63 5
64 0 67 2
68 0 71 2
72 0 75 2
76 0 79 2
80 0 83 2
84 0 87 2
88 0 91 2
92 0 94 3
95 0 95 11
96 0 96 10
98 0 98 10
99 0 100 5
101 0 112 0
113 0 116 2
117 0 120 2
121 0 124 2
125 0 128 2
129 0 131 3
132 0 134 3
135 0 138 2
139 0 142 2
143 0 145 3
146 0 149 2
150 0 153 2
154 0 157 2
158 0 159 5
160 0 162 3
163 0 166 2
167 0 170 2
171 0 174 2
175 0 177 3
178 0 181 2
182 0 185 2
186 0 187 5
188 0 193 1
194 0 194 11
195 0 195 11
196 0 199 2
101 1 104 3
105 1 108 3
109 1 112 3
0 2 3 4
4 2 5 7
25 2 27 5
28 2 29 7
188 2 188 13
189 2 189 12
190 2 192 5
6 3 9 5
13 3 18 4
19 3 22 5
23 3 24 8
30 3 33 5
34 3 45 3
46 3 49 5
54 3 57 5
58 3 61 5
64 3 69 4
70 3 73 5
74 3 77 5
78 3 81 5
82 3 85 5
86 3 89 5
90 3 91 8
113 3 115 6
116 3 121 4
122 3 125 5
126 3 128 6
135 3 138 5
139 3 142 5
146 3 149 5
150 3 153 5
154 3 157 5
163 3 164 8
165 3 168 5
169 3 171 6
172 3 174 6
178 3 181 5
182 3 185 5
193 3 193 14
196 3 199 5
10 4 12 7
35 4 38 6
39 4 42 6
43 4 45 7
50 4 53 6
92 4 94 7
101 4 104 6
105 4 108 6
109 4 112 6
129 4 134 5
143 4 143 15
144 4 144 15
145 4 145 15
160 4 162 7
175 4 177 7
0 5 3 7
13 5 16 7
17 5 18 10
65 5 65 16
66 5 68 8
69 5 69 16
116 5 116 15
117 5 117 15
118 5 121 7
6 6 9 8
19 6 22 8
25 6 27 9
30 6 30 17
31 6 31 17
33 6 33 17
46 6 49 8
54 6 57 8
58 6 61 8
62 6 64 9
70 6 73 8
74 6 77 8
78 6 81 8
82 6 85 8
86 6 89 8
99 6 100 11
122 6 125 8
129 6 132 8
133 6 136 8
137 6 140 8
141 6 142 11
146 6 149 8
150 6 153 8
154 6 157 8
158 6 158 17
166 6 168 9
178 6 181 8
182 6 185 8
186 6 187 11
190 6 190 17
191 6 191 17
192 6 192 17
196 6 199 8
34 7 37 9
38 7 41 9
42 7 42 18
50 7 53 9
101 7 103 10
104 7 107 9
108 7 111 9
112 7 115 9
126 7 128 10
159 7 159 18
169 7 172 9
173 7 174 12
0 8 0 19
1 8 4 10
10 8 13 10
14 8 16 11
28 8 29 13
32 8 32 19
43 8 45 11
92 8 94 11
97 8 97 19
118 8 121 10
160 8 162 11
165 8 165 19
175 8 177 11
5 9 8 11
9 9 9 20
19 9 22 11
23 9 23 20
46 9 49 11
54 9 57 11
58 9 61 11
66 9 68 12
70 9 73 11
74 9 77 11
78 9 83 10
84 9 87 11
88 9 91 11
122 9 125 11
129 9 132 11
133 9 136 11
137 9 139 12
140 9 140 20
146 9 149 11
150 9 153 11
154 9 156 12
163 9 164 14
178 9 181 11
182 9 185 11
197 9 197 20
198 9 198 20
199 9 199 20
24 10 27 12
34 10 37 12
38 10 41 12
50 10 52 13
53 10 53 21
62 10 64 13
104 10 107 12
108 10 110 13
112 10 112 20
114 10 115 15
157 10 157 21
166 10 168 13
170 10 170 20
171 10 172 15
1 11 4 13
10 11 13 13
17 11 18 16
78 11 78 22
79 11 79 22
80 11 83 13
96 11 96 22
98 11 98 22
101 11 103 14
111 11 111 22
118 11 121 13
126 11 128 14
169 11 169 22
5 12 8 14
14 12 14 23
15 12 16 17
19 12 22 14
43 12 46 14
47 12 49 15
54 12 57 14
58 12 61 14
70 12 71 17
72 12 75 14
76 12 77 17
84 12 85 17
86 12 89 14
92 12 95 14
99 12 99 23
100 12 100 23
122 12 125 14
129 12 134 13
135 12 135 23
141 12 142 17
146 12 149 14
150 12 151 17
152 12 153 17
160 12 162 15
175 12 178 14
179 12 182 14
183 12 186 14
187 12 187 23
194 12 196 15
24 13 27 15
34 13 39 14
40 13 40 24
41 13 41 23
66 13 68 16
91 13 91 24
104 13 106 16
113 13 113 24
137 13 139 16
154 13 156 16
173 13 173 24
174 13 174 24
189 13 189 23
1 14 4 16
10 14 13 16
28 14 29 19
50 14 52 17
62 14 64 17
80 14 81 19
82 14 83 19
107 14 110 16
118 14 121 16
129 14 130 19
131 14 134 16
166 14 168 17
188 14 188 25
5 15 8 17
19 15 22 17
34 15 37 17
38 15 39 20
43 15 46 17
54 15 54 26
55 15 55 25
56 15 58 18
59 15 61 18
72 15 75 17
86 15 86 26
88 15 88 25
92 15 95 17
101 15 102 20
103 15 103 26
122 15 124 18
125 15 125 26
126 15 128 18
146 15 147 20
148 15 148 26
163 15 164 20
175 15 178 17
179 15 184 16
185 15 186 20
24 16 27 18
47 16 48 21
49 16 49 27
87 16 87 27
114 16 115 21
117 16 117 27
143 16 145 19
160 16 162 19
171 16 172 21
193 16 196 18
1 17 4 19
10 17 10 28
11 17 12 22
13 17 13 28
17 17 18 22
65 17 68 19
69 17 69 27
89 17 89 27
90 17 90 28
104 17 107 19
108 17 110 20
118 17 121 19
131 17 134 19
136 17 139 19
154 17 156 20
179 17 182 19
183 17 184 22
7 18 7 28
8 18 8 29
15 18 16 23
19 18 22 20
33 18 36 20
37 18 37 29
43 18 46 20
50 18 52 21
62 18 64 21
70 18 73 20
74 18 77 20
84 18 85 23
92 18 95 20
141 18 142 23
149 18 149 28
150 18 151 23
152 18 153 23
158 18 158 29
166 18 168 21
175 18 178 20
190 18 192 21
5 19 5 29
6 19 6 29
24 19 27 21
30 19 31 24
42 19 42 30
56 19 59 21
60 19 61 24
122 19 123 24
126 19 128 22
159 19 159 30
193 19 193 30
194 19 194 30
195 19 195 30
196 19 196 30
0 20 3 22
28 20 29 25
32 20 32 31
65 20 67 23
68 20 68 31
80 20 81 25
82 20 83 25
97 20 97 31
104 20 106 23
118 20 121 22
129 20 134 21
137 20 138 25
139 20 139 31
143 20 145 23
160 20 162 23
165 20 165 31
179 20 182 22
9 21 9 32
19 21 22 23
23 21 23 32
33 21 34 26
35 21 35 32
36 21 36 32
38 21 39 26
43 21 44 26
45 21 45 32
46 21 46 31
70 21 73 23
74 21 77 23
92 21 95 23
101 21 102 26
107 21 110 23
112 21 112 32
136 21 136 31
140 21 140 32
146 21 146 32
154 21 156 24
163 21 164 26
170 21 170 32
175 21 178 23
185 21 185 32
186 21 186 32
197 21 197 32
198 21 199 26
4 22 4 32
24 22 27 24
47 22 48 27
50 22 53 24
56 22 59 24
62 22 62 33
63 22 63 33
114 22 115 27
129 22 134 23
157 22 157 33
166 22 167 27
171 22 171 33
172 22 172 33
191 22 192 27
0 23 3 25
17 23 18 28
78 23 79 28
96 23 96 34
98 23 98 34
111 23 111 34
118 23 121 25
124 23 124 34
126 23 127 28
128 23 128 33
169 23 169 34
179 23 182 25
183 23 183 34
184 23 184 33
11 24 12 29
14 24 16 27
19 24 21 27
22 24 22 35
41 24 41 35
64 24 66 27
67 24 67 35
70 24 73 26
74 24 77 26
84 24 85 29
92 24 95 26
99 24 99 35
100 24 100 35
104 24 107 26
108 24 110 27
129 24 132 26
133 24 135 27
141 24 142 29
143 24 144 29
145 24 145 35
147 24 147 35
150 24 153 26
160 24 160 35
161 24 161 35
162 24 162 35
175 24 177 27
178 24 178 34
187 24 187 35
189 24 189 35
24 25 27 27
40 25 40 36
50 25 50 36
51 25 52 30
53 25 53 36
56 25 59 27
60 25 60 36
91 25 91 36
113 25 113 36
122 25 123 30
155 25 156 30
168 25 168 36
173 25 174 30
0 26 3 28
28 26 30 29
55 26 55 37
80 26 83 28
116 26 116 37
118 26 120 29
179 26 182 28
188 26 188 37
33 27 34 32
38 27 39 32
43 27 43 38
44 27 44 38
54 27 54 38
70 27 73 29
74 27 76 30
77 27 77 38
86 27 86 38
88 27 88 37
92 27 95 29
101 27 102 32
103 27 106 29
107 27 107 38
125 27 125 38
129 27 132 29
137 27 137 38
148 27 148 38
150 27 152 30
153 27 154 32
163 27 164 32
198 27 198 38
199 27 199 38
14 28 16 31
19 28 21 31
24 28 25 33
26 28 27 33
48 28 48 38
49 28 49 39
56 28 58 31
59 28 59 39
64 28 64 39
65 28 66 32
69 28 69 39
87 28 87 38
109 28 110 33
114 28 115 33
133 28 133 39
134 28 134 39
166 28 167 33
175 28 177 31
190 28 192 31
0 29 3 31
7 29 7 40
10 29 10 40
13 29 13 40
17 29 18 34
47 29 47 39
78 29 81 31
82 29 82 40
83 29 83 40
89 29 90 34
126 29 127 34
138 29 138 39
149 29 149 39
179 29 182 31
5 30 6 35
8 30 8 41
11 30 12 35
28 30 30 33
37 30 37 41
61 30 61 41
70 30 71 35
72 30 73 35
85 30 85 41
92 30 95 32
103 30 106 32
117 30 120 32
121 30 121 40
129 30 129 41
130 30 132 33
141 30 144 32
31 31 31 41
51 31 52 36
74 31 76 34
150 31 150 42
151 31 152 36
155 31 155 42
156 31 156 42
159 31 159 41
173 31 174 36
193 31 196 33
0 32 3 34
14 32 16 35
19 32 20 37
21 32 21 43
32 32 32 43
46 32 46 43
56 32 58 35
78 32 79 37
81 32 81 43
139 32 139 43
158 32 158 43
165 32 165 43
175 32 176 37
177 32 177 43
179 32 182 34
190 32 192 35
4 33 4 44
9 33 9 44
33 33 36 35
38 33 39 38
45 33 45 44
65 33 65 44
66 33 66 44
80 33 80 43
92 33 95 35
101 33 104 35
105 33 106 38
112 33 112 44
117 33 120 35
140 33 143 35
144 33 144 44
146 33 146 44
153 33 154 38
163 33 164 38
185 33 186 38
197 33 197 44
23 34 26 36
27 34 30 36
62 34 63 39
108 34 110 37
114 34 115 39
123 34 123 45
128 34 128 45
130 34 132 37
136 34 136 45
166 34 167 39
170 34 172 37
184 34 184 45
193 34 196 36
0 35 1 40
2 35 3 40
18 35 18 46
74 35 75 40
76 35 76 46
90 35 90 46
96 35 98 38
111 35 111 46
124 35 124 46
126 35 126 46
169 35 169 46
178 35 181 37
182 35 183 40
5 36 6 41
14 36 16 39
17 36 17 46
22 36 22 47
33 36 36 38
41 36 41 47
56 36 58 39
67 36 68 41
70 36 73 38
89 36 89 47
92 36 95 38
99 36 101 39
102 36 104 39
117 36 120 38
140 36 142 39
143 36 143 47
145 36 145 47
147 36 147 46
160 36 162 39
187 36 187 47
191 36 192 41
23 37 23 48
24 37 25 42
26 37 26 48
27 37 30 39
40 37 40 48
50 37 53 39
60 37 60 48
84 37 84 48
91 37 91 48
122 37 122 47
127 37 127 48
151 37 152 42
168 37 168 48
173 37 174 42
189 37 189 48
190 37 190 47
193 37 196 39
11 38 11 48
19 38 19 49
20 38 20 49
55 38 55 48
78 38 78 49
79 38 79 49
88 38 88 49
108 38 110 41
116 38 116 49
130 38 132 41
135 38 135 48
170 38 172 41
175 38 176 43
178 38 181 40
188 38 188 49
33 39 36 41
38 39 39 44
42 39 43 44
44 39 44 50
48 39 48 50
54 39 54 50
70 39 73 41
77 39 77 50
86 39 87 44
92 39 95 41
96 39 96 50
97 39 98 44
105 39 107 42
117 39 120 41
137 39 137 50
148 39 148 50
153 39 154 44
157 39 157 49
164 39 164 50
185 39 185 50
198 39 199 44
14 40 16 43
27 40 30 42
47 40 47 51
49 40 52 42
53 40 53 51
56 40 59 42
62 40 64 43
69 40 69 51
99 40 99 51
100 40 103 42
104 40 104 51
113 40 115 43
133 40 134 45
138 40 138 51
140 40 142 43
160 40 161 45
162 40 162 50
193 40 193 51
194 40 194 51
195 40 195 51
196 40 196 51
0 41 3 43
7 41 7 52
10 41 10 52
12 41 13 46
74 41 74 52
75 41 75 51
82 41 82 52
121 41 121 52
166 41 166 52
167 41 167 51
178 41 181 43
5 42 6 47
8 42 8 53
33 42 36 44
37 42 37 53
61 42 61 53
67 42 68 47
70 42 73 44
85 42 85 52
92 42 95 44
108 42 110 45
117 42 120 44
129 42 132 44
149 42 149 52
159 42 159 53
170 42 172 45
186 42 186 52
191 42 191 53
192 42 192 53
24 43 25 48
27 43 29 46
30 43 31 48
49 43 52 45
56 43 59 45
83 43 83 53
100 43 103 45
105 43 107 46
150 43 152 46
155 43 155 54
156 43 156 54
173 43 174 48
0 44 3 46
14 44 16 47
21 44 21 55
32 44 32 55
46 44 46 54
62 44 64 47
80 44 81 49
115 44 115 55
139 44 142 46
158 44 158 55
175 44 178 46
179 44 182 46
4 45 4 56
9 45 9 56
33 45 33 56
34 45 35 50
38 45 38 56
39 45 39 55
42 45 43 50
45 45 45 56
65 45 66 50
71 45 71 56
72 45 73 50
86 45 87 50
92 45 95 47
97 45 98 50
112 45 114 48
117 45 120 47
129 45 132 47
146 45 146 56
153 45 154 50
197 45 199 48
36 46 36 56
49 46 52 48
56 46 59 48
100 46 103 48
108 46 110 49
123 46 123 56
133 46 134 51
160 46 160 57
161 46 161 57
165 46 165 56
170 46 172 49
183 46 184 51
0 47 3 49
12 47 12 57
13 47 13 58
17 47 18 52
28 47 28 58
90 47 90 58
105 47 107 50
111 47 111 58
124 47 124 57
126 47 126 58
128 47 128 58
139 47 142 49
150 47 152 50
175 47 177 50
178 47 181 49
5 48 5 59
6 48 6 59
14 48 16 51
22 48 22 59
41 48 41 59
62 48 64 51
67 48 67 59
68 48 68 59
70 48 70 59
92 48 94 51
95 48 95 59
117 48 119 51
120 48 120 59
122 48 122 59
129 48 130 53
131 48 132 53
143 48 145 51
187 48 187 59
190 48 190 59
11 49 11 59
23 49 26 51
29 49 31 52
40 49 40 60
50 49 50 60
51 49 51 60
55 49 55 60
56 49 56 59
57 49 58 54
59 49 60 54
91 49 91 59
100 49 102 52
103 49 103 60
112 49 112 60
113 49 113 59
114 49 114 60
127 49 127 60
135 49 135 60
168 49 169 54
173 49 174 54
197 49 199 52
0 50 3 52
19 50 20 55
52 50 52 61
76 50 76 61
78 50 81 52
88 50 89 54
108 50 110 53
116 50 116 61
136 50 136 61
139 50 142 52
157 50 157 61
170 50 172 53
178 50 181 52
188 50 189 55
34 51 35 56
42 51 44 54
48 51 48 62
49 51 49 62
65 51 66 56
72 51 72 62
77 51 77 62
86 51 87 56
96 51 98 54
105 51 107 54
137 51 137 62
147 51 148 56
150 51 151 56
152 51 153 56
154 51 154 62
162 51 162 61
164 51 164 62
175 51 177 54
185 51 185 62
14 52 16 55
23 52 26 54
47 52 47 62
53 52 53 63
62 52 64 55
69 52 69 63
73 52 73 63
75 52 75 63
92 52 94 55
99 52 99 63
104 52 104 63
117 52 119 55
133 52 134 57
138 52 138 63
143 52 145 55
167 52 167 63
183 52 184 57
193 52 195 55
196 52 196 62
0 53 3 55
7 53 7 64
10 53 10 63
17 53 18 58
29 53 31 56
74 53 74 63
78 53 80 56
81 53 82 58
85 53 85 64
100 53 102 56
121 53 121 64
139 53 142 55
166 53 166 64
178 53 178 64
179 53 179 64
180 53 180 64
181 53 182 58
186 53 186 64
197 53 199 56
8 54 8 65
37 54 37 65
61 54 61 65
83 54 83 65
108 54 110 57
129 54 132 56
159 54 159 65
163 54 163 64
170 54 172 57
191 54 192 59
23 55 26 57
42 55 44 58
57 55 60 57
88 55 89 60
96 55 98 58
105 55 107 58
155 55 156 60
168 55 169 60
173 55 176 57
177 55 177 66
0 56 3 58
14 56 16 59
19 56 21 59
27 56 27 67
32 56 32 67
62 56 64 59
92 56 94 59
115 56 115 67
117 56 118 61
119 56 119 67
139 56 142 58
143 56 145 59
149 56 149 67
158 56 158 67
188 56 189 61
193 56 194 61
195 56 195 66
4 57 4 68
9 57 9 68
29 57 31 60
33 57 36 59
38 57 38 67
45 57 45 68
65 57 66 62
71 57 71 68
78 57 80 60
86 57 87 62
100 57 102 60
123 57 123 68
129 57 130 62
131 57 132 62
146 57 147 62
148 57 148 68
150 57 153 59
165 57 165 68
197 57 199 60
12 58 12 69
23 58 26 60
46 58 46 68
57 58 60 60
108 58 109 63
124 58 125 63
133 58 134 62
161 58 161 68
170 58 173 60
174 58 175 63
183 58 183 69
184 58 184 68
0 59 3 61
13 59 13 70
17 59 17 69
18 59 18 69
42 59 44 62
81 59 82 64
90 59 90 70
96 59 98 62
105 59 107 62
110 59 111 63
139 59 142 61
160 59 160 70
181 59 182 64
5 60 6 65
11 60 11 70
14 60 16 63
19 60 22 62
28 60 28 71
33 60 36 62
41 60 41 71
56 60 56 71
62 60 64 63
67 60 68 65
70 60 70 71
91 60 94 62
95 60 95 71
113 60 113 71
120 60 120 70
122 60 122 71
126 60 126 71
128 60 128 71
143 60 144 65
150 60 152 63
153 60 153 71
190 60 192 63
23 61 26 63
29 61 31 64
40 61 40 71
50 61 51 66
57 61 60 63
78 61 80 64
88 61 89 66
100 61 103 63
112 61 112 72
114 61 114 72
127 61 127 71
135 61 135 72
155 61 156 66
168 61 171 63
172 61 172 72
173 61 173 72
176 61 176 71
187 61 187 71
197 61 199 64
0 62 3 64
39 62 39 73
52 62 52 72
55 62 55 73
76 62 76 73
116 62 118 65
139 62 142 64
157 62 157 73
162 62 162 72
188 62 189 67
193 62 194 67
19 63 22 65
33 63 36 65
42 63 44 66
47 63 49 66
54 63 54 73
65 63 65 73
72 63 72 73
77 63 77 74
86 63 87 68
91 63 94 65
96 63 98 66
105 63 107 66
129 63 132 65
133 63 134 68
136 63 136 73
137 63 137 74
146 63 147 68
154 63 154 73
196 63 196 74
10 64 10 74
14 64 16 67
23 64 26 66
53 64 53 75
57 64 57 75
58 64 60 67
62 64 64 67
69 64 69 75
73 64 75 67
99 64 102 66
108 64 108 75
109 64 110 69
111 64 111 75
124 64 124 75
138 64 138 74
145 64 145 74
150 64 152 67
164 64 164 75
167 64 169 67
170 64 171 69
174 64 175 69
190 64 192 67
0 65 3 67
29 65 31 68
78 65 80 68
81 65 82 70
84 65 85 70
103 65 103 76
121 65 121 76
139 65 142 67
163 65 163 76
166 65 166 76
178 65 180 68
181 65 181 76
185 65 186 70
197 65 199 68
5 66 8 68
19 66 22 68
33 66 36 68
61 66 61 77
67 66 68 71
83 66 83 76
91 66 93 69
94 66 94 77
116 66 118 69
129 66 130 71
131 66 131 77
132 66 132 77
143 66 144 71
159 66 159 77
23 67 25 70
26 67 26 78
42 67 44 70
47 67 50 69
51 67 51 78
88 67 88 77
89 67 89 78
96 67 99 69
100 67 102 70
104 67 107 69
155 67 155 77
177 67 177 78
182 67 182 77
195 67 195 78
0 68 3 70
14 68 14 79
15 68 16 73
32 68 32 79
38 68 38 79
58 68 58 79
60 68 60 79
62 68 64 71
66 68 66 79
73 68 73 79
74 68 75 73
119 68 119 79
139 68 142 70
149 68 152 70
158 68 158 79
167 68 167 79
168 68 169 73
188 68 190 71
191 68 194 70
4 69 6 72
7 69 8 74
9 69 9 80
19 69 22 71
29 69 31 72
33 69 35 72
36 69 37 74
45 69 46 74
59 69 59 79
71 69 71 80
78 69 79 74
80 69 80 80
87 69 87 80
123 69 123 80
133 69 134 74
146 69 147 74
161 69 161 80
165 69 165 80
178 69 180 72
197 69 199 72
12 70 12 81
17 70 17 81
47 70 48 75
49 70 50 75
91 70 93 73
96 70 96 81
97 70 98 75
104 70 107 72
109 70 109 81
110 70 110 81
115 70 118 72
156 70 156 81
170 70 171 75
174 70 175 75
183 70 184 75
0 71 2 74
3 71 3 82
11 71 11 82
13 71 13 81
23 71 23 81
24 71 24 82
42 71 44 74
81 71 82 76
84 71 86 74
90 71 90 82
100 71 101 76
102 71 102 82
120 71 120 82
139 71 142 73
148 71 152 72
160 71 160 82
185 71 185 82
186 71 186 82
192 71 194 74
18 72 18 83
19 72 19 83
20 72 20 82
21 72 22 77
25 72 25 82
28 72 28 83
40 72 41 77
56 72 56 83
62 72 64 75
67 72 68 77
70 72 70 83
95 72 95 83
113 72 113 83
122 72 122 83
125 72 130 73
143 72 144 77
176 72 176 83
187 72 189 75
190 72 190 83
4 73 6 76
29 73 31 76
33 73 35 76
52 73 52 84
104 73 105 78
106 73 107 78
112 73 112 83
114 73 117 75
118 73 118 84
135 73 135 84
148 73 153 74
162 73 162 83
172 73 173 78
178 73 180 76
191 73 191 84
197 73 199 76
15 74 15 84
16 74 16 85
27 74 27 85
54 74 55 79
65 74 65 85
72 74 72 85
74 74 76 77
91 74 93 77
99 74 99 84
125 74 128 76
130 74 130 85
136 74 136 85
139 74 142 76
154 74 154 84
157 74 157 85
168 74 169 79
0 75 2 78
7 75 8 80
10 75 10 86
36 75 37 80
39 75 39 86
42 75 45 77
46 75 46 85
77 75 78 80
84 75 86 78
133 75 134 79
137 75 138 80
145 75 148 77
149 75 149 85
150 75 152 78
192 75 194 78
196 75 196 86
47 76 50 78
53 76 53 87
57 76 57 87
62 76 64 79
69 76 69 87
97 76 98 81
111 76 111 87
114 76 117 78
164 76 164 87
170 76 171 81
174 76 175 81
183 76 183 87
187 76 189 79
4 77 6 80
29 77 31 80
33 77 35 80
81 77 83 80
100 77 100 88
101 77 101 88
103 77 103 88
125 77 125 87
127 77 129 80
139 77 142 79
163 77 163 88
178 77 181 79
197 77 198 82
21 78 22 83
40 78 43 80
44 78 45 83
67 78 68 83
74 78 76 81
88 78 88 89
91 78 94 80
108 78 108 89
121 78 121 88
131 78 131 89
132 78 132 89
143 78 146 80
148 78 148 88
155 78 155 89
159 78 159 89
182 78 182 89
0 79 2 82
26 79 26 90
47 79 50 81
51 79 51 89
84 79 86 82
104 79 106 82
107 79 107 90
114 79 114 90
115 79 115 90
116 79 117 84
150 79 152 82
153 79 153 90
172 79 173 83
177 79 177 90
192 79 193 84
194 79 195 84
14 80 14 91
32 80 32 91
38 80 38 90
54 80 55 85
58 80 58 90
59 80 61 83
62 80 64 83
66 80 66 91
79 80 79 91
89 80 89 91
124 80 124 91
126 80 126 91
134 80 134 91
139 80 139 91
140 80 140 91
141 80 142 85
158 80 158 91
166 80 169 82
178 80 181 82
187 80 189 83
5 81 7 84
8 81 9 86
29 81 30 86
33 81 36 83
37 81 37 92
40 81 43 83
71 81 71 92
73 81 73 92
77 81 78 86
80 81 80 92
81 81 81 91
82 81 83 85
87 81 87 92
91 81 94 83
119 81 119 91
127 81 128 86
129 81 129 92
137 81 138 86
143 81 146 83
147 81 147 92
161 81 161 92
12 82 13 87
17 82 17 93
23 82 23 93
31 82 31 93
47 82 50 84
74 82 76 85
96 82 96 92
97 82 97 92
98 82 98 93
109 82 109 93
110 82 110 93
156 82 156 93
170 82 171 87
174 82 175 87
199 82 199 93
0 83 3 85
11 83 11 94
20 83 20 94
24 83 25 88
84 83 86 86
90 83 90 93
102 83 102 94
104 83 106 86
120 83 120 94
123 83 123 94
150 83 152 86
160 83 160 94
165 83 168 85
178 83 181 85
185 83 185 94
186 83 186 94
198 83 198 94
18 84 19 89
21 84 22 89
34 84 35 89
36 84 36 95
40 84 43 86
44 84 44 95
45 84 45 94
56 84 56 95
59 84 62 86
63 84 64 89
67 84 68 89
70 84 70 95
91 84 94 86
95 84 95 95
112 84 112 94
113 84 113 95
122 84 122 95
143 84 145 87
146 84 146 95
162 84 162 95
172 84 173 89
176 84 176 95
184 84 184 94
187 84 190 86
4 85 4 96
5 85 6 90
7 85 7 96
33 85 33 96
47 85 50 87
52 85 52 96
99 85 99 96
116 85 118 88
133 85 133 96
191 85 194 87
195 85 195 96
0 86 3 88
15 86 16 91
27 86 28 91
54 86 54 97
55 86 55 97
72 86 72 97
74 86 75 91
76 86 76 97
83 86 83 97
130 86 130 97
135 86 136 91
141 86 142 91
149 86 149 96
157 86 157 97
165 86 168 88
178 86 181 88
8 87 10 90
29 87 30 92
39 87 42 89
43 87 43 97
46 87 46 98
59 87 62 89
65 87 65 98
77 87 78 92
82 87 82 98
84 87 86 90
91 87 94 89
104 87 106 90
128 87 128 98
137 87 138 92
150 87 152 90
189 87 189 97
190 87 190 98
196 87 196 98
197 87 197 98
12 88 13 93
47 88 50 90
53 88 53 99
57 88 57 99
111 88 111 99
125 88 125 99
143 88 145 91
154 88 154 98
164 88 164 99
169 88 171 91
174 88 174 99
183 88 183 99
191 88 194 90
0 89 3 91
24 89 25 94
100 89 100 100
101 89 101 99
103 89 103 100
116 89 118 92
163 89 163 100
165 89 168 91
175 89 175 100
178 89 178 100
179 89 179 99
180 89 180 100
188 89 188 99
18 90 19 95
21 90 22 95
34 90 35 95
39 90 42 92
51 90 51 100
59 90 62 92
63 90 64 95
67 90 68 94
88 90 88 101
91 90 94 92
108 90 108 101
121 90 121 100
127 90 127 101
131 90 132 95
155 90 155 101
159 90 159 101
172 90 172 100
181 90 182 94
5 91 6 96
8 91 8 102
9 91 10 95
26 91 26 102
38 91 38 102
47 91 50 93
58 91 58 102
84 91 86 94
104 91 107 93
114 91 114 102
115 91 115 102
150 91 153 93
177 91 177 102
191 91 191 102
192 91 193 96
194 91 194 102
0 92 3 94
14 92 15 97
27 92 28 97
32 92 32 103
66 92 66 103
74 92 74 103
81 92 81 103
89 92 89 102
119 92 119 103
124 92 124 103
126 92 126 103
134 92 134 103
135 92 135 103
136 92 136 103
139 92 142 94
143 92 145 95
158 92 158 103
166 92 168 95
169 92 171 95
173 92 173 102
29 93 30 98
37 93 37 103
39 93 42 95
59 93 59 104
61 93 62 98
71 93 71 103
73 93 73 104
75 93 75 104
77 93 79 96
80 93 80 104
87 93 87 104
91 93 92 98
93 93 93 104
96 93 96 104
116 93 118 96
129 93 129 104
137 93 138 98
147 93 147 104
161 93 161 104
12 94 13 99
16 94 16 104
17 94 17 104
23 94 23 105
31 94 31 105
47 94 50 96
90 94 90 105
97 94 98 99
104 94 105 99
106 94 107 99
109 94 110 99
150 94 153 96
156 94 156 105
0 95 3 97
20 95 20 106
24 95 25 100
45 95 45 106
68 95 68 106
84 95 86 98
120 95 120 106
123 95 123 106
139 95 142 97
160 95 160 106
181 95 181 106
182 95 182 106
184 95 186 98
198 95 198 106
9 96 11 99
18 96 18 107
21 96 22 101
35 96 36 100
39 96 42 98
44 96 44 107
56 96 56 107
63 96 64 101
67 96 67 107
70 96 70 107
94 96 94 107
112 96 113 101
131 96 132 101
143 96 143 107
145 96 146 101
162 96 162 106
165 96 167 99
168 96 171 98
176 96 176 107
187 96 187 106
4 97 7 99
33 97 33 108
47 97 50 99
52 97 52 108
77 97 79 100
99 97 99 108
116 97 118 100
148 97 153 98
192 97 192 108
193 97 193 108
0 98 3 100
14 98 15 103
28 98 28 109
43 98 43 109
54 98 55 103
72 98 72 109
76 98 76 109
83 98 83 109
130 98 130 109
139 98 142 100
157 98 157 109
195 98 195 108
199 98 199 108
19 99 19 110
29 99 30 104
39 99 39 110
41 99 41 109
42 99 42 110
60 99 62 102
65 99 65 110
69 99 69 109
82 99 82 110
84 99 86 102
91 99 91 110
95 99 95 109
128 99 128 110
133 99 133 109
137 99 138 104
148 99 151 101
153 99 153 110
154 99 154 110
168 99 170 102
171 99 171 109
184 99 186 102
189 99 190 104
196 99 197 104
4 100 6 103
7 100 7 111
9 100 13 101
46 100 49 102
50 100 50 111
97 100 98 105
101 100 101 111
105 100 106 105
107 100 107 110
109 100 109 111
110 100 111 104
122 100 122 111
125 100 125 111
164 100 164 111
165 100 165 111
166 100 166 111
167 100 167 111
179 100 179 110
183 100 183 110
188 100 188 111
0 101 3 103
24 101 25 106
35 101 35 112
51 101 51 112
77 101 79 104
103 101 104 106
116 101 118 104
121 101 121 112
139 101 142 103
152 101 152 112
163 101 163 112
172 101 172 112
174 101 175 105
180 101 180 112
9 102 9 113
10 102 10 113
12 102 12 113
13 102 13 113
22 102 22 113
27 102 27 113
57 102 57 113
63 102 63 112
88 102 88 112
92 102 92 112
108 102 108 113
112 102 112 113
127 102 127 113
131 102 132 107
144 102 146 105
148 102 151 104
155 102 155 113
159 102 159 113
8 103 8 114
21 103 21 113
26 103 26 114
38 103 38 113
46 103 49 105
58 103 58 114
60 103 62 106
84 103 86 106
89 103 89 114
113 103 115 106
168 103 170 106
177 103 177 114
184 103 185 108
191 103 191 114
194 103 194 113
0 104 3 106
4 104 4 115
5 104 6 109
14 104 15 109
32 104 32 115
37 104 37 115
53 104 55 107
66 104 66 115
71 104 71 115
74 104 74 115
81 104 81 115
119 104 119 115
124 104 124 115
126 104 126 115
134 104 136 107
139 104 142 106
158 104 158 115
186 104 186 115
16 105 17 110
29 105 30 110
34 105 34 115
59 105 59 116
64 105 64 115
73 105 73 116
77 105 80 107
87 105 87 116
96 105 96 116
102 105 102 116
110 105 110 115
111 105 111 116
116 105 117 110
118 105 118 116
129 105 129 116
137 105 138 110
147 105 150 107
151 105 151 116
161 105 161 115
189 105 190 110
196 105 197 110
31 106 31 117
36 106 36 117
47 106 48 111
49 106 49 117
90 106 90 117
97 106 98 111
105 106 106 111
144 106 146 109
156 106 156 117
174 106 174 117
175 106 175 117
178 106 178 116
0 107 2 110
3 107 3 118
20 107 20 117
23 107 25 110
45 107 46 112
60 107 62 110
68 107 68 118
84 107 85 112
86 107 86 118
93 107 93 118
103 107 104 112
114 107 115 112
123 107 123 118
139 107 142 109
160 107 160 118
162 107 162 118
168 107 170 110
181 107 182 112
187 107 187 117
11 108 11 119
44 108 44 119
53 108 53 119
55 108 56 113
67 108 67 119
70 108 70 119
75 108 75 119
77 108 80 110
94 108 94 119
113 108 113 119
131 108 132 113
134 108 134 119
135 108 135 119
143 108 143 119
147 108 150 110
176 108 176 119
18 109 18 120
136 109 136 120
184 109 185 114
192 109 193 114
195 109 195 120
198 109 199 114
5 110 6 115
14 110 15 115
28 110 28 120
40 110 41 115
72 110 72 121
76 110 76 121
83 110 83 121
95 110 95 121
130 110 130 121
133 110 133 121
139 110 142 112
144 110 146 113
157 110 157 121
171 110 171 121
0 111 2 114
16 111 16 122
24 111 24 121
25 111 25 122
29 111 29 122
30 111 30 121
39 111 39 122
42 111 42 122
54 111 54 122
60 111 62 114
65 111 65 122
77 111 79 113
82 111 82 122
91 111 91 122
100 111 100 122
107 111 107 122
116 111 117 116
128 111 128 122
138 111 138 122
147 111 150 113
153 111 154 116
168 111 170 114
179 111 179 122
183 111 183 122
189 111 189 122
190 111 190 122
196 111 197 116
33 112 33 122
47 112 47 123
50 112 50 123
52 112 52 123
99 112 99 123
101 112 101 123
105 112 106 116
120 112 120 123
164 112 167 114
188 112 188 122
7 113 7 123
19 113 19 124
35 113 35 124
45 113 46 118
51 113 51 123
63 113 63 124
88 113 88 124
103 113 104 118
114 113 114 124
115 113 115 124
121 113 121 124
122 113 122 124
139 113 142 115
152 113 152 124
163 113 163 124
172 113 173 118
180 113 181 118
182 113 182 124
9 114 10 119
12 114 13 119
21 114 23 117
27 114 27 125
38 114 38 125
55 114 56 119
57 114 57 125
69 114 69 125
78 114 80 116
92 114 92 124
97 114 97 124
112 114 112 125
127 114 127 125
132 114 132 125
144 114 146 117
147 114 150 116
155 114 155 125
194 114 194 124
0 115 2 118
8 115 8 126
26 115 26 126
48 115 48 126
58 115 58 126
61 115 61 126
89 115 89 126
98 115 98 126
108 115 108 125
164 115 167 117
168 115 170 118
177 115 177 126
184 115 185 120
191 115 192 120
193 115 193 126
198 115 199 120
4 116 6 119
14 116 15 121
17 116 17 127
34 116 34 127
37 116 37 127
40 116 40 127
41 116 41 127
64 116 64 127
71 116 71 126
74 116 74 126
81 116 81 127
119 116 119 127
124 116 124 127
131 116 131 127
139 116 142 118
158 116 159 121
161 116 161 126
186 116 186 127
59 117 60 122
73 117 73 128
78 117 79 121
102 117 102 128
106 117 106 128
109 117 111 120
116 117 116 128
117 117 118 122
125 117 125 128
129 117 129 127
147 117 147 128
148 117 148 128
149 117 149 128
151 117 151 128
153 117 154 122
178 117 178 128
21 118 22 123
31 118 32 123
36 118 36 129
49 118 49 129
66 118 66 129
77 118 77 129
80 118 80 128
90 118 90 129
105 118 105 129
126 118 126 128
144 118 146 121
164 118 167 120
174 118 175 123
187 118 187 129
196 118 197 123
0 119 3 121
43 119 43 129
45 119 46 124
68 119 68 130
84 119 84 130
85 119 87 122
93 119 93 129
96 119 96 130
104 119 104 130
123 119 123 130
139 119 142 121
150 119 150 130
156 119 156 129
160 119 160 130
162 119 162 129
168 119 170 122
172 119 173 124
180 119 181 124
4 120 6 123
9 120 12 122
13 120 13 131
44 120 44 131
53 120 53 131
55 120 56 125
67 120 67 131
70 120 70 131
75 120 75 131
94 120 94 131
113 120 113 130
134 120 134 131
143 120 143 131
176 120 176 131
18 121 18 132
109 121 111 124
164 121 167 123
184 121 185 126
191 121 192 126
199 121 199 132
0 122 3 124
14 122 15 127
24 122 24 132
72 122 72 133
76 122 76 133
78 122 78 133
79 122 79 132
83 122 83 133
95 122 95 132
103 122 103 133
130 122 130 133
133 122 133 133
137 122 137 133
139 122 142 124
145 122 145 133
146 122 146 133
159 122 159 133
171 122 171 133
198 122 198 133
9 123 12 125
16 123 16 134
23 123 23 133
25 123 25 134
29 123 29 133
30 123 30 133
33 123 33 134
39 123 39 134
42 123 42 134
54 123 54 134
59 123 60 128
65 123 65 134
82 123 82 134
85 123 85 134
86 123 86 134
87 123 87 134
91 123 91 134
100 123 100 133
107 123 107 134
117 123 118 128
128 123 128 134
138 123 138 134
153 123 154 128
157 123 157 134
168 123 168 134
169 123 170 128
188 123 190 126
195 123 195 134
4 124 7 126
20 124 22 127
31 124 32 129
47 124 47 135
50 124 52 127
99 124 99 135
101 124 101 135
120 124 120 134
136 124 136 135
144 124 144 135
158 124 158 135
164 124 167 126
174 124 175 129
183 124 183 134
196 124 196 134
197 124 197 135
0 125 3 127
19 125 19 135
35 125 35 136
45 125 46 130
62 125 63 130
88 125 88 136
97 125 97 135
109 125 109 136
110 125 110 136
111 125 111 136
114 125 115 130
121 125 122 130
139 125 142 127
152 125 152 136
172 125 173 130
180 125 181 130
194 125 194 136
9 126 12 128
27 126 27 137
38 126 38 137
55 126 55 137
56 126 56 137
57 126 57 136
69 126 69 137
92 126 92 136
112 126 112 136
127 126 127 137
132 126 132 137
163 126 163 137
4 127 6 130
7 127 8 132
26 127 26 138
48 127 48 138
58 127 58 137
61 127 61 138
71 127 71 138
74 127 74 138
98 127 98 138
161 127 161 138
165 127 165 138
166 127 167 132
177 127 177 138
184 127 185 132
188 127 191 129
192 127 192 138
193 127 193 138
0 128 3 130
14 128 15 133
17 128 17 139
20 128 22 131
34 128 34 139
37 128 37 139
40 128 41 133
50 128 52 131
64 128 64 139
81 128 81 138
124 128 124 139
139 128 142 130
155 128 155 139
179 128 179 139
186 128 186 139
9 129 10 134
11 129 11 140
12 129 12 140
59 129 59 139
73 129 73 140
80 129 80 140
102 129 102 140
106 129 106 140
116 129 119 131
125 129 125 140
131 129 131 140
147 129 147 140
151 129 151 140
153 129 154 134
169 129 170 134
178 129 178 139
182 129 182 140
31 130 32 135
36 130 36 141
43 130 43 141
49 130 49 141
60 130 60 140
66 130 66 141
77 130 77 141
89 130 90 135
93 130 93 141
105 130 105 141
126 130 126 140
156 130 156 141
175 130 175 141
187 130 190 132
191 130 191 141
0 131 0 142
1 131 6 132
45 131 46 136
62 131 63 136
84 131 84 142
104 131 104 142
113 131 115 134
121 131 123 134
139 131 142 133
149 131 150 136
160 131 160 141
172 131 174 134
180 131 181 136
13 132 13 143
20 132 22 134
44 132 44 143
50 132 53 134
67 132 68 137
70 132 70 143
75 132 75 143
94 132 94 143
96 132 96 142
116 132 119 134
134 132 135 137
143 132 143 142
162 132 162 143
164 132 164 142
176 132 176 143
1 133 4 135
5 133 8 135
18 133 18 144
24 133 24 143
79 133 79 144
95 133 95 144
148 133 148 143
166 133 166 144
167 133 167 144
184 133 184 144
187 133 190 135
14 134 15 139
23 134 23 145
29 134 29 145
30 134 30 144
40 134 41 139
72 134 72 144
76 134 76 145
78 134 78 145
83 134 83 145
100 134 100 144
103 134 103 145
108 134 108 145
129 134 130 139
133 134 133 145
137 134 137 145
139 134 142 136
145 134 146 139
159 134 159 145
171 134 171 145
185 134 185 144
198 134 198 145
199 134 199 145
9 135 9 146
10 135 10 146
16 135 16 146
20 135 21 139
22 135 22 146
28 135 28 145
33 135 33 146
39 135 39 146
42 135 42 146
50 135 53 137
54 135 54 145
65 135 65 146
82 135 82 146
85 135 87 138
91 135 91 146
113 135 116 137
117 135 120 137
121 135 121 146
122 135 122 145
128 135 128 146
138 135 138 146
154 135 154 146
157 135 157 146
168 135 170 138
172 135 174 138
195 135 196 140
1 136 2 141
3 136 5 139
6 136 8 138
19 136 19 147
25 136 25 147
31 136 32 141
47 136 47 147
89 136 90 141
97 136 97 147
99 136 99 146
101 136 101 147
136 136 136 147
144 136 144 147
158 136 158 147
183 136 183 147
187 136 190 138
197 136 197 147
35 137 35 148
45 137 45 148
46 137 46 148
62 137 63 142
88 137 88 147
109 137 112 139
123 137 123 148
139 137 142 139
149 137 149 148
150 137 150 147
152 137 153 142
180 137 181 142
194 137 194 148
27 138 27 149
38 138 38 149
50 138 53 140
55 138 57 141
67 138 69 141
113 138 116 140
117 138 120 140
127 138 127 149
134 138 135 143
163 138 163 149
7 139 8 144
26 139 26 150
61 139 61 150
71 139 71 150
74 139 74 150
85 139 87 142
98 139 98 150
107 139 107 149
132 139 132 150
161 139 161 150
165 139 165 149
170 139 170 150
172 139 174 142
177 139 177 150
187 139 188 144
189 139 190 144
192 139 193 144
3 140 3 151
4 140 4 151
5 140 5 150
14 140 15 145
20 140 20 151
21 140 21 151
34 140 34 151
37 140 37 151
40 140 41 145
48 140 48 151
59 140 59 150
64 140 64 151
109 140 112 142
124 140 124 151
129 140 130 145
139 140 142 142
145 140 146 145
179 140 179 151
186 140 186 151
11 141 12 146
50 141 53 143
60 141 60 152
73 141 73 152
80 141 81 146
102 141 102 152
114 141 117 143
118 141 119 146
120 141 120 152
125 141 126 146
131 141 131 152
147 141 147 152
151 141 151 152
169 141 169 152
195 141 196 146
1 142 2 147
6 142 6 152
31 142 32 147
36 142 36 153
43 142 43 153
49 142 49 153
55 142 58 144
66 142 69 144
89 142 89 153
92 142 92 153
93 142 93 153
105 142 106 147
113 142 113 153
155 142 156 147
160 142 160 153
175 142 175 152
191 142 191 153
0 143 0 154
62 143 62 154
63 143 63 154
84 143 85 148
86 143 86 154
96 143 96 154
104 143 104 154
109 143 111 146
112 143 112 154
139 143 142 145
143 143 143 154
152 143 153 148
164 143 164 154
168 143 168 153
172 143 172 154
173 143 174 148
180 143 182 146
24 144 24 155
44 144 44 155
51 144 52 149
53 144 53 155
70 144 70 155
94 144 94 155
114 144 117 146
134 144 135 149
148 144 148 155
162 144 162 155
176 144 176 155
7 145 8 150
17 145 17 155
18 145 18 156
30 145 30 156
55 145 58 147
66 145 69 147
79 145 79 155
87 145 87 156
95 145 95 156
100 145 100 156
166 145 167 149
185 145 185 156
187 145 190 147
192 145 192 156
193 145 193 155
13 146 14 151
15 146 15 156
23 146 23 157
29 146 29 157
40 146 41 151
50 146 50 157
54 146 54 157
75 146 76 151
103 146 103 157
108 146 108 156
122 146 122 157
130 146 130 157
133 146 133 156
137 146 137 157
139 146 142 148
145 146 146 151
171 146 171 157
178 146 178 156
199 146 199 156
9 147 12 149
16 147 16 158
22 147 22 158
33 147 33 158
39 147 39 158
42 147 42 158
65 147 65 158
80 147 81 152
82 147 82 158
83 147 83 157
90 147 91 152
99 147 99 158
109 147 111 150
114 147 115 152
116 147 117 152
118 147 118 158
119 147 119 158
125 147 125 157
126 147 126 158
128 147 129 152
154 147 154 158
157 147 157 158
180 147 182 150
195 147 196 152
198 147 198 158
1 148 1 159
19 148 19 159
31 148 32 153
47 148 47 159
55 148 58 150
66 148 69 150
88 148 88 159
97 148 97 159
105 148 106 153
121 148 121 159
136 148 136 158
144 148 144 159
150 148 150 158
155 148 156 153
158 148 159 153
183 148 183 159
187 148 189 151
197 148 197 159
28 149 28 160
35 149 35 160
45 149 46 154
84 149 84 160
85 149 85 160
123 149 123 160
138 149 141 151
142 149 142 160
149 149 149 160
152 149 153 154
173 149 174 153
184 149 184 159
190 149 190 160
194 149 194 160
2 150 2 160
9 150 12 152
27 150 27 161
38 150 38 161
52 150 52 161
77 150 77 161
107 150 107 161
127 150 127 161
134 150 134 161
135 150 135 161
163 150 163 161
165 150 167 153
5 151 5 161
7 151 7 162
8 151 8 162
25 151 26 156
55 151 58 153
59 151 59 162
61 151 61 162
66 151 69 153
71 151 71 162
72 151 72 162
74 151 74 161
78 151 78 162
98 151 98 162
109 151 111 154
132 151 132 162
161 151 161 162
170 151 170 162
177 151 177 162
182 151 182 161
3 152 4 157
13 152 14 157
20 152 20 163
21 152 21 163
34 152 34 163
40 152 41 157
48 152 48 163
124 152 124 163
138 152 140 155
141 152 141 163
145 152 146 157
179 152 179 163
181 152 181 162
186 152 189 154
6 153 6 163
9 153 12 155
51 153 51 164
60 153 60 164
76 153 76 164
80 153 80 164
90 153 91 158
101 153 102 158
114 153 117 155
128 153 129 158
131 153 131 164
147 153 147 164
151 153 151 164
169 153 169 164
175 153 175 164
180 153 180 163
195 153 196 157
31 154 31 165
32 154 32 165
36 154 36 165
43 154 43 165
49 154 49 165
55 154 58 156
66 154 69 156
89 154 89 165
92 154 93 159
105 154 106 159
113 154 113 165
155 154 156 159
158 154 160 157
165 154 168 156
174 154 174 165
191 154 191 165
0 155 0 165
37 155 37 166
45 155 46 160
62 155 64 158
75 155 75 166
86 155 86 166
96 155 96 166
104 155 104 166
109 155 111 158
112 155 112 166
143 155 143 166
153 155 153 166
164 155 164 166
172 155 173 160
186 155 189 157
9 156 12 158
17 156 17 167
24 156 24 167
44 156 44 166
79 156 79 167
94 156 94 167
114 156 115 161
116 156 116 167
117 156 117 166
138 156 139 161
140 156 140 167
162 156 162 167
176 156 176 166
193 156 193 167
15 157 15 168
25 157 26 162
30 157 30 168
53 157 53 168
55 157 58 159
66 157 67 162
68 157 70 160
87 157 87 168
100 157 100 168
108 157 108 168
133 157 133 168
148 157 148 168
152 157 152 168
165 157 168 159
178 157 178 168
185 157 185 168
192 157 192 168
199 157 199 168
3 158 4 163
13 158 13 169
23 158 23 169
29 158 29 168
40 158 41 163
50 158 50 169
54 158 54 169
81 158 81 169
95 158 95 169
103 158 103 169
122 158 122 169
125 158 125 168
130 158 130 169
137 158 137 169
145 158 146 163
159 158 159 168
160 158 160 169
171 158 171 169
186 158 186 168
187 158 188 163
189 158 189 169
9 159 11 162
12 159 12 170
16 159 16 170
22 159 22 170
33 159 33 170
39 159 39 170
42 159 42 170
62 159 65 161
90 159 91 164
99 159 99 170
101 159 102 164
109 159 110 164
118 159 118 170
119 159 119 170
126 159 126 170
128 159 128 170
129 159 129 170
136 159 136 170
154 159 154 170
157 159 158 164
195 159 195 169
198 159 198 170
1 160 1 171
18 160 18 170
19 160 19 171
47 160 47 171
55 160 58 162
88 160 88 171
92 160 93 165
97 160 97 171
144 160 144 170
155 160 155 171
165 160 168 162
183 160 184 165
197 160 197 171
2 161 2 172
28 161 28 172
35 161 35 172
45 161 45 172
68 161 70 164
82 161 85 163
105 161 106 166
142 161 142 172
149 161 149 172
156 161 156 171
172 161 173 166
190 161 190 172
194 161 194 171
5 162 5 173
14 162 14 173
27 162 27 173
52 162 52 173
62 162 65 164
73 162 74 167
77 162 77 173
114 162 115 167
123 162 123 173
127 162 127 173
134 162 135 167
138 162 139 167
163 162 163 173
182 162 182 173
7 163 10 165
11 163 11 173
25 163 26 168
46 163 46 174
55 163 58 165
59 163 59 174
61 163 61 174
66 163 66 174
71 163 72 168
78 163 78 174
98 163 98 174
111 163 111 173
165 163 168 165
170 163 170 174
177 163 177 174
181 163 181 173
196 163 196 173
3 164 4 169
6 164 6 175
20 164 21 169
34 164 34 175
40 164 41 169
48 164 48 175
82 164 85 166
124 164 124 175
141 164 141 175
145 164 146 169
179 164 180 169
187 164 188 169
51 165 51 176
62 165 65 167
67 165 68 170
69 165 70 170
80 165 80 176
90 165 91 170
101 165 102 170
109 165 110 170
121 165 121 175
147 165 147 176
151 165 151 176
157 165 158 170
161 165 161 176
169 165 169 176
175 165 175 176
0 166 0 177
7 166 9 169
10 166 10 177
31 166 32 171
36 166 36 176
43 166 43 176
49 166 49 177
55 166 58 168
60 166 60 177
89 166 89 177
92 166 93 171
107 166 107 177
113 166 113 177
120 166 120 176
165 166 168 168
174 166 174 177
183 166 184 171
191 166 191 177
37 167 37 178
44 167 44 178
75 167 76 172
82 167 85 169
96 167 96 178
112 167 112 178
117 167 117 178
131 167 131 178
143 167 143 178
164 167 164 178
172 167 173 172
176 167 176 178
17 168 17 179
62 168 65 169
73 168 74 173
94 168 94 178
105 168 105 178
114 168 114 179
115 168 115 179
135 168 135 179
138 168 138 178
139 168 140 173
153 168 153 178
193 168 193 179
15 169 15 180
24 169 26 172
29 169 30 174
38 169 38 180
53 169 53 179
55 169 58 171
71 169 72 174
79 169 79 179
86 169 87 174
100 169 100 180
108 169 108 180
132 169 134 172
148 169 148 179
152 169 152 180
159 169 159 179
165 169 168 171
178 169 178 180
185 169 186 174
192 169 192 180
199 169 199 180
3 170 4 175
7 170 9 173
20 170 21 175
23 170 23 180
40 170 41 175
50 170 50 181
54 170 54 181
65 170 65 181
81 170 83 173
84 170 85 175
95 170 95 181
103 170 104 175
122 170 122 181
137 170 137 181
145 170 146 175
150 170 150 181
160 170 160 181
171 170 171 181
179 170 179 181
180 170 180 181
187 170 187 181
188 170 189 175
195 170 195 181
12 171 12 182
13 171 13 182
16 171 16 182
18 171 18 182
22 171 22 182
33 171 33 182
39 171 39 182
42 171 42 181
62 171 63 176
64 171 64 181
67 171 69 174
70 171 70 182
90 171 91 176
99 171 99 182
101 171 102 176
109 171 110 176
118 171 119 176
125 171 126 176
128 171 128 182
129 171 129 182
136 171 136 182
154 171 154 182
157 171 158 176
162 171 162 181
198 171 198 182
1 172 1 183
19 172 19 182
31 172 32 177
47 172 47 183
55 172 58 174
88 172 88 183
92 172 93 177
97 172 97 183
144 172 144 182
155 172 156 177
165 172 168 174
183 172 184 177
2 173 2 184
24 173 26 176
28 173 28 184
35 173 35 184
45 173 45 184
75 173 76 178
106 173 106 183
132 173 134 176
172 173 173 178
190 173 190 184
194 173 194 184
5 174 5 185
7 174 9 177
11 174 11 185
14 174 14 184
27 174 27 185
73 174 74 179
77 174 77 185
81 174 83 177
111 174 111 185
123 174 123 185
127 174 127 185
139 174 140 179
163 174 163 184
182 174 182 185
196 174 197 179
29 175 30 180
55 175 58 177
59 175 59 186
66 175 69 177
71 175 72 180
78 175 78 186
86 175 87 180
98 175 98 186
116 175 116 186
142 175 142 186
165 175 168 177
177 175 177 186
181 175 181 186
185 175 186 180
3 176 4 181
6 176 6 187
20 176 20 186
21 176 21 187
34 176 34 187
40 176 41 181
46 176 46 186
48 176 48 187
84 176 85 181
103 176 104 181
121 176 121 187
124 176 124 187
141 176 141 187
146 176 146 187
149 176 149 186
188 176 188 187
189 176 189 187
24 177 26 180
36 177 36 188
43 177 43 188
51 177 51 188
62 177 62 188
80 177 80 188
90 177 91 182
101 177 102 182
109 177 109 188
110 177 110 188
118 177 118 188
119 177 120 182
125 177 126 182
130 177 130 187
132 177 134 180
145 177 145 188
147 177 147 188
151 177 151 188
157 177 158 182
161 177 161 188
169 177 170 182
0 178 0 188
7 178 9 181
10 178 10 189
32 178 32 189
49 178 49 189
55 178 58 180
60 178 61 183
66 178 69 180
81 178 81 189
82 178 82 189
83 178 83 189
89 178 89 189
92 178 93 183
107 178 107 189
113 178 113 189
155 178 156 183
165 178 167 181
168 178 168 189
174 178 174 189
183 178 184 183
44 179 44 190
75 179 75 190
94 179 94 190
105 179 105 190
112 179 112 189
117 179 117 189
138 179 138 190
143 179 143 190
153 179 153 190
164 179 164 190
172 179 172 190
175 179 176 184
17 180 17 191
52 180 53 185
73 180 74 185
79 180 79 191
96 180 96 190
114 180 115 185
131 180 131 191
135 180 135 190
139 180 140 185
148 180 148 191
197 180 197 191
15 181 15 191
23 181 26 183
29 181 31 184
37 181 38 186
55 181 58 183
66 181 69 183
71 181 71 191
72 181 72 192
86 181 87 186
100 181 100 192
108 181 108 192
132 181 133 186
152 181 152 192
178 181 178 192
185 181 186 186
191 181 193 184
3 182 4 187
7 182 9 185
40 182 41 187
42 182 42 193
50 182 50 193
54 182 54 192
63 182 65 185
76 182 76 193
84 182 85 187
104 182 104 193
122 182 122 193
137 182 137 193
150 182 150 193
160 182 160 193
162 182 162 193
165 182 167 185
171 182 171 193
179 182 180 187
195 182 196 187
12 183 13 188
16 183 16 194
18 183 18 193
19 183 19 194
22 183 22 194
33 183 33 194
39 183 39 194
70 183 70 194
90 183 90 194
101 183 103 186
119 183 119 194
120 183 120 194
125 183 125 194
126 183 126 194
128 183 128 194
136 183 136 194
144 183 144 194
157 183 158 188
169 183 169 194
170 183 170 193
198 183 199 188
23 184 26 186
47 184 47 195
55 184 58 186
60 184 61 189
66 184 68 187
69 184 69 195
88 184 88 195
92 184 92 195
93 184 93 195
97 184 97 195
106 184 106 195
129 184 129 195
134 184 134 195
154 184 156 187
183 184 183 194
184 184 184 195
1 185 2 190
14 185 14 196
28 185 31 187
35 185 35 196
45 185 45 196
163 185 163 196
175 185 176 190
190 185 193 187
5 186 5 197
7 186 9 189
11 186 11 197
27 186 27 197
53 186 53 197
63 186 65 189
73 186 74 191
111 186 111 197
114 186 115 191
123 186 123 197
127 186 127 197
139 186 140 191
165 186 166 191
167 186 167 196
173 186 173 197
182 186 182 197
20 187 20 198
23 187 26 189
37 187 38 192
46 187 46 197
55 187 58 189
59 187 59 198
77 187 78 191
86 187 87 192
91 187 91 198
95 187 95 198
98 187 98 198
101 187 103 190
116 187 116 198
132 187 133 192
142 187 142 198
149 187 149 198
177 187 177 198
181 187 181 198
185 187 187 190
194 187 194 198
3 188 4 193
6 188 6 199
21 188 21 199
28 188 31 190
34 188 34 199
40 188 41 193
48 188 48 199
66 188 68 191
84 188 85 193
121 188 121 199
130 188 130 199
146 188 146 199
154 188 156 191
179 188 180 193
188 188 191 190
192 188 193 193
195 188 196 193
0 189 0 200
12 189 13 194
36 189 36 200
43 189 43 200
51 189 51 200
52 189 52 200
62 189 62 200
109 189 110 194
118 189 118 200
141 189 141 200
145 189 145 200
147 189 147 199
151 189 151 199
157 189 159 192
161 189 161 200
198 189 198 200
199 189 199 200
7 190 10 192
23 190 26 192
32 190 32 201
49 190 49 201
55 190 58 192
60 190 61 195
63 190 65 193
80 190 83 192
89 190 89 201
112 190 112 201
117 190 117 201
168 190 168 201
174 190 174 201
28 191 31 193
44 191 44 202
75 191 75 202
94 191 94 202
101 191 103 194
135 191 135 201
153 191 153 202
164 191 164 202
172 191 172 202
175 191 176 196
185 191 188 193
189 191 190 196
15 192 15 202
66 192 68 195
71 192 71 203
73 192 74 197
77 192 77 203
78 192 78 203
107 192 107 202
114 192 114 203
124 192 124 202
131 192 131 203
139 192 140 197
143 192 143 203
148 192 148 202
154 192 156 195
165 192 166 197
197 192 197 203
7 193 10 195
23 193 26 195
37 193 38 198
54 193 56 196
57 193 58 198
72 193 72 204
79 193 83 194
86 193 87 198
100 193 100 204
108 193 108 204
132 193 133 198
152 193 152 204
157 193 159 196
178 193 178 204
191 193 191 204
2 194 4 197
18 194 18 205
28 194 31 196
40 194 42 197
50 194 50 205
63 194 65 197
76 194 76 205
84 194 85 198
104 194 105 199
122 194 122 205
137 194 137 205
150 194 150 205
162 194 162 205
170 194 171 199
179 194 179 205
185 194 188 196
192 194 193 199
195 194 196 199
12 195 12 206
13 195 13 206
16 195 17 200
19 195 19 206
22 195 22 206
39 195 39 206
70 195 70 206
80 195 80 206
82 195 83 200
90 195 90 206
99 195 99 206
101 195 103 198
109 195 110 199
119 195 120 200
126 195 126 206
128 195 128 205
136 195 136 206
160 195 160 206
169 195 169 206
183 195 183 206
7 196 10 198
23 196 25 199
47 196 47 207
60 196 61 201
66 196 69 198
88 196 88 206
92 196 93 201
96 196 97 201
106 196 106 207
113 196 113 207
125 196 125 206
129 196 129 207
134 196 134 206
144 196 144 207
154 196 156 199
184 196 184 207
26 197 26 208
28 197 31 199
35 197 35 208
45 197 45 208
54 197 56 200
79 197 79 207
157 197 159 200
163 197 163 208
167 197 167 207
175 197 175 207
185 197 188 199
189 197 190 202
1 198 2 203
3 198 5 201
11 198 11 209
14 198 14 209
27 198 27 209
40 198 40 209
41 198 41 208
42 198 42 209
46 198 46 209
53 198 53 209
63 198 65 201
73 198 74 203
81 198 81 208
111 198 111 209
123 198 123 209
127 198 127 209
138 198 140 201
165 198 166 203
7 199 10 201
20 199 20 210
37 199 38 204
57 199 59 202
66 199 67 204
68 199 69 204
85 199 87 202
91 199 91 210
95 199 95 210
101 199 103 202
115 199 116 204
132 199 132 210
142 199 142 210
149 199 149 210
176 199 177 204
180 199 182 202
6 200 6 211
21 200 21 211
23 200 25 203
28 200 31 202
33 200 34 205
48 200 48 210
104 200 105 205
109 200 110 204
130 200 130 211
146 200 147 205
151 200 151 211
154 200 156 203
170 200 171 205
185 200 188 202
192 200 194 203
195 200 196 205
0 201 0 211
16 201 17 206
36 201 36 212
43 201 43 212
51 201 52 206
54 201 55 206
62 201 62 212
82 201 84 204
118 201 121 203
141 201 141 212
145 201 145 212
157 201 157 212
158 201 159 206
198 201 199 206
3 202 5 205
7 202 10 204
32 202 32 213
49 202 49 213
60 202 61 207
63 202 64 207
92 202 93 207
96 202 97 207
112 202 112 212
117 202 117 213
138 202 140 205
161 202 161 213
168 202 168 213
173 202 174 207
15 203 15 214
28 203 31 205
44 203 44 214
56 203 59 205
65 203 65 213
75 203 75 213
85 203 87 206
94 203 94 214
101 203 101 214
102 203 103 208
107 203 107 213
133 203 133 214
135 203 135 214
148 203 148 213
153 203 153 214
164 203 164 214
172 203 172 214
180 203 182 206
185 203 188 205
189 203 190 208
1 204 2 209
23 204 25 207
73 204 74 209
77 204 78 209
98 204 98 215
114 204 114 215
118 204 121 206
131 204 131 215
143 204 143 215
154 204 156 207
165 204 166 209
192 204 194 207
197 204 197 215
7 205 10 207
37 205 38 210
66 205 69 207
71 205 72 210
82 205 84 208
108 205 110 208
115 205 116 210
152 205 152 216
176 205 178 208
191 205 191 215
3 206 5 209
28 206 31 208
34 206 34 217
50 206 50 216
56 206 59 208
76 206 76 216
104 206 104 216
105 206 105 217
124 206 124 216
128 206 128 217
137 206 140 208
146 206 147 211
150 206 150 217
162 206 162 217
170 206 171 211
179 206 179 217
185 206 188 208
195 206 196 211
12 207 13 212
16 207 17 212
18 207 18 217
19 207 19 218
22 207 22 218
51 207 52 212
54 207 55 212
70 207 70 218
80 207 80 218
85 207 87 210
88 207 89 212
99 207 100 212
118 207 120 210
121 207 121 218
125 207 126 212
134 207 134 218
136 207 136 218
158 207 160 210
169 207 169 218
180 207 182 210
183 207 183 218
198 207 198 218
199 207 199 218
7 208 10 210
23 208 25 211
33 208 33 219
47 208 47 219
60 208 61 213
63 208 64 213
66 208 69 210
79 208 79 219
92 208 93 213
96 208 97 213
113 208 113 219
122 208 122 218
129 208 129 219
154 208 154 219
155 208 156 213
167 208 167 219
173 208 175 211
184 208 184 219
192 208 194 211
28 209 31 211
35 209 35 220
39 209 39 219
45 209 45 219
56 209 57 214
58 209 59 214
81 209 84 211
90 209 90 219
102 209 103 214
108 209 110 212
137 209 140 211
163 209 163 220
176 209 178 212
185 209 188 211
190 209 190 220
1 210 4 212
5 210 5 221
11 210 11 221
26 210 27 215
40 210 42 213
46 210 46 220
53 210 53 221
73 210 74 215
127 210 127 221
165 210 166 215
189 210 189 221
7 211 10 213
20 211 20 222
37 211 38 216
48 211 48 222
66 211 69 213
71 211 72 216
85 211 87 214
91 211 91 221
95 211 95 221
115 211 115 222
116 211 116 222
118 211 120 214
132 211 132 222
142 211 142 221
149 211 149 222
158 211 160 214
180 211 180 221
181 211 181 221
0 212 0 223
6 212 6 223
14 212 14 223
23 212 25 215
28 212 31 214
81 212 84 214
106 212 106 223
130 212 130 223
137 212 140 214
146 212 146 223
151 212 151 222
170 212 171 217
173 212 175 215
185 212 188 214
192 212 195 214
196 212 196 223
1 213 4 215
12 213 13 218
16 213 17 218
21 213 21 223
36 213 36 224
51 213 52 218
54 213 55 218
62 213 62 224
88 213 89 218
108 213 110 216
112 213 112 224
125 213 126 218
141 213 141 224
157 213 157 224
176 213 178 216
7 214 10 216
32 214 32 225
40 214 43 216
49 214 49 225
60 214 61 219
63 214 66 216
67 214 67 225
68 214 69 219
75 214 75 225
78 214 78 225
93 214 93 225
96 214 97 219
107 214 107 225
111 214 111 224
117 214 117 225
145 214 145 224
147 214 148 219
155 214 155 225
168 214 168 225
182 214 182 224
15 215 15 226
28 215 30 218
31 215 31 226
44 215 44 226
56 215 57 220
58 215 59 220
81 215 84 217
85 215 86 220
94 215 94 225
99 215 102 217
103 215 103 226
118 215 120 218
133 215 133 225
135 215 135 226
137 215 138 220
139 215 140 219
153 215 153 226
158 215 161 217
164 215 164 226
172 215 172 226
185 215 188 217
192 215 195 217
1 216 4 218
23 216 26 218
27 216 27 227
73 216 73 227
77 216 77 227
98 216 98 226
114 216 114 227
131 216 131 227
143 216 144 221
165 216 166 221
173 216 175 219
191 216 191 227
197 216 197 227
7 217 10 219
37 217 38 221
40 217 42 220
50 217 50 228
63 217 66 219
72 217 72 228
76 217 76 227
87 217 87 228
104 217 104 228
108 217 110 220
123 217 123 228
156 217 156 228
176 217 178 220
18 218 18 229
43 218 43 229
81 218 84 220
99 218 102 220
128 218 128 229
150 218 150 229
158 218 161 220
162 218 162 229
170 218 171 223
179 218 179 229
185 218 188 220
192 218 194 221
195 218 195 229
1 219 4 221
12 219 13 224
16 219 17 224
22 219 25 221
26 219 26 230
28 219 30 222
51 219 52 224
54 219 55 224
70 219 71 224
80 219 80 230
88 219 88 230
89 219 89 230
118 219 121 221
122 219 122 230
124 219 126 222
134 219 134 230
136 219 136 230
169 219 169 230
183 219 183 230
198 219 199 224
7 220 9 223
10 220 10 231
33 220 34 225
39 220 39 231
45 220 45 231
47 220 47 231
60 220 61 225
63 220 65 223
66 220 66 231
68 220 69 225
79 220 79 231
96 220 97 225
113 220 113 231
129 220 129 231
140 220 140 231
147 220 148 225
167 220 167 230
173 220 175 223
184 220 184 231
35 221 35 232
40 221 42 224
46 221 46 232
56 221 59 223
81 221 84 223
85 221 85 232
86 221 86 232
100 221 100 232
101 221 102 226
108 221 110 224
137 221 139 224
158 221 160 224
161 221 161 232
163 221 163 232
176 221 178 224
185 221 187 224
188 221 188 232
190 221 190 232
1 222 4 224
5 222 5 233
11 222 11 233
22 222 25 224
38 222 38 232
53 222 53 233
91 222 91 233
95 222 95 233
118 222 121 224
127 222 127 233
142 222 142 233
143 222 143 233
144 222 144 233
165 222 166 227
180 222 181 227
189 222 189 233
192 222 193 227
194 222 194 233
19 223 20 228
28 223 30 226
37 223 37 234
48 223 48 234
115 223 116 228
124 223 126 226
132 223 132 234
149 223 149 234
151 223 152 228
0 224 0 235
6 224 9 226
14 224 14 235
21 224 21 235
56 224 58 227
63 224 63 235
64 224 65 228
81 224 84 226
105 224 106 229
146 224 146 235
154 224 154 234
171 224 171 235
174 224 174 235
175 224 175 235
196 224 196 235
1 225 4 227
12 225 12 236
13 225 13 236
22 225 25 227
36 225 36 236
40 225 41 230
42 225 42 236
51 225 51 236
54 225 55 230
62 225 62 236
70 225 71 230
74 225 74 236
99 225 99 235
108 225 111 227
112 225 112 236
118 225 121 227
137 225 137 236
138 225 138 235
141 225 141 235
145 225 145 236
157 225 160 227
170 225 170 235
176 225 176 236
177 225 178 230
185 225 187 228
198 225 199 230
32 226 34 229
49 226 49 237
59 226 61 229
68 226 69 231
75 226 75 237
78 226 78 237
90 226 90 237
93 226 94 230
96 226 97 231
107 226 107 237
117 226 117 237
130 226 130 237
133 226 133 237
139 226 139 237
147 226 148 231
155 226 155 236
168 226 168 237
173 226 173 237
6 227 8 230
9 227 9 238
15 227 17 230
28 227 31 229
44 227 44 238
67 227 67 238
81 227 84 229
98 227 98 238
101 227 103 230
124 227 126 230
135 227 135 238
153 227 153 238
164 227 164 238
172 227 172 238
1 228 4 230
22 228 23 233
24 228 25 233
27 228 27 239
56 228 58 231
73 228 73 239
76 228 77 233
108 228 111 230
118 228 120 231
121 228 121 239
158 228 160 231
165 228 166 233
180 228 182 231
191 228 193 231
197 228 197 238
19 229 20 234
50 229 50 240
65 229 65 240
87 229 87 240
104 229 104 240
114 229 116 232
123 229 123 240
131 229 131 240
151 229 152 234
156 229 156 240
185 229 187 232
18 230 18 241
28 230 31 232
32 230 34 233
59 230 61 233
72 230 72 241
81 230 84 232
105 230 106 235
128 230 128 241
162 230 162 241
179 230 179 241
195 230 195 241
1 231 4 233
6 231 8 234
15 231 15 241
16 231 16 242
17 231 17 242
26 231 26 242
40 231 41 236
43 231 43 242
55 231 55 241
71 231 71 242
88 231 89 236
92 231 92 241
93 231 94 236
101 231 103 234
108 231 109 236
111 231 111 242
122 231 122 242
124 231 126 234
134 231 134 242
167 231 167 242
177 231 178 236
183 231 183 242
198 231 198 242
199 231 199 242
10 232 10 243
56 232 57 237
58 232 58 243
68 232 69 237
79 232 80 237
96 232 97 237
113 232 113 243
118 232 120 235
129 232 129 243
136 232 136 243
140 232 140 243
147 232 148 237
158 232 160 235
180 232 182 235
184 232 184 243
191 232 192 237
193 232 193 243
28 233 31 235
35 233 35 244
38 233 38 244
46 233 46 244
81 233 84 235
85 233 86 238
100 233 100 244
114 233 116 236
161 233 161 244
163 233 163 244
185 233 188 235
190 233 190 244
1 234 4 236
5 234 5 245
22 234 25 236
32 234 33 239
34 234 34 245
39 234 39 245
52 234 53 238
59 234 61 237
76 234 77 239
95 234 95 245
110 234 110 245
127 234 127 245
142 234 144 237
165 234 166 239
189 234 189 245
194 234 194 245
6 235 6 246
7 235 7 246
8 235 8 245
19 235 20 240
37 235 37 246
47 235 48 240
54 235 54 245
101 235 103 238
124 235 126 238
149 235 151 238
152 235 152 246
154 235 154 245
157 235 157 245
169 235 169 246
0 236 0 247
14 236 14 247
28 236 31 238
63 236 63 247
81 236 84 238
91 236 91 247
105 236 106 241
118 236 118 246
119 236 120 241
138 236 138 247
141 236 141 247
146 236 146 246
158 236 160 239
170 236 171 241
175 236 175 246
180 236 182 239
185 236 188 238
196 236 196 247
1 237 3 240
11 237 13 240
21 237 24 239
25 237 25 248
36 237 36 247
40 237 42 240
51 237 51 248
62 237 62 248
74 237 74 247
88 237 89 242
93 237 94 242
108 237 109 242
112 237 112 248
114 237 116 240
145 237 145 248
155 237 155 248
176 237 178 240
4 238 4 249
49 238 49 249
56 238 57 243
59 238 60 243
61 238 61 249
64 238 64 249
66 238 66 249
68 238 70 241
78 238 79 243
80 238 80 249
90 238 90 249
96 238 97 243
107 238 107 249
117 238 117 249
130 238 130 249
132 238 133 243
139 238 139 248
142 238 144 241
147 238 148 242
173 238 174 243
191 238 192 243
28 239 31 241
44 239 44 249
53 239 53 249
67 239 67 249
81 239 83 242
84 239 86 242
98 239 98 249
99 239 99 249
101 239 103 242
124 239 126 242
135 239 135 249
149 239 151 242
153 239 153 249
164 239 164 249
168 239 168 249
185 239 188 241
197 239 197 249
21 240 24 242
32 240 33 244
73 240 73 249
76 240 76 249
121 240 121 249
158 240 160 243
165 240 166 245
180 240 182 243
1 241 2 246
11 241 13 244
19 241 20 246
40 241 42 244
65 241 65 249
87 241 87 249
104 241 104 249
114 241 116 244
156 241 156 249
176 241 178 244
18 242 18 249
27 242 30 244
68 242 70 244
72 242 72 249
105 242 106 247
119 242 120 247
128 242 128 249
142 242 144 245
162 242 162 249
170 242 172 245
186 242 186 249
195 242 195 249
15 243 16 248
21 243 24 245
81 243 84 245
85 243 86 248
88 243 89 248
92 243 94 246
101 243 103 246
108 243 109 248
122 243 125 245
149 243 151 246
9 244 10 249
55 244 57 247
58 244 60 247
77 244 79 247
96 244 97 249
131 244 134 246
136 244 137 249
173 244 174 249
179 244 180 249
181 244 184 246
187 244 188 249
191 244 193 247
11 245 13 248
26 245 29 247
30 245 33 247
40 245 43 247
45 245 48 247
68 245 71 247
113 245 115 248
147 245 148 249
159 245 161 248
176 245 178 248
21 246 24 248
34 246 35 249
81 246 84 248
142 246 144 249
165 246 167 249
189 246 190 249
37 247 39 249
92 247 95 249
100 247 103 249
131 247 134 249
181 247 184 249
26 248 33 248
40 248 43 249
54 248 59 249
68 248 71 249
122 248 127 249
21 249 32 249
